Wed Mar 29 19:55:01 ASVM-12-3-1 super[2646]: **** S.U.P.E.R.M.A.N. 3.0b10 DOWNLOAD macOS Ventura 13.3-22E252 INSTALLER START ****

   [erase-install] v27.3 script execution started: Wed Mar 29 19:55:01 PDT 2023
   [erase-install] Caffeinating this script (pid=4403)
   [erase-install] Looking for existing installer app or pkg
   [find_existing_installer] No valid installer found.
   [erase-install] Checking if the cached installer matches requested build...
   [compare_build_versions] Comparing (1) 22E252 with (2) 
   [compare_build_versions] 22E252 > 
   [erase-install] Existing installer does not match requested build, so replacing...
   [overwrite_existing_installer] Deleting existing cached installer(s).
   [erase-install] Running on architecture arm64
   [check_installinstallmacos] installinstallmacos.py is in /Library/Management/erase-install
   [check_python] Relocatable Python is installed in /Library/Management/erase-install
   [run_installinstallmacos] Checking that selected build 22E252 is available

   [run_installinstallmacos] This command is now being run:

   installinstallmacos.py --workdir /Library/Management/erase-install --ignore-cache --raw --build 22E252
Wed Mar 29 19:55:01 ASVM-12-3-1 super[2646]: **** TIMESTAMP ****
  % Total    % Received % Xferd  Average Speed   Time    Time     Time  Current
                                 Dload  Upload   Total   Spent    Left  Speed

  0     0    0     0    0     0      0      0 --:--:-- --:--:-- --:--:--     0
100   181  100   181    0     0   1964      0 --:--:-- --:--:-- --:--:--  2056
  % Total    % Received % Xferd  Average Speed   Time    Time     Time  Current
                                 Dload  Upload   Total   Spent    Left  Speed

  0     0    0     0    0     0      0      0 --:--:-- --:--:-- --:--:--     0
 74 3411k   74 2528k    0     0  6842k      0 --:--:-- --:--:-- --:--:-- 6926k
100 3411k  100 3411k    0     0  8931k      0 --:--:-- --:--:-- --:--:-- 9024k
  % Total    % Received % Xferd  Average Speed   Time    Time     Time  Current
                                 Dload  Upload   Total   Spent    Left  Speed

  0     0    0     0    0     0      0      0 --:--:-- --:--:-- --:--:--     0
100  5254  100  5254    0     0  55670      0 --:--:-- --:--:-- --:--:-- 59033
  % Total    % Received % Xferd  Average Speed   Time    Time     Time  Current
                                 Dload  Upload   Total   Spent    Left  Speed

  0     0    0     0    0     0      0      0 --:--:-- --:--:-- --:--:--     0
  0 10.9G    0 12.6M    0     0  13.5M      0  0:13:45 --:--:--  0:13:45 13.6M
  0 10.9G    0 44.2M    0     0  23.5M      0  0:07:57  0:00:01  0:07:56 23.5M
  0 10.9G    0 93.0M    0     0  31.9M      0  0:05:51  0:00:02  0:05:49 32.0M
  1 10.9G    1  142M    0     0  36.6M      0  0:05:06  0:00:03  0:05:03 36.6M
  1 10.9G    1  194M    0     0  39.8M      0  0:04:42  0:00:04  0:04:38 39.8M
  2 10.9G    2  240M    0     0  40.9M      0  0:04:34  0:00:05  0:04:29 46.0M
  2 10.9G    2  285M    0     0  41.4M      0  0:04:31  0:00:06  0:04:25 48.1M
  3 10.9G    3  338M    0     0  42.9M      0  0:04:21  0:00:07  0:04:14 49.3M
  3 10.9G    3  389M    0     0  43.8M      0  0:04:16  0:00:08  0:04:08 49.5M
  3 10.9G    3  442M    0     0  44.7M      0  0:04:10  0:00:09  0:04:01 49.5M
  4 10.9G    4  494M    0     0  45.4M      0  0:04:07  0:00:10  0:03:57 50.6M
  4 10.9G    4  543M    0     0  45.7M      0  0:04:05  0:00:11  0:03:54 51.7M
  5 10.9G    5  572M    0     0  44.4M      0  0:04:12  0:00:12  0:04:00 46.7M
  5 10.9G    5  613M    0     0  44.1M      0  0:04:14  0:00:13  0:04:01 44.6M
  5 10.9G    5  663M    0     0  44.5M      0  0:04:11  0:00:14  0:03:57 44.2M
  6 10.9G    6  715M    0     0  45.0M      0  0:04:09  0:00:15  0:03:54 44.3M
  6 10.9G    6  766M    0     0  45.3M      0  0:04:07  0:00:16  0:03:51 44.4M
  7 10.9G    7  816M    0     0  45.6M      0  0:04:06  0:00:17  0:03:49 48.7M
  7 10.9G    7  865M    0     0  45.8M      0  0:04:05  0:00:18  0:03:47 50.3M
  8 10.9G    8  915M    0     0  46.0M      0  0:04:03  0:00:19  0:03:44 50.4M
  8 10.9G    8  964M    0     0  46.1M      0  0:04:03  0:00:20  0:03:43 49.6M
  9 10.9G    9 1012M    0     0  46.2M      0  0:04:02  0:00:21  0:03:41 49.3M
  9 10.9G    9 1052M    0     0  45.9M      0  0:04:04  0:00:22  0:03:42 47.1M
  9 10.9G    9 1102M    0     0  46.1M      0  0:04:03  0:00:23  0:03:40 47.5M
 10 10.9G   10 1154M    0     0  46.3M      0  0:04:02  0:00:24  0:03:38 47.7M
 10 10.9G   10 1203M    0     0  46.5M      0  0:04:01  0:00:25  0:03:36 47.9M
 11 10.9G   11 1256M    0     0  46.7M      0  0:04:00  0:00:26  0:03:34 48.7M
 11 10.9G   11 1307M    0     0  46.8M      0  0:03:59  0:00:27  0:03:32 51.0M
 12 10.9G   12 1358M    0     0  47.0M      0  0:03:58  0:00:28  0:03:30 51.1M
 12 10.9G   12 1408M    0     0  47.1M      0  0:03:58  0:00:29  0:03:29 50.8M
 12 10.9G   12 1457M    0     0  47.2M      0  0:03:57  0:00:30  0:03:27 50.7M
 13 10.9G   13 1506M    0     0  47.2M      0  0:03:57  0:00:31  0:03:26 50.0M
 13 10.9G   13 1554M    0     0  47.2M      0  0:03:57  0:00:32  0:03:25 49.4M
 14 10.9G   14 1608M    0     0  47.4M      0  0:03:56  0:00:33  0:03:23 49.9M
 14 10.9G   14 1660M    0     0  47.6M      0  0:03:55  0:00:34  0:03:21 50.4M
 15 10.9G   15 1711M    0     0  47.7M      0  0:03:55  0:00:35  0:03:20 50.7M
 15 10.9G   15 1764M    0     0  47.8M      0  0:03:54  0:00:36  0:03:18 51.4M
 16 10.9G   16 1815M    0     0  47.9M      0  0:03:54  0:00:37  0:03:17 52.0M
 16 10.9G   16 1864M    0     0  47.9M      0  0:03:54  0:00:38  0:03:16 51.3M
 17 10.9G   17 1914M    0     0  48.0M      0  0:03:53  0:00:39  0:03:14 50.8M
 17 10.9G   17 1954M    0     0  47.7M      0  0:03:54  0:00:40  0:03:14 48.4M
 17 10.9G   17 2004M    0     0  47.8M      0  0:03:54  0:00:41  0:03:13 48.0M
 18 10.9G   18 2055M    0     0  47.9M      0  0:03:54  0:00:42  0:03:12 48.1M
 18 10.9G   18 2107M    0     0  48.0M      0  0:03:53  0:00:43  0:03:10 48.5M
 19 10.9G   19 2157M    0     0  48.0M      0  0:03:53  0:00:44  0:03:09 48.5M
 19 10.9G   19 2210M    0     0  48.1M      0  0:03:53  0:00:45  0:03:08 51.2M
 20 10.9G   20 2262M    0     0  48.2M      0  0:03:52  0:00:46  0:03:06 51.6M
 20 10.9G   20 2313M    0     0  48.3M      0  0:03:52  0:00:47  0:03:05 51.5M
 21 10.9G   21 2366M    0     0  48.4M      0  0:03:52  0:00:48  0:03:04 51.6M
 21 10.9G   21 2418M    0     0  48.4M      0  0:03:51  0:00:49  0:03:02 52.1M
 21 10.9G   21 2469M    0     0  48.5M      0  0:03:51  0:00:50  0:03:01 51.8M
 22 10.9G   22 2518M    0     0  48.5M      0  0:03:51  0:00:51  0:03:00 51.1M
 22 10.9G   22 2570M    0     0  48.6M      0  0:03:51  0:00:52  0:02:59 51.3M
 23 10.9G   23 2621M    0     0  48.6M      0  0:03:50  0:00:53  0:02:57 51.0M
 23 10.9G   23 2672M    0     0  48.6M      0  0:03:50  0:00:54  0:02:56 50.8M
 24 10.9G   24 2723M    0     0  48.7M      0  0:03:50  0:00:55  0:02:55 50.8M
 24 10.9G   24 2774M    0     0  48.7M      0  0:03:50  0:00:56  0:02:54 51.2M
 25 10.9G   25 2825M    0     0  48.8M      0  0:03:50  0:00:57  0:02:53 50.9M
 25 10.9G   25 2877M    0     0  48.8M      0  0:03:49  0:00:58  0:02:51 51.2M
 25 10.9G   25 2915M    0     0  48.6M      0  0:03:50  0:00:59  0:02:51 48.6M
 26 10.9G   26 2965M    0     0  48.7M      0  0:03:50  0:01:00  0:02:50 48.3M
 26 10.9G   26 3015M    0     0  48.7M      0  0:03:50  0:01:01  0:02:49 48.2M
 27 10.9G   27 3051M    0     0  48.5M      0  0:03:51  0:01:02  0:02:49 45.2M
 27 10.9G   27 3101M    0     0  48.5M      0  0:03:51  0:01:03  0:02:48 44.8M
 28 10.9G   28 3151M    0     0  48.5M      0  0:03:51  0:01:04  0:02:47 47.2M
 28 10.9G   28 3203M    0     0  48.6M      0  0:03:50  0:01:05  0:02:45 47.6M
 28 10.9G   28 3253M    0     0  48.6M      0  0:03:50  0:01:06  0:02:44 47.6M
 29 10.9G   29 3306M    0     0  48.7M      0  0:03:50  0:01:07  0:02:43 51.1M
 29 10.9G   29 3356M    0     0  48.7M      0  0:03:50  0:01:08  0:02:42 50.9M
 30 10.9G   30 3396M    0     0  48.6M      0  0:03:51  0:01:09  0:02:42 48.9M
 30 10.9G   30 3447M    0     0  48.6M      0  0:03:50  0:01:10  0:02:40 48.7M
 31 10.9G   31 3498M    0     0  48.6M      0  0:03:50  0:01:11  0:02:39 48.9M
 31 10.9G   31 3547M    0     0  48.6M      0  0:03:50  0:01:12  0:02:38 48.1M
 32 10.9G   32 3598M    0     0  48.7M      0  0:03:50  0:01:13  0:02:37 48.3M
 32 10.9G   32 3650M    0     0  48.7M      0  0:03:50  0:01:14  0:02:36 50.8M
 32 10.9G   32 3701M    0     0  48.7M      0  0:03:50  0:01:15  0:02:35 50.7M
 33 10.9G   33 3752M    0     0  48.8M      0  0:03:50  0:01:16  0:02:34 50.7M
 33 10.9G   33 3801M    0     0  48.7M      0  0:03:50  0:01:17  0:02:33 50.2M
 34 10.9G   34 3843M    0     0  48.7M      0  0:03:50  0:01:18  0:02:32 48.9M
 34 10.9G   34 3893M    0     0  48.7M      0  0:03:50  0:01:19  0:02:31 48.6M
 35 10.9G   35 3944M    0     0  48.7M      0  0:03:50  0:01:20  0:02:30 48.5M
 35 10.9G   35 3988M    0     0  48.7M      0  0:03:50  0:01:21  0:02:29 47.1M
 35 10.9G   35 4034M    0     0  48.6M      0  0:03:50  0:01:22  0:02:28 47.1M
 36 10.9G   36 4080M    0     0  48.6M      0  0:03:50  0:01:23  0:02:27 47.5M
 36 10.9G   36 4132M    0     0  48.6M      0  0:03:50  0:01:24  0:02:26 47.6M
 37 10.9G   37 4184M    0     0  48.7M      0  0:03:50  0:01:25  0:02:25 48.0M
 37 10.9G   37 4233M    0     0  48.7M      0  0:03:50  0:01:26  0:02:24 49.1M
 38 10.9G   38 4272M    0     0  48.6M      0  0:03:51  0:01:27  0:02:24 47.4M
 38 10.9G   38 4319M    0     0  48.5M      0  0:03:51  0:01:28  0:02:23 47.7M
 38 10.9G   38 4366M    0     0  48.5M      0  0:03:51  0:01:29  0:02:22 46.8M
 39 10.9G   39 4419M    0     0  48.6M      0  0:03:50  0:01:30  0:02:20 46.9M
 39 10.9G   39 4469M    0     0  48.6M      0  0:03:50  0:01:31  0:02:19 47.1M
 40 10.9G   40 4521M    0     0  48.6M      0  0:03:50  0:01:32  0:02:18 49.8M
 40 10.9G   40 4570M    0     0  48.6M      0  0:03:50  0:01:33  0:02:17 50.1M
 41 10.9G   41 4618M    0     0  48.6M      0  0:03:50  0:01:34  0:02:16 50.3M
 41 10.9G   41 4669M    0     0  48.7M      0  0:03:50  0:01:35  0:02:15 50.1M
 42 10.9G   42 4721M    0     0  48.7M      0  0:03:50  0:01:36  0:02:14 50.3M
 42 10.9G   42 4770M    0     0  48.7M      0  0:03:50  0:01:37  0:02:13 49.7M
 42 10.9G   42 4808M    0     0  48.6M      0  0:03:50  0:01:38  0:02:12 47.5M
 43 10.9G   43 4859M    0     0  48.6M      0  0:03:50  0:01:39  0:02:11 48.2M
 43 10.9G   43 4909M    0     0  48.6M      0  0:03:50  0:01:40  0:02:10 47.9M
 44 10.9G   44 4960M    0     0  48.6M      0  0:03:50  0:01:41  0:02:09 47.6M
 44 10.9G   44 5010M    0     0  48.6M      0  0:03:50  0:01:42  0:02:08 47.9M
 45 10.9G   45 5061M    0     0  48.7M      0  0:03:50  0:01:43  0:02:07 50.6M
 45 10.9G   45 5113M    0     0  48.7M      0  0:03:50  0:01:44  0:02:06 50.7M
 45 10.9G   45 5165M    0     0  48.7M      0  0:03:50  0:01:45  0:02:05 51.2M
 46 10.9G   46 5212M    0     0  48.7M      0  0:03:50  0:01:46  0:02:04 50.5M
 46 10.9G   46 5265M    0     0  48.8M      0  0:03:50  0:01:47  0:02:03 51.0M
 47 10.9G   47 5305M    0     0  48.7M      0  0:03:50  0:01:48  0:02:02 48.7M
 47 10.9G   47 5357M    0     0  48.7M      0  0:03:50  0:01:49  0:02:01 48.6M
 48 10.9G   48 5403M    0     0  48.7M      0  0:03:50  0:01:50  0:02:00 47.4M
 48 10.9G   48 5452M    0     0  48.7M      0  0:03:50  0:01:51  0:01:59 48.0M
 49 10.9G   49 5503M    0     0  48.7M      0  0:03:50  0:01:52  0:01:58 47.5M
 49 10.9G   49 5552M    0     0  48.7M      0  0:03:50  0:01:53  0:01:57 49.4M
 49 10.9G   49 5604M    0     0  48.7M      0  0:03:50  0:01:54  0:01:56 49.6M
 50 10.9G   50 5653M    0     0  48.7M      0  0:03:50  0:01:55  0:01:55 50.0M
 50 10.9G   50 5699M    0     0  48.7M      0  0:03:50  0:01:56  0:01:54 49.4M
 51 10.9G   51 5747M    0     0  48.7M      0  0:03:50  0:01:57  0:01:53 48.9M
 51 10.9G   51 5787M    0     0  48.6M      0  0:03:50  0:01:58  0:01:52 47.0M
 51 10.9G   51 5839M    0     0  48.7M      0  0:03:50  0:01:59  0:01:51 46.9M
 52 10.9G   52 5889M    0     0  48.7M      0  0:03:50  0:02:00  0:01:50 47.2M
 52 10.9G   52 5940M    0     0  48.7M      0  0:03:50  0:02:01  0:01:49 48.2M
 53 10.9G   53 5992M    0     0  48.7M      0  0:03:50  0:02:02  0:01:48 48.9M
 53 10.9G   53 6045M    0     0  48.7M      0  0:03:50  0:02:03  0:01:47 51.5M
 54 10.9G   54 6097M    0     0  48.8M      0  0:03:50  0:02:04  0:01:46 51.5M
 54 10.9G   54 6148M    0     0  48.8M      0  0:03:49  0:02:05  0:01:44 51.7M
 55 10.9G   55 6198M    0     0  48.8M      0  0:03:49  0:02:06  0:01:43 51.4M
 55 10.9G   55 6251M    0     0  48.8M      0  0:03:49  0:02:07  0:01:42 51.7M
 56 10.9G   56 6294M    0     0  48.8M      0  0:03:49  0:02:08  0:01:41 49.6M
 56 10.9G   56 6341M    0     0  48.8M      0  0:03:50  0:02:09  0:01:41 48.8M
 56 10.9G   56 6394M    0     0  48.8M      0  0:03:49  0:02:10  0:01:39 49.1M
 57 10.9G   57 6444M    0     0  48.8M      0  0:03:49  0:02:11  0:01:38 49.2M
 57 10.9G   57 6487M    0     0  48.8M      0  0:03:50  0:02:12  0:01:38 47.2M
 58 10.9G   58 6535M    0     0  48.8M      0  0:03:50  0:02:13  0:01:37 48.3M
 58 10.9G   58 6585M    0     0  48.8M      0  0:03:50  0:02:14  0:01:36 48.8M
 59 10.9G   59 6637M    0     0  48.8M      0  0:03:49  0:02:15  0:01:34 48.6M
 59 10.9G   59 6685M    0     0  48.8M      0  0:03:49  0:02:16  0:01:33 48.2M
 60 10.9G   60 6739M    0     0  48.8M      0  0:03:49  0:02:17  0:01:32 50.3M
 60 10.9G   60 6789M    0     0  48.8M      0  0:03:49  0:02:18  0:01:31 50.9M
 60 10.9G   60 6829M    0     0  48.8M      0  0:03:50  0:02:19  0:01:31 48.6M
 61 10.9G   61 6878M    0     0  48.8M      0  0:03:50  0:02:20  0:01:30 48.1M
 61 10.9G   61 6927M    0     0  48.8M      0  0:03:50  0:02:21  0:01:29 48.3M
 62 10.9G   62 6978M    0     0  48.8M      0  0:03:49  0:02:22  0:01:27 47.9M
 62 10.9G   62 7030M    0     0  48.8M      0  0:03:49  0:02:23  0:01:26 48.1M
 63 10.9G   63 7081M    0     0  48.8M      0  0:03:49  0:02:24  0:01:25 50.4M
 63 10.9G   63 7132M    0     0  48.8M      0  0:03:49  0:02:25  0:01:24 50.7M
 63 10.9G   63 7182M    0     0  48.8M      0  0:03:49  0:02:26  0:01:23 51.0M
 64 10.9G   64 7234M    0     0  48.9M      0  0:03:49  0:02:27  0:01:22 51.1M
 64 10.9G   64 7285M    0     0  48.9M      0  0:03:49  0:02:28  0:01:21 50.9M
 65 10.9G   65 7336M    0     0  48.9M      0  0:03:49  0:02:29  0:01:20 51.0M
 65 10.9G   65 7388M    0     0  48.9M      0  0:03:49  0:02:30  0:01:19 51.1M
 66 10.9G   66 7437M    0     0  48.9M      0  0:03:49  0:02:31  0:01:18 50.9M
 66 10.9G   66 7482M    0     0  48.9M      0  0:03:49  0:02:32  0:01:17 49.6M
 67 10.9G   67 7527M    0     0  48.9M      0  0:03:49  0:02:33  0:01:16 48.4M
 67 10.9G   67 7580M    0     0  48.9M      0  0:03:49  0:02:34  0:01:15 48.7M
 67 10.9G   67 7633M    0     0  48.9M      0  0:03:49  0:02:35  0:01:14 49.1M
 68 10.9G   68 7684M    0     0  48.9M      0  0:03:49  0:02:36  0:01:13 49.5M
 68 10.9G   68 7737M    0     0  49.0M      0  0:03:49  0:02:37  0:01:12 50.9M
 69 10.9G   69 7789M    0     0  49.0M      0  0:03:49  0:02:38  0:01:11 52.2M
 69 10.9G   69 7841M    0     0  49.0M      0  0:03:48  0:02:39  0:01:09 52.2M
 70 10.9G   70 7893M    0     0  49.0M      0  0:03:48  0:02:40  0:01:08 51.8M
 70 10.9G   70 7943M    0     0  49.0M      0  0:03:48  0:02:41  0:01:07 51.8M
 71 10.9G   71 7994M    0     0  49.0M      0  0:03:48  0:02:42  0:01:06 51.4M
 71 10.9G   71 8045M    0     0  49.0M      0  0:03:48  0:02:43  0:01:05 51.2M
 71 10.9G   71 8082M    0     0  49.0M      0  0:03:49  0:02:44  0:01:05 48.1M
 72 10.9G   72 8135M    0     0  49.0M      0  0:03:48  0:02:45  0:01:03 48.4M
 72 10.9G   72 8184M    0     0  49.0M      0  0:03:48  0:02:46  0:01:02 48.1M
 73 10.9G   73 8233M    0     0  49.0M      0  0:03:48  0:02:47  0:01:01 47.8M
 73 10.9G   73 8284M    0     0  49.0M      0  0:03:48  0:02:48  0:01:00 47.8M
 74 10.9G   74 8336M    0     0  49.0M      0  0:03:48  0:02:49  0:00:59 50.8M
 74 10.9G   74 8388M    0     0  49.0M      0  0:03:48  0:02:50  0:00:58 50.6M
 75 10.9G   75 8438M    0     0  49.0M      0  0:03:48  0:02:51  0:00:57 50.7M
 75 10.9G   75 8489M    0     0  49.1M      0  0:03:48  0:02:52  0:00:56 51.2M
 76 10.9G   76 8541M    0     0  49.1M      0  0:03:48  0:02:53  0:00:55 51.4M
 76 10.9G   76 8588M    0     0  49.1M      0  0:03:48  0:02:54  0:00:54 50.4M
 76 10.9G   76 8640M    0     0  49.1M      0  0:03:48  0:02:55  0:00:53 50.3M
 77 10.9G   77 8690M    0     0  49.1M      0  0:03:48  0:02:56  0:00:52 50.5M
 77 10.9G   77 8740M    0     0  49.1M      0  0:03:48  0:02:57  0:00:51 50.1M
 78 10.9G   78 8792M    0     0  49.1M      0  0:03:48  0:02:58  0:00:50 50.2M
 78 10.9G   78 8843M    0     0  49.1M      0  0:03:48  0:02:59  0:00:49 51.0M
 79 10.9G   79 8894M    0     0  49.1M      0  0:03:48  0:03:00  0:00:48 50.8M
 79 10.9G   79 8945M    0     0  49.1M      0  0:03:48  0:03:01  0:00:47 50.9M
 80 10.9G   80 8993M    0     0  49.1M      0  0:03:48  0:03:02  0:00:46 50.7M
 80 10.9G   80 9036M    0     0  49.1M      0  0:03:48  0:03:03  0:00:45 48.7M
 80 10.9G   80 9083M    0     0  49.1M      0  0:03:48  0:03:04  0:00:44 47.9M
 81 10.9G   81 9135M    0     0  49.1M      0  0:03:48  0:03:05  0:00:43 48.1M
 81 10.9G   81 9185M    0     0  49.1M      0  0:03:48  0:03:06  0:00:42 48.0M
 82 10.9G   82 9239M    0     0  49.1M      0  0:03:48  0:03:07  0:00:41 49.0M
 82 10.9G   82 9291M    0     0  49.1M      0  0:03:48  0:03:08  0:00:40 50.8M
 83 10.9G   83 9343M    0     0  49.2M      0  0:03:48  0:03:09  0:00:39 51.9M
 83 10.9G   83 9394M    0     0  49.2M      0  0:03:48  0:03:10  0:00:38 51.7M
 84 10.9G   84 9444M    0     0  49.2M      0  0:03:48  0:03:11  0:00:37 51.7M
 84 10.9G   84 9496M    0     0  49.2M      0  0:03:48  0:03:12  0:00:36 51.4M
 85 10.9G   85 9546M    0     0  49.2M      0  0:03:48  0:03:13  0:00:35 51.0M
 85 10.9G   85 9598M    0     0  49.2M      0  0:03:48  0:03:14  0:00:34 50.9M
 85 10.9G   85 9650M    0     0  49.2M      0  0:03:47  0:03:15  0:00:32 51.2M
 86 10.9G   86 9703M    0     0  49.2M      0  0:03:47  0:03:16  0:00:31 51.6M
 86 10.9G   86 9754M    0     0  49.2M      0  0:03:47  0:03:17  0:00:30 51.6M
 87 10.9G   87 9806M    0     0  49.3M      0  0:03:47  0:03:18  0:00:29 52.0M
 87 10.9G   87 9857M    0     0  49.3M      0  0:03:47  0:03:19  0:00:28 51.8M
 88 10.9G   88 9910M    0     0  49.3M      0  0:03:47  0:03:20  0:00:27 52.0M
 88 10.9G   88 9960M    0     0  49.3M      0  0:03:47  0:03:21  0:00:26 51.5M
 89 10.9G   89  9.7G    0     0  49.3M      0  0:03:47  0:03:22  0:00:25 51.4M
 89 10.9G   89  9.8G    0     0  49.3M      0  0:03:47  0:03:23  0:00:24 51.4M
 90 10.9G   90  9.8G    0     0  49.3M      0  0:03:47  0:03:24  0:00:23 51.5M
 90 10.9G   90  9.9G    0     0  49.3M      0  0:03:47  0:03:25  0:00:22 51.3M
 91 10.9G   91  9.9G    0     0  49.4M      0  0:03:47  0:03:26  0:00:21 51.9M
 91 10.9G   91 10.0G    0     0  49.4M      0  0:03:47  0:03:27  0:00:20 51.5M
 91 10.9G   91 10.0G    0     0  49.3M      0  0:03:47  0:03:28  0:00:19 49.8M
 92 10.9G   92 10.1G    0     0  49.3M      0  0:03:47  0:03:29  0:00:18 48.0M
 92 10.9G   92 10.1G    0     0  49.3M      0  0:03:47  0:03:30  0:00:17 48.2M
 93 10.9G   93 10.2G    0     0  49.3M      0  0:03:47  0:03:31  0:00:16 47.5M
 93 10.9G   93 10.2G    0     0  49.3M      0  0:03:47  0:03:32  0:00:15 47.8M
 94 10.9G   94 10.3G    0     0  49.3M      0  0:03:47  0:03:33  0:00:14 49.1M
 94 10.9G   94 10.3G    0     0  49.3M      0  0:03:47  0:03:34  0:00:13 50.9M
 94 10.9G   94 10.4G    0     0  49.3M      0  0:03:47  0:03:35  0:00:12 50.4M
 95 10.9G   95 10.4G    0     0  49.3M      0  0:03:47  0:03:36  0:00:11 50.8M
 95 10.9G   95 10.5G    0     0  49.3M      0  0:03:47  0:03:37  0:00:10 50.8M
 96 10.9G   96 10.5G    0     0  49.3M      0  0:03:47  0:03:38  0:00:09 49.9M
 96 10.9G   96 10.6G    0     0  49.3M      0  0:03:47  0:03:39  0:00:08 49.6M
 97 10.9G   97 10.6G    0     0  49.3M      0  0:03:47  0:03:40  0:00:07 49.7M
 97 10.9G   97 10.7G    0     0  49.3M      0  0:03:47  0:03:41  0:00:06 49.1M
 98 10.9G   98 10.7G    0     0  49.3M      0  0:03:47  0:03:42  0:00:05 49.4M
 98 10.9G   98 10.8G    0     0  49.4M      0  0:03:47  0:03:43  0:00:04 50.5M
 98 10.9G   98 10.8G    0     0  49.4M      0  0:03:47  0:03:44  0:00:03 50.8M
 99 10.9G   99 10.9G    0     0  49.4M      0  0:03:47  0:03:45  0:00:02 50.5M
 99 10.9G   99 10.9G    0     0  49.4M      0  0:03:47  0:03:46  0:00:01 50.6M
100 10.9G  100 10.9G    0     0  49.4M      0  0:03:47  0:03:47 --:--:-- 50.2M
  % Total    % Received % Xferd  Average Speed   Time    Time     Time  Current
                                 Dload  Upload   Total   Spent    Left  Speed

  0     0    0     0    0     0      0      0 --:--:-- --:--:-- --:--:--     0
 34 6321k   34 2192k    0     0  4689k      0  0:00:01 --:--:--  0:00:01 4714k
100 6321k  100 6321k    0     0  10.0M      0 --:--:-- --:--:-- --:--:-- 10.0M
  % Total    % Received % Xferd  Average Speed   Time    Time     Time  Current
                                 Dload  Upload   Total   Spent    Left  Speed

  0     0    0     0    0     0      0      0 --:--:-- --:--:-- --:--:--     0
100 1303k  100 1303k    0     0  4784k      0 --:--:-- --:--:-- --:--:-- 4863k
installer: Package name is macOS Ventura
installer: Installing at base path /private/tmp/dmg.4cXOWf
installer: The install was successful.

installinstallmacos.py - get macOS installers from the Apple software catalog

This Mac:
Model Identifier : VirtualMac2,1

Device ID        : VMA2MACOSAP
OS Version       : 12.3.1
Build ID         : 21E258

 #  ProductID       Version    Build    Post Date   Title                          
 1  061-26578       10.14.5    18F2059  2019-10-14  macOS Mojave                   
 2  061-26589       10.14.6    18G103   2019-10-14  macOS Mojave                   
 3  041-91758       10.13.6    17G66    2019-10-19  macOS High Sierra              
 4  041-88800       10.14.4    18E2034  2019-10-23  macOS Mojave                   
 5  041-90855       10.13.5    17F66a   2019-10-23  Install macOS High Sierra Beta 
 6  061-86291       10.15.3    19D2064  2020-03-23  macOS Catalina                 
 7  001-04366       10.15.4    19E2269  2020-05-04  macOS Catalina                 
 8  001-15219       10.15.5    19F2200  2020-06-15  macOS Catalina                 
 9  001-36735       10.15.6    19G2006  2020-08-06  macOS Catalina                 
10  001-36801       10.15.6    19G2021  2020-08-12  macOS Catalina                 
11  001-51042       10.15.7    19H2     2020-09-24  macOS Catalina                 
12  001-57224       10.15.7    19H4     2020-10-27  macOS Catalina                 
13  001-68446       10.15.7    19H15    2020-11-11  macOS Catalina                 
14  071-78704       11.5.2     20G95    2021-08-18  macOS Big Sur                  
15  002-23589       11.6.1     20G224   2021-12-01  macOS Big Sur                  
16  002-42341       11.6.2     20G314   2022-01-14  macOS Big Sur                  
17  002-57023       11.6.3     20G415   2022-01-26  macOS Big Sur                  
18  002-65695       11.6.4     20G417   2022-02-17  macOS Big Sur                  
19  002-77154       11.6.5     20G527   2022-04-11  macOS Big Sur                  
20  012-08272       11.6.6     20G624   2022-05-24  macOS Big Sur                  
21  012-60271       13.1       22C65    2023-01-11  macOS Ventura                  
22  032-12843       12.6.2     21G320   2023-01-11  macOS Monterey                 
23  032-12833       11.7.2     20G1020  2023-01-11  macOS Big Sur                  
24  032-35706       13.2       22D49    2023-01-23  macOS Ventura                  
25  032-33756       11.7.3     20G1116  2023-01-31  macOS Big Sur                  
26  032-33828       12.6.3     21G419   2023-01-31  macOS Monterey                 
27  032-48342       13.2.1     22D68    2023-02-20  macOS Ventura                  
28  032-50519       11.7.4     20G1120  2023-02-15  macOS Big Sur                  
29  002-75541       13.3       22E252   2023-03-27  macOS Ventura                  

Build 22E252 valid. Downloading #29...

Making empty sparseimage...
*********************************************************
*** Working around a very dumb Apple bug in a package ***
*** postinstall script that fails to correctly target ***
*** the Install macOS.app when installed to a volume  ***
*** other than the current boot volume.               ***
***       Please file feedback with Apple!            ***
*********************************************************
Product downloaded and installed to /Library/Management/erase-install/Install_macOS_13.3-22E252.sparseimage
   [run_installinstallmacos] Mounting sparse disk image to identify installer app.
   [erase-install] Installer is at: /Volumes/Install_macOS_13.3-22E252/Applications/Install macOS Ventura.app
   [erase-install] Invoking --move option
   [move_to_applications_folder] Moving installer to /Applications folder
Wed Mar 29 19:59:43 ASVM-12-3-1 super[2646]: **** TIMESTAMP ****
   [move_to_applications_folder] Mounted installer will be unmounted: /Volumes/Install_macOS_13.3-22E252/Applications/Install macOS Ventura.app
Volume Install_macOS_13.3-22E252 on disk4s2 force-unmounted
   [move_to_applications_folder] Installer moved to /Applications folder
   [erase-install] Closing jamfHelper download message (language=en)

   [erase-install] Cleaning working directory '/Library/Management/erase-install/content'

   [erase-install] attempting to terminate the 'caffeinate' process - Termination message indicates success
/Library/Management/erase-install/erase-install.sh: line 1047:  4443 Terminated: 15          /usr/bin/caffeinate -dimsu -w $$



   [finish] Script exit code: 0
Wed Mar 29 20:01:04 ASVM-12-3-1 super[2646]: **** TIMESTAMP ****
Wed Mar 29 20:01:04 ASVM-12-3-1 super[2646]: Status: Install macOS Ventura.app Gatekeeper validation.
Wed Mar 29 20:02:43 ASVM-12-3-1 super[2646]: **** S.U.P.E.R.M.A.N. 3.0b10 DOWNLOAD MACOS INSTALLER COMPLETE ****
