Wed Mar 29 20:02:47 ASVM-12-3-1 super[2646]: **** S.U.P.E.R.M.A.N. 3.0b10 INSTALL macOS Ventura 13.3-22E252 MDM START ****
Filtering the log data using "process == "softwareupdated" AND composedMessage CONTAINS "Reported progress""
Timestamp               Ty Process[PID:TID]
2023-03-29 20:08:31.899 Df softwareupdated[12813:85c5] [com.apple.SoftwareUpdateMacController:SU] [SUMacControllerProgressManager] Reported progress (start): phase:ACCEPTED stalled:NO portionComplete:0.001000 estimatedTimeRemaining:-1.000000
2023-03-29 20:08:31.905 Df softwareupdated[12813:85c5] [com.apple.SoftwareUpdateMacController:SU] [SUMacControllerProgressManager] Reported progress (start): phase:PREFLIGHT_WAKEUP stalled:NO portionComplete:0.010000 estimatedTimeRemaining:-1.000000
Wed Mar 29 20:08:31 ASVM-12-3-1 super[2646]: **** TIMESTAMP ****
2023-03-29 20:08:32.356 Df softwareupdated[12813:85c5] [com.apple.SoftwareUpdateMacController:SU] [SUMacControllerProgressManager] Reported progress (end): phase:PREFLIGHT_WAKEUP stalled:NO portionComplete:0.999000 estimatedTimeRemaining:-1.000000
2023-03-29 20:08:32.356 Df softwareupdated[12813:85c5] [com.apple.SoftwareUpdateMacController:SU] [SUMacControllerProgressManager] Reported progress (end): phase:COMPLETED stalled:NO portionComplete:1.000000 estimatedTimeRemaining:-1.000000
2023-03-29 20:08:33.188 Df softwareupdated[12813:85c5] [com.apple.SoftwareUpdateMacController:SU] [SUMacControllerProgressManager] Reported progress (start): phase:ACCEPTED stalled:NO portionComplete:0.001000 estimatedTimeRemaining:-1.000000
2023-03-29 20:08:33.188 Df softwareupdated[12813:85c5] [com.apple.SoftwareUpdateMacController:SU] [SUMacControllerProgressManager] Reported progress (start): phase:PREFLIGHT_PREREQUISITE stalled:NO portionComplete:0.750000 estimatedTimeRemaining:-1.000000
2023-03-29 20:08:34.098 Df softwareupdated[12813:84cc] [com.apple.SoftwareUpdateMacController:SU] [SUMacControllerProgressManager] Reported progress (end): phase:PREFLIGHT_PREREQUISITE stalled:NO portionComplete:0.999000 estimatedTimeRemaining:-1.000000
2023-03-29 20:08:34.098 Df softwareupdated[12813:84cc] [com.apple.SoftwareUpdateMacController:SU] [SUMacControllerProgressManager] Reported progress (end): phase:COMPLETED stalled:NO portionComplete:1.000000 estimatedTimeRemaining:-1.000000
2023-03-29 20:08:34.132 Df softwareupdated[12813:84d6] [com.apple.SoftwareUpdateMacController:SU] [SUMacControllerProgressManager] Reported progress (start): phase:ACCEPTED stalled:NO portionComplete:0.001000 estimatedTimeRemaining:-1.000000
2023-03-29 20:08:34.132 Df softwareupdated[12813:84d6] [com.apple.SoftwareUpdateMacController:SU] [SUMacControllerProgressManager] Reported progress (start): phase:PREFLIGHT_PREREQUISITE stalled:NO portionComplete:0.750000 estimatedTimeRemaining:-1.000000
2023-03-29 20:08:34.514 Df softwareupdated[12813:84d6] [com.apple.SoftwareUpdateMacController:SU] [SUMacControllerProgressManager] Reported progress (end): phase:PREFLIGHT_PREREQUISITE stalled:NO portionComplete:0.999000 estimatedTimeRemaining:-1.000000
2023-03-29 20:08:34.514 Df softwareupdated[12813:84d6] [com.apple.SoftwareUpdateMacController:SU] [SUMacControllerProgressManager] Reported progress (end): phase:COMPLETED stalled:NO portionComplete:1.000000 estimatedTimeRemaining:-1.000000
2023-03-29 20:08:47.189 Df softwareupdated[12813:8928] [com.apple.SoftwareUpdateMacController:SU] [SUMacControllerProgressManager] Reported progress (start): phase:ACCEPTED stalled:NO portionComplete:0.001000 estimatedTimeRemaining:-1.000000
2023-03-29 20:08:47.227 Df softwareupdated[12813:8929] [com.apple.SoftwareUpdateMacController:SU] [SUMacControllerProgressManager] Reported progress (start): phase:READY stalled:NO portionComplete:0.990000 estimatedTimeRemaining:-1.000000
2023-03-29 20:10:50.718 Df softwareupdated[12813:8be2] [com.apple.SoftwareUpdateMacController:SU] [SUMacControllerProgressManager] Reported progress (start): phase:ACCEPTED stalled:NO portionComplete:0.001000 estimatedTimeRemaining:-1.000000
2023-03-29 20:10:50.723 Df softwareupdated[12813:8be2] [com.apple.SoftwareUpdateMacController:SU] [SUMacControllerProgressManager] Reported progress (start): phase:PREFLIGHT_WAKEUP stalled:NO portionComplete:0.010000 estimatedTimeRemaining:-1.000000
2023-03-29 20:10:57.166 Df softwareupdated[12813:8be1] [com.apple.SoftwareUpdateMacController:SU] [SUMacControllerProgressManager] Reported progress (end): phase:PREFLIGHT_WAKEUP stalled:NO portionComplete:0.079000 estimatedTimeRemaining:-1.000000
2023-03-29 20:10:57.166 Df softwareupdated[12813:8be1] [com.apple.SoftwareUpdateMacController:SU] [SUMacControllerProgressManager] Reported progress (start): phase:PREFLIGHT_PREREQUISITE stalled:NO portionComplete:0.080000 estimatedTimeRemaining:-1.000000
2023-03-29 20:10:57.323 Df softwareupdated[12813:8be2] [com.apple.SoftwareUpdateMacController:SU] [SUMacControllerProgressManager] Reported progress (end): phase:PREFLIGHT_PREREQUISITE stalled:NO portionComplete:0.149000 estimatedTimeRemaining:-1.000000
2023-03-29 20:10:57.324 Df softwareupdated[12813:8be2] [com.apple.SoftwareUpdateMacController:SU] [SUMacControllerProgressManager] Reported progress (start): phase:PREFLIGHT_PERSONALIZE stalled:NO portionComplete:0.150000 estimatedTimeRemaining:-1.000000
2023-03-29 20:11:14.565 Df softwareupdated[12813:8be2] [com.apple.SoftwareUpdateMacController:SU] [SUMacControllerProgressManager] Reported progress (start): phase:PREFLIGHT_FDR_RECOVERY stalled:NO portionComplete:0.220000 estimatedTimeRemaining:-1.000000
2023-03-29 20:11:16.347 Df softwareupdated[12813:8b6f] [com.apple.SoftwareUpdateMacController:SU] [SUMacControllerProgressManager] Reported progress (start): phase:PREPARING_UPDATE stalled:NO portionComplete:0.290000 estimatedTimeRemaining:-1.000000
Wed Mar 29 20:11:16 ASVM-12-3-1 super[2646]: **** TIMESTAMP ****
2023-03-29 20:13:56.919 Df softwareupdated[12813:9260] [com.apple.SoftwareUpdateMacController:SU] [SUMacControllerProgressManager] Reported progress (inter): phase:PREPARING_UPDATE stalled:NO portionComplete:0.290035 estimatedTimeRemaining:-1.000000
2023-03-29 20:16:18.580 Df softwareupdated[12813:9260] [com.apple.SoftwareUpdateMacController:SU] [SUMacControllerProgressManager] Reported progress (inter): phase:PREPARING_UPDATE stalled:NO portionComplete:0.297035 estimatedTimeRemaining:-1.000000
2023-03-29 20:18:31.400 Df softwareupdated[12813:9c3b] [com.apple.SoftwareUpdateMacController:SU] [SUMacControllerProgressManager] Reported progress (inter): phase:PREPARING_UPDATE stalled:NO portionComplete:0.720266 estimatedTimeRemaining:-1.000000
2023-03-29 20:18:48.269 Df softwareupdated[12813:9c88] [com.apple.SoftwareUpdateMacController:SU] [SUMacControllerProgressManager] Reported progress (inter): phase:PREPARING_UPDATE stalled:NO portionComplete:0.729346 estimatedTimeRemaining:-1.000000
2023-03-29 20:18:49.269 Df softwareupdated[12813:9c89] [com.apple.SoftwareUpdateMacController:SU] [SUMacControllerProgressManager] Reported progress (inter): phase:PREPARING_UPDATE stalled:NO portionComplete:0.741601 estimatedTimeRemaining:-1.000000
2023-03-29 20:18:50.392 Df softwareupdated[12813:9c89] [com.apple.SoftwareUpdateMacController:SU] [SUMacControllerProgressManager] Reported progress (inter): phase:PREPARING_UPDATE stalled:NO portionComplete:0.753407 estimatedTimeRemaining:-1.000000
2023-03-29 20:18:54.447 Df softwareupdated[12813:9c3a] [com.apple.SoftwareUpdateMacController:SU] [SUMacControllerProgressManager] Reported progress (inter): phase:PREPARING_UPDATE stalled:NO portionComplete:0.762430 estimatedTimeRemaining:-1.000000
2023-03-29 20:18:55.450 Df softwareupdated[12813:9c88] [com.apple.SoftwareUpdateMacController:SU] [SUMacControllerProgressManager] Reported progress (inter): phase:PREPARING_UPDATE stalled:NO portionComplete:0.781900 estimatedTimeRemaining:-1.000000
2023-03-29 20:18:56.494 Df softwareupdated[12813:9c88] [com.apple.SoftwareUpdateMacController:SU] [SUMacControllerProgressManager] Reported progress (inter): phase:PREPARING_UPDATE stalled:NO portionComplete:0.810650 estimatedTimeRemaining:-1.000000
2023-03-29 20:18:57.494 Df softwareupdated[12813:9cbf] [com.apple.SoftwareUpdateMacController:SU] [SUMacControllerProgressManager] Reported progress (inter): phase:PREPARING_UPDATE stalled:NO portionComplete:0.824216 estimatedTimeRemaining:-1.000000
2023-03-29 20:18:59.495 Df softwareupdated[12813:9c89] [com.apple.SoftwareUpdateMacController:SU] [SUMacControllerProgressManager] Reported progress (inter): phase:PREPARING_UPDATE stalled:NO portionComplete:0.837729 estimatedTimeRemaining:-1.000000
2023-03-29 20:19:00.496 Df softwareupdated[12813:9c3a] [com.apple.SoftwareUpdateMacController:SU] [SUMacControllerProgressManager] Reported progress (inter): phase:PREPARING_UPDATE stalled:NO portionComplete:0.845165 estimatedTimeRemaining:-1.000000
2023-03-29 20:19:01.517 Df softwareupdated[12813:9c88] [com.apple.SoftwareUpdateMacController:SU] [SUMacControllerProgressManager] Reported progress (inter): phase:PREPARING_UPDATE stalled:NO portionComplete:0.859787 estimatedTimeRemaining:-1.000000
2023-03-29 20:19:02.517 Df softwareupdated[12813:9c88] [com.apple.SoftwareUpdateMacController:SU] [SUMacControllerProgressManager] Reported progress (inter): phase:PREPARING_UPDATE stalled:NO portionComplete:0.867394 estimatedTimeRemaining:-1.000000
2023-03-29 20:19:03.517 Df softwareupdated[12813:9c89] [com.apple.SoftwareUpdateMacController:SU] [SUMacControllerProgressManager] Reported progress (inter): phase:PREPARING_UPDATE stalled:NO portionComplete:0.874651 estimatedTimeRemaining:-1.000000
2023-03-29 20:19:04.517 Df softwareupdated[12813:9cbf] [com.apple.SoftwareUpdateMacController:SU] [SUMacControllerProgressManager] Reported progress (inter): phase:PREPARING_UPDATE stalled:NO portionComplete:0.886862 estimatedTimeRemaining:-1.000000
2023-03-29 20:19:05.518 Df softwareupdated[12813:9c88] [com.apple.SoftwareUpdateMacController:SU] [SUMacControllerProgressManager] Reported progress (inter): phase:PREPARING_UPDATE stalled:NO portionComplete:0.897633 estimatedTimeRemaining:-1.000000
2023-03-29 20:19:09.530 Df softwareupdated[12813:9c88] [com.apple.SoftwareUpdateMacController:SU] [SUMacControllerProgressManager] Reported progress (inter): phase:PREPARING_UPDATE stalled:NO portionComplete:0.912678 estimatedTimeRemaining:-1.000000
2023-03-29 20:19:11.630 Df softwareupdated[12813:9c88] [com.apple.SoftwareUpdateMacController:SU] [SUMacControllerProgressManager] Reported progress (inter): phase:PREPARING_UPDATE stalled:NO portionComplete:0.926477 estimatedTimeRemaining:-1.000000
2023-03-29 20:19:13.631 Df softwareupdated[12813:9c3a] [com.apple.SoftwareUpdateMacController:SU] [SUMacControllerProgressManager] Reported progress (inter): phase:PREPARING_UPDATE stalled:NO portionComplete:0.943093 estimatedTimeRemaining:-1.000000
2023-03-29 20:19:14.631 Df softwareupdated[12813:9c3a] [com.apple.SoftwareUpdateMacController:SU] [SUMacControllerProgressManager] Reported progress (inter): phase:PREPARING_UPDATE stalled:NO portionComplete:0.951318 estimatedTimeRemaining:-1.000000
2023-03-29 20:19:15.632 Df softwareupdated[12813:9c89] [com.apple.SoftwareUpdateMacController:SU] [SUMacControllerProgressManager] Reported progress (inter): phase:PREPARING_UPDATE stalled:NO portionComplete:0.963056 estimatedTimeRemaining:-1.000000
2023-03-29 20:19:16.632 Df softwareupdated[12813:9c88] [com.apple.SoftwareUpdateMacController:SU] [SUMacControllerProgressManager] Reported progress (inter): phase:PREPARING_UPDATE stalled:NO portionComplete:0.973129 estimatedTimeRemaining:-1.000000
2023-03-29 20:20:14.411 Df softwareupdated[12813:9f3a] [com.apple.SoftwareUpdateMacController:SU] [SUMacControllerProgressManager] Reported progress (end): phase:PREPARED stalled:NO portionComplete:0.999000 estimatedTimeRemaining:-1.000000
2023-03-29 20:20:14.412 Df softwareupdated[12813:9f3a] [com.apple.SoftwareUpdateMacController:SU] [SUMacControllerProgressManager] Reported progress (end): phase:COMPLETED stalled:NO portionComplete:1.000000 estimatedTimeRemaining:-1.000000
Wed Mar 29 20:20:14 ASVM-12-3-1 super[2646]: **** TIMESTAMP ****
2023-03-29 20:21:15.432 Df softwareupdated[12813:a0b5] [com.apple.SoftwareUpdateMacController:SU] [SUMacControllerProgressManager] Reported progress (start): phase:ACCEPTED stalled:NO portionComplete:0.001000 estimatedTimeRemaining:-1.000000
2023-03-29 20:21:15.432 Df softwareupdated[12813:a0b5] [com.apple.SoftwareUpdateMacController:SU] [SUMacControllerProgressManager] Reported progress (start): phase:APPLYING stalled:NO portionComplete:0.010000 estimatedTimeRemaining:-1.000000
Wed Mar 29 20:21:15 ASVM-12-3-1 super[2646]: **** TIMESTAMP ****
Wed Mar 29 20:21:15 ASVM-12-3-1 super[2646]: **** S.U.P.E.R.M.A.N. 3.0b10 UPDATE/UPGRADE MACOS MDM COMPLETED ****
