Wed Mar 29 18:37:41 ASVM-12-0-1 super[2057]: **** S.U.P.E.R.M.A.N. 3.0b10 DOWNLOAD macOS Ventura 13.3-22E252 INSTALLER START ****

   [erase-install] v27.3 script execution started: Wed Mar 29 18:37:41 PDT 2023
   [erase-install] Caffeinating this script (pid=3735)
   [erase-install] Looking for existing installer app or pkg
   [find_existing_installer] No valid installer found.
   [erase-install] Checking if the cached installer matches requested build...
   [compare_build_versions] Comparing (1) 22E252 with (2) 
   [compare_build_versions] 22E252 > 
   [erase-install] Existing installer does not match requested build, so replacing...
   [overwrite_existing_installer] Deleting existing cached installer(s).
   [erase-install] Running on architecture arm64
   [check_installinstallmacos] installinstallmacos.py is in /Library/Management/erase-install
   [check_python] Relocatable Python is installed in /Library/Management/erase-install
   [run_installinstallmacos] Checking that selected build 22E252 is available

   [run_installinstallmacos] This command is now being run:

   installinstallmacos.py --workdir /Library/Management/erase-install --ignore-cache --raw --build 22E252
Wed Mar 29 18:37:41 ASVM-12-0-1 super[2057]: **** TIMESTAMP ****
  % Total    % Received % Xferd  Average Speed   Time    Time     Time  Current
                                 Dload  Upload   Total   Spent    Left  Speed

  0     0    0     0    0     0      0      0 --:--:-- --:--:-- --:--:--     0
100   181  100   181    0     0   1647      0 --:--:-- --:--:-- --:--:--  1707
  % Total    % Received % Xferd  Average Speed   Time    Time     Time  Current
                                 Dload  Upload   Total   Spent    Left  Speed

  0     0    0     0    0     0      0      0 --:--:-- --:--:-- --:--:--     0
  9 3411k    9  311k    0     0  1368k      0  0:00:02 --:--:--  0:00:02 1388k
100 3411k  100 3411k    0     0  10.4M      0 --:--:-- --:--:-- --:--:-- 10.6M
  % Total    % Received % Xferd  Average Speed   Time    Time     Time  Current
                                 Dload  Upload   Total   Spent    Left  Speed

  0     0    0     0    0     0      0      0 --:--:-- --:--:-- --:--:--     0
100  5254  100  5254    0     0  44396      0 --:--:-- --:--:-- --:--:-- 46087
  % Total    % Received % Xferd  Average Speed   Time    Time     Time  Current
                                 Dload  Upload   Total   Spent    Left  Speed

  0     0    0     0    0     0      0      0 --:--:-- --:--:-- --:--:--     0
  0 10.9G    0 41.9M    0     0  53.5M      0  0:03:29 --:--:--  0:03:29 53.7M
  1 10.9G    1  127M    0     0  71.5M      0  0:02:36  0:00:01  0:02:35 71.6M
  1 10.9G    1  219M    0     0  79.0M      0  0:02:22  0:00:02  0:02:20 79.0M
  2 10.9G    2  300M    0     0  79.4M      0  0:02:21  0:00:03  0:02:18 79.5M
  3 10.9G    3  395M    0     0  82.7M      0  0:02:15  0:00:04  0:02:11 82.7M
  4 10.9G    4  486M    0     0  84.1M      0  0:02:13  0:00:05  0:02:08 88.8M
  5 10.9G    5  569M    0     0  83.9M      0  0:02:13  0:00:06  0:02:07 88.4M
  5 10.9G    5  653M    0     0  83.9M      0  0:02:13  0:00:07  0:02:06 86.7M
  6 10.9G    6  740M    0     0  84.3M      0  0:02:13  0:00:08  0:02:05 87.9M
  7 10.9G    7  830M    0     0  84.9M      0  0:02:12  0:00:09  0:02:03 86.9M
  8 10.9G    8  925M    0     0  85.8M      0  0:02:10  0:00:10  0:02:00 87.7M
  9 10.9G    9 1012M    0     0  85.8M      0  0:02:10  0:00:11  0:01:59 88.4M
  9 10.9G    9 1100M    0     0  86.0M      0  0:02:10  0:00:12  0:01:58 89.4M
 10 10.9G   10 1190M    0     0  86.3M      0  0:02:10  0:00:13  0:01:57 89.8M
 11 10.9G   11 1274M    0     0  86.1M      0  0:02:10  0:00:14  0:01:56 88.4M
 12 10.9G   12 1355M    0     0  85.8M      0  0:02:10  0:00:15  0:01:55 85.9M
 12 10.9G   12 1443M    0     0  86.0M      0  0:02:10  0:00:16  0:01:54 86.2M
 13 10.9G   13 1526M    0     0  85.7M      0  0:02:10  0:00:17  0:01:53 85.0M
 14 10.9G   14 1604M    0     0  85.4M      0  0:02:11  0:00:18  0:01:53 83.0M
 15 10.9G   15 1694M    0     0  85.6M      0  0:02:11  0:00:19  0:01:52 84.3M
 15 10.9G   15 1784M    0     0  85.8M      0  0:02:10  0:00:20  0:01:50 85.8M
 16 10.9G   16 1871M    0     0  85.9M      0  0:02:10  0:00:21  0:01:49 85.6M
 17 10.9G   17 1950M    0     0  85.6M      0  0:02:11  0:00:22  0:01:49 85.0M
 18 10.9G   18 2040M    0     0  85.7M      0  0:02:10  0:00:23  0:01:47 87.1M
 18 10.9G   18 2129M    0     0  85.9M      0  0:02:10  0:00:24  0:01:46 87.0M
 19 10.9G   19 2213M    0     0  85.8M      0  0:02:10  0:00:25  0:01:45 85.8M
 20 10.9G   20 2309M    0     0  86.2M      0  0:02:10  0:00:26  0:01:44 87.5M
 21 10.9G   21 2401M    0     0  86.4M      0  0:02:09  0:00:27  0:01:42 90.1M
 21 10.9G   21 2469M    0     0  85.8M      0  0:02:10  0:00:28  0:01:42 85.8M
 22 10.9G   22 2559M    0     0  85.9M      0  0:02:10  0:00:29  0:01:41 85.9M
 23 10.9G   23 2651M    0     0  86.1M      0  0:02:10  0:00:30  0:01:40 87.7M
 24 10.9G   24 2738M    0     0  86.1M      0  0:02:10  0:00:31  0:01:39 85.7M
 25 10.9G   25 2822M    0     0  86.1M      0  0:02:10  0:00:32  0:01:38 84.2M
 25 10.9G   25 2911M    0     0  86.1M      0  0:02:10  0:00:33  0:01:37 88.3M
 26 10.9G   26 3003M    0     0  86.3M      0  0:02:10  0:00:34  0:01:36 88.7M
 27 10.9G   27 3088M    0     0  86.2M      0  0:02:10  0:00:35  0:01:35 87.0M
 28 10.9G   28 3179M    0     0  86.4M      0  0:02:09  0:00:36  0:01:33 88.1M
 29 10.9G   29 3269M    0     0  86.5M      0  0:02:09  0:00:37  0:01:32 89.2M
 29 10.9G   29 3362M    0     0  86.6M      0  0:02:09  0:00:38  0:01:31 90.1M
 30 10.9G   30 3450M    0     0  86.7M      0  0:02:09  0:00:39  0:01:30 89.3M
 31 10.9G   31 3539M    0     0  86.7M      0  0:02:09  0:00:40  0:01:29 90.5M
 32 10.9G   32 3628M    0     0  86.8M      0  0:02:09  0:00:41  0:01:28 89.8M
 33 10.9G   33 3712M    0     0  86.7M      0  0:02:09  0:00:42  0:01:27 88.7M
 33 10.9G   33 3798M    0     0  86.7M      0  0:02:09  0:00:43  0:01:26 87.2M
 34 10.9G   34 3880M    0     0  86.6M      0  0:02:09  0:00:44  0:01:25 86.0M
 35 10.9G   35 3967M    0     0  86.6M      0  0:02:09  0:00:45  0:01:24 85.6M
 36 10.9G   36 4058M    0     0  86.7M      0  0:02:09  0:00:46  0:01:23 86.0M
 36 10.9G   36 4148M    0     0  86.8M      0  0:02:09  0:00:47  0:01:22 87.0M
 37 10.9G   37 4237M    0     0  86.8M      0  0:02:09  0:00:48  0:01:21 87.8M
 38 10.9G   38 4324M    0     0  86.8M      0  0:02:09  0:00:49  0:01:20 88.7M
 39 10.9G   39 4414M    0     0  86.9M      0  0:02:09  0:00:50  0:01:19 89.3M
 40 10.9G   40 4506M    0     0  87.0M      0  0:02:09  0:00:51  0:01:18 89.5M
 40 10.9G   40 4588M    0     0  86.9M      0  0:02:09  0:00:52  0:01:17 88.0M
 41 10.9G   41 4681M    0     0  87.0M      0  0:02:09  0:00:53  0:01:16 88.6M
 42 10.9G   42 4770M    0     0  87.0M      0  0:02:08  0:00:54  0:01:14 89.2M
 43 10.9G   43 4861M    0     0  87.1M      0  0:02:08  0:00:55  0:01:13 89.4M
 44 10.9G   44 4951M    0     0  87.2M      0  0:02:08  0:00:56  0:01:12 89.0M
 44 10.9G   44 5038M    0     0  87.1M      0  0:02:08  0:00:57  0:01:11 89.9M
 45 10.9G   45 5110M    0     0  86.9M      0  0:02:09  0:00:58  0:01:11 85.9M
 46 10.9G   46 5196M    0     0  86.9M      0  0:02:09  0:00:59  0:01:10 85.0M
 47 10.9G   47 5287M    0     0  86.9M      0  0:02:09  0:01:00  0:01:09 85.0M
 47 10.9G   47 5367M    0     0  86.8M      0  0:02:09  0:01:01  0:01:08 83.2M
 48 10.9G   48 5462M    0     0  87.0M      0  0:02:09  0:01:02  0:01:07 84.8M
 49 10.9G   49 5551M    0     0  87.0M      0  0:02:09  0:01:03  0:01:06 88.3M
 50 10.9G   50 5643M    0     0  87.1M      0  0:02:08  0:01:04  0:01:04 89.4M
 51 10.9G   51 5730M    0     0  87.1M      0  0:02:08  0:01:05  0:01:03 88.7M
 51 10.9G   51 5821M    0     0  87.1M      0  0:02:08  0:01:06  0:01:02 90.7M
 52 10.9G   52 5913M    0     0  87.2M      0  0:02:08  0:01:07  0:01:01 90.3M
 53 10.9G   53 6000M    0     0  87.2M      0  0:02:08  0:01:08  0:01:00 89.7M
 54 10.9G   54 6089M    0     0  87.2M      0  0:02:08  0:01:09  0:00:59 89.2M
 54 10.9G   54 6164M    0     0  87.0M      0  0:02:08  0:01:10  0:00:58 86.7M
 55 10.9G   55 6248M    0     0  87.0M      0  0:02:09  0:01:11  0:00:58 85.3M
 56 10.9G   56 6340M    0     0  87.1M      0  0:02:08  0:01:12  0:00:56 85.2M
 57 10.9G   57 6425M    0     0  87.0M      0  0:02:08  0:01:13  0:00:55 84.9M
 57 10.9G   57 6510M    0     0  87.0M      0  0:02:09  0:01:14  0:00:55 84.0M
 58 10.9G   58 6593M    0     0  86.9M      0  0:02:09  0:01:15  0:00:54 85.6M
 59 10.9G   59 6678M    0     0  86.9M      0  0:02:09  0:01:16  0:00:53 86.0M
 60 10.9G   60 6771M    0     0  87.0M      0  0:02:09  0:01:17  0:00:52 86.2M
 61 10.9G   61 6862M    0     0  87.1M      0  0:02:08  0:01:18  0:00:50 87.4M
 61 10.9G   61 6953M    0     0  87.1M      0  0:02:08  0:01:19  0:00:49 88.6M
 62 10.9G   62 7039M    0     0  87.1M      0  0:02:08  0:01:20  0:00:48 89.2M
 63 10.9G   63 7110M    0     0  86.9M      0  0:02:09  0:01:21  0:00:48 86.3M
 64 10.9G   64 7200M    0     0  86.9M      0  0:02:09  0:01:22  0:00:47 85.9M
 64 10.9G   64 7295M    0     0  87.0M      0  0:02:08  0:01:23  0:00:45 86.6M
 65 10.9G   65 7382M    0     0  87.0M      0  0:02:08  0:01:24  0:00:44 85.7M
 66 10.9G   66 7474M    0     0  87.1M      0  0:02:08  0:01:25  0:00:43 87.0M
 67 10.9G   67 7565M    0     0  87.1M      0  0:02:08  0:01:26  0:00:42 91.0M
 68 10.9G   68 7655M    0     0  87.2M      0  0:02:08  0:01:27  0:00:41 90.9M
 68 10.9G   68 7742M    0     0  87.2M      0  0:02:08  0:01:28  0:00:40 89.3M
 69 10.9G   69 7822M    0     0  87.1M      0  0:02:08  0:01:29  0:00:39 88.0M
 70 10.9G   70 7913M    0     0  87.1M      0  0:02:08  0:01:30  0:00:38 87.7M
 71 10.9G   71 8006M    0     0  87.2M      0  0:02:08  0:01:31  0:00:37 88.0M
 72 10.9G   72 8098M    0     0  87.2M      0  0:02:08  0:01:32  0:00:36 88.5M
 72 10.9G   72 8187M    0     0  87.3M      0  0:02:08  0:01:33  0:00:35 89.0M
 73 10.9G   73 8282M    0     0  87.3M      0  0:02:08  0:01:34  0:00:34 92.0M
 74 10.9G   74 8374M    0     0  87.4M      0  0:02:08  0:01:35  0:00:33 92.1M
 75 10.9G   75 8458M    0     0  87.3M      0  0:02:08  0:01:36  0:00:32 90.2M
 76 10.9G   76 8544M    0     0  87.3M      0  0:02:08  0:01:37  0:00:31 89.1M
 76 10.9G   76 8634M    0     0  87.4M      0  0:02:08  0:01:38  0:00:30 89.2M
 77 10.9G   77 8729M    0     0  87.4M      0  0:02:08  0:01:39  0:00:29 89.3M
 78 10.9G   78 8819M    0     0  87.5M      0  0:02:08  0:01:40  0:00:28 89.1M
 79 10.9G   79 8907M    0     0  87.5M      0  0:02:08  0:01:41  0:00:27 90.0M
 80 10.9G   80 9002M    0     0  87.5M      0  0:02:08  0:01:42  0:00:26 91.5M
 80 10.9G   80 9095M    0     0  87.6M      0  0:02:08  0:01:43  0:00:25 92.3M
 81 10.9G   81 9185M    0     0  87.6M      0  0:02:08  0:01:44  0:00:24 91.2M
 82 10.9G   82 9267M    0     0  87.6M      0  0:02:08  0:01:45  0:00:23 89.5M
 83 10.9G   83 9341M    0     0  87.4M      0  0:02:08  0:01:46  0:00:22 86.6M
 83 10.9G   83 9431M    0     0  87.5M      0  0:02:08  0:01:47  0:00:21 85.9M
 84 10.9G   84 9521M    0     0  87.5M      0  0:02:08  0:01:48  0:00:20 85.2M
 85 10.9G   85 9610M    0     0  87.5M      0  0:02:08  0:01:49  0:00:19 84.8M
 86 10.9G   86 9693M    0     0  87.5M      0  0:02:08  0:01:50  0:00:18 85.3M
 87 10.9G   87 9776M    0     0  87.4M      0  0:02:08  0:01:51  0:00:17 86.9M
 87 10.9G   87 9867M    0     0  87.4M      0  0:02:08  0:01:52  0:00:16 87.0M
 88 10.9G   88 9961M    0     0  87.5M      0  0:02:08  0:01:53  0:00:15 87.9M
 89 10.9G   89  9.8G    0     0  87.6M      0  0:02:08  0:01:54  0:00:14 89.5M
 90 10.9G   90  9.9G    0     0  87.6M      0  0:02:08  0:01:55  0:00:13 91.5M
 91 10.9G   91 10.0G    0     0  87.7M      0  0:02:08  0:01:56  0:00:12 93.5M
 92 10.9G   92 10.0G    0     0  87.7M      0  0:02:07  0:01:57  0:00:10 93.7M
 92 10.9G   92 10.1G    0     0  87.7M      0  0:02:07  0:01:58  0:00:09 93.3M
 93 10.9G   93 10.2G    0     0  87.8M      0  0:02:07  0:01:59  0:00:08 92.7M
 94 10.9G   94 10.3G    0     0  87.8M      0  0:02:07  0:02:00  0:00:07 92.2M
 95 10.9G   95 10.4G    0     0  87.8M      0  0:02:07  0:02:01  0:00:06 91.7M
 96 10.9G   96 10.5G    0     0  87.8M      0  0:02:07  0:02:02  0:00:05 91.0M
 96 10.9G   96 10.6G    0     0  87.9M      0  0:02:07  0:02:03  0:00:04 90.5M
 97 10.9G   97 10.7G    0     0  87.9M      0  0:02:07  0:02:04  0:00:03 90.5M
 98 10.9G   98 10.7G    0     0  87.8M      0  0:02:07  0:02:05  0:00:02 88.2M
 99 10.9G   99 10.8G    0     0  87.9M      0  0:02:07  0:02:06  0:00:01 88.3M
100 10.9G  100 10.9G    0     0  87.8M      0  0:02:07  0:02:07 --:--:-- 88.0M
  % Total    % Received % Xferd  Average Speed   Time    Time     Time  Current
                                 Dload  Upload   Total   Spent    Left  Speed

  0     0    0     0    0     0      0      0 --:--:-- --:--:-- --:--:--     0
100 6321k  100 6321k    0     0  17.0M      0 --:--:-- --:--:-- --:--:-- 17.1M
  % Total    % Received % Xferd  Average Speed   Time    Time     Time  Current
                                 Dload  Upload   Total   Spent    Left  Speed

  0     0    0     0    0     0      0      0 --:--:-- --:--:-- --:--:--     0
100 1303k  100 1303k    0     0  4587k      0 --:--:-- --:--:-- --:--:-- 4655k
installer: Package name is macOS Ventura
installer: Installing at base path /private/tmp/dmg.bIrzY2
installer: The install was successful.

installinstallmacos.py - get macOS installers from the Apple software catalog

This Mac:
Model Identifier : VirtualMac2,1

Device ID        : VMA2MACOSAP
OS Version       : 12.0.1
Build ID         : 21A559

 #  ProductID       Version    Build    Post Date   Title                          
 1  061-26578       10.14.5    18F2059  2019-10-14  macOS Mojave                   
 2  061-26589       10.14.6    18G103   2019-10-14  macOS Mojave                   
 3  041-91758       10.13.6    17G66    2019-10-19  macOS High Sierra              
 4  041-88800       10.14.4    18E2034  2019-10-23  macOS Mojave                   
 5  041-90855       10.13.5    17F66a   2019-10-23  Install macOS High Sierra Beta 
 6  061-86291       10.15.3    19D2064  2020-03-23  macOS Catalina                 
 7  001-04366       10.15.4    19E2269  2020-05-04  macOS Catalina                 
 8  001-15219       10.15.5    19F2200  2020-06-15  macOS Catalina                 
 9  001-36735       10.15.6    19G2006  2020-08-06  macOS Catalina                 
10  001-36801       10.15.6    19G2021  2020-08-12  macOS Catalina                 
11  001-51042       10.15.7    19H2     2020-09-24  macOS Catalina                 
12  001-57224       10.15.7    19H4     2020-10-27  macOS Catalina                 
13  001-68446       10.15.7    19H15    2020-11-11  macOS Catalina                 
14  071-78704       11.5.2     20G95    2021-08-18  macOS Big Sur                  
15  002-23589       11.6.1     20G224   2021-12-01  macOS Big Sur                  
16  002-42341       11.6.2     20G314   2022-01-14  macOS Big Sur                  
17  002-57023       11.6.3     20G415   2022-01-26  macOS Big Sur                  
18  002-65695       11.6.4     20G417   2022-02-17  macOS Big Sur                  
19  002-77154       11.6.5     20G527   2022-04-11  macOS Big Sur                  
20  012-08272       11.6.6     20G624   2022-05-24  macOS Big Sur                  
21  012-60271       13.1       22C65    2023-01-11  macOS Ventura                  
22  032-12843       12.6.2     21G320   2023-01-11  macOS Monterey                 
23  032-12833       11.7.2     20G1020  2023-01-11  macOS Big Sur                  
24  032-35706       13.2       22D49    2023-01-23  macOS Ventura                  
25  032-33756       11.7.3     20G1116  2023-01-31  macOS Big Sur                  
26  032-33828       12.6.3     21G419   2023-01-31  macOS Monterey                 
27  032-48342       13.2.1     22D68    2023-02-20  macOS Ventura                  
28  032-50519       11.7.4     20G1120  2023-02-15  macOS Big Sur                  
29  002-75541       13.3       22E252   2023-03-27  macOS Ventura                  

Build 22E252 valid. Downloading #29...

Making empty sparseimage...
*********************************************************
*** Working around a very dumb Apple bug in a package ***
*** postinstall script that fails to correctly target ***
*** the Install macOS.app when installed to a volume  ***
*** other than the current boot volume.               ***
***       Please file feedback with Apple!            ***
*********************************************************
Product downloaded and installed to /Library/Management/erase-install/Install_macOS_13.3-22E252.sparseimage
   [run_installinstallmacos] Mounting sparse disk image to identify installer app.
   [erase-install] Installer is at: /Volumes/Install_macOS_13.3-22E252/Applications/Install macOS Ventura.app
   [erase-install] Invoking --move option
   [move_to_applications_folder] Moving installer to /Applications folder
Wed Mar 29 18:40:39 ASVM-12-0-1 super[2057]: **** TIMESTAMP ****
   [move_to_applications_folder] Mounted installer will be unmounted: /Volumes/Install_macOS_13.3-22E252/Applications/Install macOS Ventura.app
Volume Install_macOS_13.3-22E252 on disk4s2 force-unmounted
   [move_to_applications_folder] Installer moved to /Applications folder
   [erase-install] Closing jamfHelper download message (language=en)

   [erase-install] Cleaning working directory '/Library/Management/erase-install/content'

   [erase-install] attempting to terminate the 'caffeinate' process - Termination message indicates success
/Library/Management/erase-install/erase-install.sh: line 1047:  3774 Terminated: 15          /usr/bin/caffeinate -dimsu -w $$



   [finish] Script exit code: 0
Wed Mar 29 18:41:58 ASVM-12-0-1 super[2057]: **** TIMESTAMP ****
Wed Mar 29 18:41:58 ASVM-12-0-1 super[2057]: Status: Install macOS Ventura.app Gatekeeper validation.
Wed Mar 29 18:43:35 ASVM-12-0-1 super[2057]: **** S.U.P.E.R.M.A.N. 3.0b10 DOWNLOAD MACOS INSTALLER COMPLETE ****
Wed Mar 29 18:43:48 ASVM-12-0-1 super[2057]: **** S.U.P.E.R.M.A.N. 3.0b10 INSTALL macOS Ventura 13.3-22E252 START ****
By using the agreetolicense option, you are agreeing that you have run this tool with the license only option and have read and agreed to the terms.
If you do not agree, press CTRL-C and cancel this process immediately.
Preparing to run macOS Installer...

Preparing: 0.0%            Wed Mar 29 18:43:51 ASVM-12-0-1 super[2057]: **** TIMESTAMP ****

Preparing: 2.2%            
Preparing: 2.3%            
Preparing: 2.4%            
Preparing: 2.5%            
Preparing: 2.6%            
Preparing: 2.7%            
Preparing: 2.8%            
Preparing: 2.9%            
Preparing: 3.0%            
Preparing: 3.1%            
Preparing: 3.2%            
Preparing: 3.3%            
Preparing: 3.4%            
Preparing: 3.5%            
Preparing: 3.6%            
Preparing: 3.7%            
Preparing: 3.8%            
Preparing: 3.9%            
Preparing: 4.0%            
Preparing: 4.1%            
Preparing: 4.2%            
Preparing: 4.3%            
Preparing: 4.4%            
Preparing: 4.5%            
Preparing: 4.6%            
Preparing: 4.7%            
Preparing: 4.8%            
Preparing: 4.9%            
Preparing: 5.0%            
Preparing: 5.1%            
Preparing: 5.2%            
Preparing: 5.3%            
Preparing: 5.4%            
Preparing: 5.5%            
Preparing: 5.6%            
Preparing: 5.7%            
Preparing: 5.8%            
Preparing: 5.9%            
Preparing: 6.0%            
Preparing: 6.1%            
Preparing: 6.2%            
Preparing: 6.3%            
Preparing: 6.4%            
Preparing: 6.5%            
Preparing: 6.6%            
Preparing: 6.7%            
Preparing: 6.8%            
Preparing: 6.9%            
Preparing: 7.0%            
Preparing: 7.1%            
Preparing: 7.2%            
Preparing: 7.3%            
Preparing: 7.4%            
Preparing: 7.5%            
Preparing: 7.6%            
Preparing: 7.7%            
Preparing: 7.8%            
Preparing: 7.9%            
Preparing: 8.0%            
Preparing: 8.1%            
Preparing: 8.2%            
Preparing: 8.3%            
Preparing: 8.4%            
Preparing: 8.5%            
Preparing: 8.6%            
Preparing: 8.7%            
Preparing: 30.7%            
Preparing: 31.3%            
Preparing: 36.1%            
Preparing: 36.2%            
Preparing: 41.0%            
Preparing: 45.9%            
Preparing: 50.7%            
Preparing: 50.8%            
Preparing: 79.1%            
Preparing: 81.4%            
Preparing: 83.0%            
Preparing: 84.5%            
Preparing: 85.9%            
Preparing: 88.0%            
Preparing: 89.0%            
Preparing: 89.9%            
Preparing: 90.6%            
Preparing: 91.4%            
Preparing: 92.4%            
Preparing: 93.0%            
Preparing: 94.3%            
Preparing: 94.8%            
Preparing: 96.1%            
Preparing: 96.7%            
Preparing: 97.5%            
Preparing: 98.4%            
Preparing: 99.9%            
Preparing: 100.0%            Wed Mar 29 18:53:59 ASVM-12-0-1 super[2057]: **** TIMESTAMP ****
Wed Mar 29 18:53:59 ASVM-12-0-1 super[2057]: **** S.U.P.E.R.M.A.N. 3.0b10 INSTALL MACOS COMPLETED ****

Preparing: 100%          

Restarting...
System going down for install...
