
Wed May 03 15:24:43 ASVM-13-0 super[5447]: **** S.U.P.E.R.M.A.N. 3.0b11 DOWNLOAD macOS Security Response 13.3.1 (a) SOFTWAREUPDATE START ****
Software Update Tool

Finding available software
Downloading macOS Security Response 13.3.1 (a)

Downloading: 0.10%
Downloading: 1.00%
Downloading: 1.90%
Downloading: 3.00%
Downloading: 3.90%
Downloading: 4.00%
Wed May 03 15:24:48 ASVM-13-0 super[5447]: **** TIMESTAMP ****

Downloading: 6.90%
Downloading: 7.00%
Downloading: 8.90%
Downloading: 9.00%
Downloading: 9.90%
Downloading: 10.00%
Downloading: 16.00%
Downloading: 51.04%
Downloading: 53.90%
Downloading: 54.90%
Downloading: 55.00%
Downloading: 60.00%
Wed May 03 15:25:02 ASVM-13-0 super[5447]: **** TIMESTAMP ****

Downloading: 99.90%
Downloading: 100.00%
Downloaded: macOS Security Response 13.3.1 (a)

Wed May 03 15:27:19 ASVM-13-0 super[5447]: **** TIMESTAMP ****

Wed May 03 15:27:19 ASVM-13-0 super[5447]: **** S.U.P.E.R.M.A.N. 3.0b11 DOWNLOAD SOFTWAREUPDATE COMPLETED ****

Wed May 03 15:27:26 ASVM-13-0 super[5447]: **** S.U.P.E.R.M.A.N. 3.0b11 UPDATE macOS Security Response 13.3.1 (a)-22E772610a SOFTWAREUPDATE START ****
Software Update Tool

Finding available software
Downloading macOS Security Response 13.3.1 (a)

Downloaded: macOS Security Response 13.3.1 (a)

Wed May 03 15:27:32 ASVM-13-0 super[5447]: **** TIMESTAMP ****

Wed May 03 15:27:32 ASVM-13-0 super[5447]: **** TIMESTAMP ****

Wed May 03 15:27:32 ASVM-13-0 super[5447]: **** S.U.P.E.R.M.A.N. 3.0b11 UPDATE/UPGRADE MACOS SOFTWAREUPDATE COMPLETED ****
