Wed May 03 15:24:05 ASVM-13-0 super[3862]: **** S.U.P.E.R.M.A.N. 3.0b11 INSTALLATION ****
Wed May 03 15:24:05 ASVM-13-0 super[3862]: Installation: Copying file: /Library/Management/super/super
Wed May 03 15:24:05 ASVM-13-0 super[3862]: Installation: Creating search path link: /usr/local/bin/super
Wed May 03 15:24:05 ASVM-13-0 super[3862]: Installation: Creating LaunchDaemon helper: /Library/Management/super/super-starter
Wed May 03 15:24:05 ASVM-13-0 super[3862]: Installation: Setting permissions in: /Library/Management/super
Wed May 03 15:24:05 ASVM-13-0 super[3862]: **** S.U.P.E.R.M.A.N. 3.0b11 STARTUP ****
Wed May 03 15:24:05 ASVM-13-0 super[3862]: Startup: Deleting all local non-account preferences.
Wed May 03 15:24:05 ASVM-13-0 super[3862]: Status: Restarting automatically set zero day date.
Wed May 03 15:24:05 ASVM-13-0 super[3862]: Status: Restarting maximum deferral counters.
Wed May 03 15:24:06 ASVM-13-0 super[3862]: Status: Current GUI user name is "build".
Wed May 03 15:24:06 ASVM-13-0 super[3862]: Startup: No custom display icon found, copying default icon from: /System/Library/PrivateFrameworks/SoftwareUpdate.framework/Versions/A/Resources/SoftwareUpdate.icns
Wed May 03 15:24:06 ASVM-13-0 super[3862]: Startup: No saved accounts to delete.
Wed May 03 15:24:06 ASVM-13-0 super[3862]: Startup: Saving new credentials for local account "build"...
Wed May 03 15:24:07 ASVM-13-0 super[3862]: Startup: Validated saved credentials for local account "build".
Wed May 03 15:24:07 ASVM-13-0 super[3862]: Startup: Apple Silicon Mac computer running macOS 13.3.1-22E261.
Wed May 03 15:24:07 ASVM-13-0 super[3862]: Startup: Last macOS startup was Wed May 3 15:14.
Wed May 03 15:24:07 ASVM-13-0 super[3862]: Startup: macOS update/upgrade workflows authenticated via local account.
Wed May 03 15:24:07 ASVM-13-0 super[3862]: Startup: Attempting to download and install IBM Notifier.app...
Wed May 03 15:24:08 ASVM-13-0 super[3862]: Startup: Found that Jamf is installing or is the parent process, restarting with new LaunchDaemon...
Wed May 03 15:24:08 ASVM-13-0 super[3862]: Exit: LaunchDaemon com.macjutsu.super.plist is scheduled to start right now.
Wed May 03 15:24:08 ASVM-13-0 super[3862]: **** S.U.P.E.R.M.A.N. 3.0b11 EXIT ****
Wed May 03 15:24:08 ASVM-13-0 super-starter[4424]: **** S.U.P.E.R.M.A.N. 3.0b11 LAUNCHDAEMON ****
Wed May 03 15:24:08 ASVM-13-0 super[4444]: **** S.U.P.E.R.M.A.N. 3.0b11 STARTUP ****
Wed May 03 15:24:09 ASVM-13-0 super[4444]: Startup: Removing previous LaunchDaemon com.macjutsu.super.plist.
Wed May 03 15:24:09 ASVM-13-0 super[4444]: Status: Current GUI user name is "build".
Wed May 03 15:24:10 ASVM-13-0 super[4444]: Startup: Found saved credentials for local account "build".
Wed May 03 15:24:10 ASVM-13-0 super[4444]: Startup: Validated saved credentials for local account "build".
Wed May 03 15:24:10 ASVM-13-0 super[4444]: Startup: Apple Silicon Mac computer running macOS 13.3.1-22E261.
Wed May 03 15:24:10 ASVM-13-0 super[4444]: Startup: Last macOS startup was Wed May 3 15:14.
Wed May 03 15:24:10 ASVM-13-0 super[4444]: Startup: macOS update/upgrade workflows authenticated via local account.
Wed May 03 15:24:10 ASVM-13-0 super[4444]: Startup: Creating fail-safe startup LaunchDaemon.
Wed May 03 15:24:10 ASVM-13-0 super[4444]: Status: LaunchDaemon com.macjutsu.super.plist is scheduled at next startup.
Wed May 03 15:24:11 ASVM-13-0 super[4444]: **** S.U.P.E.R.M.A.N. 3.0b11 SKIP UPDATES/UPGRADE ****
Wed May 03 15:24:11 ASVM-13-0 super[4444]: Status: Recheck deferral is inactive.
Wed May 03 15:24:11 ASVM-13-0 super[4444]: Status: Removing previous LaunchDaemon com.macjutsu.super.plist.
Wed May 03 15:24:11 ASVM-13-0 super[4444]: **** S.U.P.E.R.M.A.N. 3.0b11 EXIT ****
Wed May 03 15:24:33 ASVM-13-0 super[4972]: **** S.U.P.E.R.M.A.N. 3.0b11 INSTALLATION ****
Wed May 03 15:24:33 ASVM-13-0 super[4972]: Installation: Copying file: /Library/Management/super/super
Wed May 03 15:24:33 ASVM-13-0 super[4972]: Installation: Creating search path link: /usr/local/bin/super
Wed May 03 15:24:33 ASVM-13-0 super[4972]: Installation: Creating LaunchDaemon helper: /Library/Management/super/super-starter
Wed May 03 15:24:33 ASVM-13-0 super[4972]: Installation: Setting permissions in: /Library/Management/super
Wed May 03 15:24:33 ASVM-13-0 super[4972]: **** S.U.P.E.R.M.A.N. 3.0b11 STARTUP ****
Wed May 03 15:24:33 ASVM-13-0 super[4972]: Status: Current GUI user name is "build".
Wed May 03 15:24:34 ASVM-13-0 super[4972]: Startup: Opening logs for user "build".
Wed May 03 15:24:34 ASVM-13-0 super[4972]: Startup: Found saved credentials for local account "build".
Wed May 03 15:24:34 ASVM-13-0 super[4972]: Startup: Validated saved credentials for local account "build".
Wed May 03 15:24:34 ASVM-13-0 super[4972]: Startup: Apple Silicon Mac computer running macOS 13.3.1-22E261.
Wed May 03 15:24:34 ASVM-13-0 super[4972]: Startup: Last macOS startup was Wed May 3 15:14.
Wed May 03 15:24:34 ASVM-13-0 super[4972]: Startup: macOS update/upgrade workflows authenticated via local account.
Wed May 03 15:24:35 ASVM-13-0 super[4972]: Startup: Found that Jamf is installing or is the parent process, restarting with new LaunchDaemon...
Wed May 03 15:24:35 ASVM-13-0 super[4972]: Exit: LaunchDaemon com.macjutsu.super.plist is scheduled to start right now.
Wed May 03 15:24:35 ASVM-13-0 super[4972]: **** S.U.P.E.R.M.A.N. 3.0b11 EXIT ****
Wed May 03 15:24:35 ASVM-13-0 super-starter[5434]: **** S.U.P.E.R.M.A.N. 3.0b11 LAUNCHDAEMON ****
Wed May 03 15:24:35 ASVM-13-0 super[5447]: **** S.U.P.E.R.M.A.N. 3.0b11 STARTUP ****
Wed May 03 15:24:36 ASVM-13-0 super[5447]: Startup: Removing previous LaunchDaemon com.macjutsu.super.plist.
Wed May 03 15:24:36 ASVM-13-0 super[5447]: Status: Current GUI user name is "build".
Wed May 03 15:24:36 ASVM-13-0 super[5447]: Startup: Found saved credentials for local account "build".
Wed May 03 15:24:37 ASVM-13-0 super[5447]: Startup: Validated saved credentials for local account "build".
Wed May 03 15:24:37 ASVM-13-0 super[5447]: Startup: Apple Silicon Mac computer running macOS 13.3.1-22E261.
Wed May 03 15:24:37 ASVM-13-0 super[5447]: Startup: Last macOS startup was Wed May 3 15:14.
Wed May 03 15:24:37 ASVM-13-0 super[5447]: Startup: macOS update/upgrade workflows authenticated via local account.
Wed May 03 15:24:37 ASVM-13-0 super[5447]: Startup: Creating fail-safe startup LaunchDaemon.
Wed May 03 15:24:37 ASVM-13-0 super[5447]: Status: LaunchDaemon com.macjutsu.super.plist is scheduled at next startup.
Wed May 03 15:24:37 ASVM-13-0 super[5447]: **** S.U.P.E.R.M.A.N. 3.0b11 CHECK SOFTWARE UPDATES/UPGRADE ****
Wed May 03 15:24:37 ASVM-13-0 super[5447]: Status: Last automatic software update check was less than 6 hours ago.
Wed May 03 15:24:37 ASVM-13-0 super[5447]: Status: No software update list cache, full update/upgrade check required.
Wed May 03 15:24:37 ASVM-13-0 super[5447]: Status: Starting full check for software updates...
Wed May 03 15:24:41 ASVM-13-0 super[5447]: softwareupdate: Waiting for update list...
Wed May 03 15:24:41 ASVM-13-0 super[5447]: Status: macOS Rapid Security Response update available: macOS Security Response 13.3.1 (a)-22E772610a.
Wed May 03 15:24:41 ASVM-13-0 super[5447]: Status: No available recommended (non-system) update(s) or they may be deferred via configuration profile.
Wed May 03 15:24:41 ASVM-13-0 super[5447]: Status: Starting full check for macOS upgrades...
Wed May 03 15:24:41 ASVM-13-0 super[5447]: mdmclient: Waiting for macOS upgrade list...
Wed May 03 15:24:43 ASVM-13-0 super[5447]: Status: No available macOS upgrade or it may be deferred via configuration profile.
Wed May 03 15:24:43 ASVM-13-0 super[5447]: **** S.U.P.E.R.M.A.N. 3.0b11 UPDATE MACOS 13.3.1 (a) SOFTWAREUPDATE ****
Wed May 03 15:24:43 ASVM-13-0 super[5447]: Status: Current GUI user name is "build".
Wed May 03 15:24:43 ASVM-13-0 super[5447]: Status: Setting new automatic day zero date to 2023-05-03:15:24.
Wed May 03 15:24:43 ASVM-13-0 super[5447]: softwareupdate: Starting macOS Security Response 13.3.1 (a) download workflow, check /Library/Management/super/asu.log for more detail.
Wed May 03 15:24:48 ASVM-13-0 super[5447]: softwareupdate: macOS Security Response 13.3.1 (a) is downloading...
Wed May 03 15:25:02 ASVM-13-0 super[5447]: softwareupdate: macOS Security Response 13.3.1 (a) download complete, now preparing...
Wed May 03 15:27:19 ASVM-13-0 super[5447]: softwareupdate: macOS Security Response 13.3.1 (a) download and preparation complete.
Wed May 03 15:27:20 ASVM-13-0 super[5447]: IBM Notifier: Ask for restart or defer dialog with no timeout.
Wed May 03 15:27:26 ASVM-13-0 super[5447]: Status: User chose to restart now.
Wed May 03 15:27:26 ASVM-13-0 super[5447]: IBM Notifier: Default restart soon notification.
Wed May 03 15:27:26 ASVM-13-0 super[5447]: softwareupdate: Starting macOS Security Response 13.3.1 (a)-22E772610a update workflow, check /Library/Management/super/asu.log for more detail.
Wed May 03 15:27:32 ASVM-13-0 super[5447]: softwareupdate: macOS Security Response 13.3.1 (a) is downloading...
Wed May 03 15:27:32 ASVM-13-0 super[5447]: softwareupdate: macOS update/upgrade is prepared and ready for restart.
Wed May 03 15:27:32 ASVM-13-0 super[5447]: Exit: macOS update/upgrade restart is imminent, super is scheduled to run at next startup.
Wed May 03 15:27:32 ASVM-13-0 super[5447]: **** S.U.P.E.R.M.A.N. 3.0b11 EXIT ****
Wed May 03 15:27:52 ASVM-13-0 super-starter[351]: **** S.U.P.E.R.M.A.N. 3.0b11 LAUNCHDAEMON ****
Wed May 03 15:27:54 ASVM-13-0 super[361]: **** S.U.P.E.R.M.A.N. 3.0b11 STARTUP ****
Wed May 03 15:27:54 ASVM-13-0 super[361]: Status: Restarting automatically set zero day date.
Wed May 03 15:27:54 ASVM-13-0 super[361]: Status: Restarting maximum deferral counters.
Wed May 03 15:27:55 ASVM-13-0 super[361]: Startup: Removing previous LaunchDaemon com.macjutsu.super.plist.
Wed May 03 15:27:55 ASVM-13-0 super[361]: Status: No GUI user currently logged in.
Wed May 03 15:27:55 ASVM-13-0 super[361]: Startup: Found saved credentials for local account "build".
Wed May 03 15:27:56 ASVM-13-0 super[361]: Startup: Validated saved credentials for local account "build".
Wed May 03 15:27:56 ASVM-13-0 super[361]: Startup: Apple Silicon Mac computer running macOS 13.3.1-22E772610a.
Wed May 03 15:27:56 ASVM-13-0 super[361]: Startup: Last macOS startup was Wed May 3 15:27.
Wed May 03 15:27:56 ASVM-13-0 super[361]: Startup: macOS update/upgrade workflows authenticated via local account.
Wed May 03 15:27:57 ASVM-13-0 super[361]: Startup: Creating fail-safe startup LaunchDaemon.
Wed May 03 15:27:57 ASVM-13-0 super[361]: Status: LaunchDaemon com.macjutsu.super.plist is scheduled at next startup.
Wed May 03 15:27:57 ASVM-13-0 super[361]: **** S.U.P.E.R.M.A.N. 3.0b11 RESTART VALIDATION ****
Wed May 03 15:27:57 ASVM-13-0 super[361]: Status: Starting full check for software updates...
Wed May 03 15:28:05 ASVM-13-0 super[361]: Status: No available software update(s) or they may be deferred via configuration profile.
Wed May 03 15:28:05 ASVM-13-0 super[361]: Status: Starting full check for macOS upgrades...
Wed May 03 15:28:05 ASVM-13-0 super[361]: mdmclient: Waiting for macOS upgrade list...
Wed May 03 15:28:07 ASVM-13-0 super[361]: Status: No available macOS upgrade or it may be deferred via configuration profile.
Wed May 03 15:28:07 ASVM-13-0 super[361]: Status: All available and enabled software updates/upgrade completed.
Wed May 03 15:28:07 ASVM-13-0 super[361]: Status: Submitting updated inventory to Jamf Pro. Use --verbose-mode or check /var/log/jamf.log for more detail...
Wed May 03 15:28:25 ASVM-13-0 super[361]: Status: Running Jamf Pro check-in policies. Use --verbose-mode or check /var/log/jamf.log for more detail...
Wed May 03 15:28:27 ASVM-13-0 super[361]: **** S.U.P.E.R.M.A.N. 3.0b11 CHECK SOFTWARE UPDATES/UPGRADE ****
Wed May 03 15:28:27 ASVM-13-0 super[361]: Status: Last automatic software update check was less than 6 hours ago.
Wed May 03 15:28:27 ASVM-13-0 super[361]: Status: No available software update(s) or they may be deferred via configuration profile.
Wed May 03 15:28:27 ASVM-13-0 super[361]: Status: No available macOS upgrade or it may be deferred via configuration profile.
Wed May 03 15:28:28 ASVM-13-0 super[361]: Status: Recheck deferral is inactive.
Wed May 03 15:28:28 ASVM-13-0 super[361]: Status: Removing previous LaunchDaemon com.macjutsu.super.plist.
Wed May 03 15:28:28 ASVM-13-0 super[361]: **** S.U.P.E.R.M.A.N. 3.0b11 EXIT ****
