Mon Aug 01 12:33:06 asvm super[2293]: **** S.U.P.E.R.M.A.N. MDM SYSTEM DOWNLOAD START ****
Filtering the log data using "subsystem == "com.apple.ManagedClient" AND category == "HTTPUtil""
Timestamp                       Thread     Type        Activity             PID    TTL  
2022-08-01 12:33:07.002431-0400 0x2fdb     Default     0x0                  2657   0    mdmclient: [com.apple.ManagedClient:HTTPUtil] [0:MDMDaemon:HTTPUtil:<0x2fdb>] >>>>> Sending HTTP request (PUT) [Idle] >>>>>
2022-08-01 12:33:07.171780-0400 0x2fdb     Default     0x0                  2657   0    mdmclient: [com.apple.ManagedClient:HTTPUtil] [0:MDMDaemon:HTTPUtil:<0x2fdb>] <<<<< Received HTTP response (200) [Idle] <<<<<
2022-08-01 12:33:07.190740-0400 0x2fdb     Default     0x0                  2657   0    mdmclient: [com.apple.ManagedClient:HTTPUtil] [0:MDMDaemon:HTTPUtil:<0x2fdb>] >>>>> Sending HTTP request (PUT) [Acknowledged(ScheduleOSUpdateScan):b560cba5-3ec8-42b6-9218-71fb95a6edca] >>>>>
2022-08-01 12:33:07.284988-0400 0x2fdb     Default     0x0                  2657   0    mdmclient: [com.apple.ManagedClient:HTTPUtil] [0:MDMDaemon:HTTPUtil:<0x2fdb>] <<<<< Received HTTP response (200) [Acknowledged(ScheduleOSUpdateScan):b560cba5-3ec8-42b6-9218-71fb95a6edca] <<<<<
2022-08-01 12:38:29.634862-0400 0x42b7     Default     0x0                  4117   0    mdmclient: [com.apple.ManagedClient:HTTPUtil] [0:MDMDaemon:HTTPUtil:<0x42b7>] >>>>> Sending HTTP request (PUT) [Idle] >>>>>
2022-08-01 12:38:29.825495-0400 0x42b7     Default     0x0                  4117   0    mdmclient: [com.apple.ManagedClient:HTTPUtil] [0:MDMDaemon:HTTPUtil:<0x42b7>] <<<<< Received HTTP response (200) [Idle] <<<<<
2022-08-01 12:38:30.871367-0400 0x42b7     Default     0x0                  4117   0    mdmclient: [com.apple.ManagedClient:HTTPUtil] [0:MDMDaemon:HTTPUtil:<0x42b7>] >>>>> Sending HTTP request (PUT) [Acknowledged(AvailableOSUpdates):0c70e5a7-c0c1-40a6-a43e-f464b35e41f7] >>>>>
2022-08-01 12:38:31.055192-0400 0x42b7     Default     0x0                  4117   0    mdmclient: [com.apple.ManagedClient:HTTPUtil] [0:MDMDaemon:HTTPUtil:<0x42b7>] <<<<< Received HTTP response (200) [Acknowledged(AvailableOSUpdates):0c70e5a7-c0c1-40a6-a43e-f464b35e41f7] <<<<<
2022-08-01 12:38:33.756725-0400 0x42b7     Default     0x0                  4117   0    mdmclient: [com.apple.ManagedClient:HTTPUtil] [0:MDMDaemon:HTTPUtil:<0x42b7>] >>>>> Sending HTTP request (PUT) [Acknowledged(ScheduleOSUpdate):dc215e1f-c710-43da-937a-d31bfd7d5958] >>>>>
2022-08-01 12:38:33.842087-0400 0x42b7     Default     0x0                  4117   0    mdmclient: [com.apple.ManagedClient:HTTPUtil] [0:MDMDaemon:HTTPUtil:<0x42b7>] <<<<< Received HTTP response (200) [Acknowledged(ScheduleOSUpdate):dc215e1f-c710-43da-937a-d31bfd7d5958] <<<<<
Mon Aug 01 12:38:33 asvm super[2293]: **** S.U.P.E.R.M.A.N. MDM SYSTEM DOWNLOAD END ****
Mon Aug 01 12:54:12 asvm super[2293]: **** S.U.P.E.R.M.A.N. MDM SYSTEM UPDATE START ****
Filtering the log data using "subsystem == "com.apple.ManagedClient" AND category == "HTTPUtil""
Timestamp                       Thread     Type        Activity             PID    TTL  
2022-08-01 12:54:13.345572-0400 0x5953     Default     0x0                  4748   0    mdmclient: [com.apple.ManagedClient:HTTPUtil] [0:MDMDaemon:HTTPUtil:<0x5953>] >>>>> Sending HTTP request (PUT) [Idle] >>>>>
2022-08-01 12:54:13.510476-0400 0x5953     Default     0x0                  4748   0    mdmclient: [com.apple.ManagedClient:HTTPUtil] [0:MDMDaemon:HTTPUtil:<0x5953>] <<<<< Received HTTP response (200) [Idle] <<<<<
2022-08-01 12:54:13.520795-0400 0x5953     Default     0x0                  4748   0    mdmclient: [com.apple.ManagedClient:HTTPUtil] [0:MDMDaemon:HTTPUtil:<0x5953>] >>>>> Sending HTTP request (PUT) [Acknowledged(ScheduleOSUpdateScan):6fd976d2-c6e6-47fd-8264-c2c085262813] >>>>>
2022-08-01 12:54:13.605638-0400 0x5953     Default     0x0                  4748   0    mdmclient: [com.apple.ManagedClient:HTTPUtil] [0:MDMDaemon:HTTPUtil:<0x5953>] <<<<< Received HTTP response (200) [Acknowledged(ScheduleOSUpdateScan):6fd976d2-c6e6-47fd-8264-c2c085262813] <<<<<
2022-08-01 12:59:31.038760-0400 0x6626     Default     0x0                  5477   0    mdmclient: [com.apple.ManagedClient:HTTPUtil] [0:MDMDaemon:HTTPUtil:<0x6626>] >>>>> Sending HTTP request (PUT) [Idle] >>>>>
2022-08-01 12:59:31.227989-0400 0x6626     Default     0x0                  5477   0    mdmclient: [com.apple.ManagedClient:HTTPUtil] [0:MDMDaemon:HTTPUtil:<0x6626>] <<<<< Received HTTP response (200) [Idle] <<<<<
2022-08-01 12:59:33.934787-0400 0x6626     Default     0x0                  5477   0    mdmclient: [com.apple.ManagedClient:HTTPUtil] [0:MDMDaemon:HTTPUtil:<0x6626>] >>>>> Sending HTTP request (PUT) [Acknowledged(AvailableOSUpdates):17d81b6a-5866-4c73-8229-9933c14fd90e] >>>>>
2022-08-01 12:59:34.077203-0400 0x6626     Default     0x0                  5477   0    mdmclient: [com.apple.ManagedClient:HTTPUtil] [0:MDMDaemon:HTTPUtil:<0x6626>] <<<<< Received HTTP response (200) [Acknowledged(AvailableOSUpdates):17d81b6a-5866-4c73-8229-9933c14fd90e] <<<<<
2022-08-01 12:59:36.834644-0400 0x6626     Default     0x0                  5477   0    mdmclient: [com.apple.ManagedClient:HTTPUtil] [0:MDMDaemon:HTTPUtil:<0x6626>] >>>>> Sending HTTP request (PUT) [Acknowledged(ScheduleOSUpdate):cea75749-f3be-48f9-9b34-87828a32a04f] >>>>>
2022-08-01 12:59:36.910717-0400 0x6626     Default     0x0                  5477   0    mdmclient: [com.apple.ManagedClient:HTTPUtil] [0:MDMDaemon:HTTPUtil:<0x6626>] <<<<< Received HTTP response (200) [Acknowledged(ScheduleOSUpdate):cea75749-f3be-48f9-9b34-87828a32a04f] <<<<<
Mon Aug 01 12:59:36 asvm super[2293]: **** S.U.P.E.R.M.A.N. MDM SYSTEM UPDATE END ****
