Mon Aug 01 12:31:10 asvm super[1284]: **** S.U.P.E.R.M.A.N. INSTALLER ****
Mon Aug 01 12:31:10 asvm super[1284]: Warning: IBM Notifier at path: /Library/Management/super/IBM Notifier.app is version 2.5.0, this does not match target version 2.7.1
Mon Aug 01 12:31:10 asvm super[1284]: Installer: Removing existing IBM Notifier.app.
Mon Aug 01 12:31:10 asvm super[1284]: Installer: Attempting to download and install IBM Notifier.app...
Mon Aug 01 12:31:11 asvm super[1284]: Installer: Copying file: /Library/Management/super/super
Mon Aug 01 12:31:11 asvm super[1284]: Installer: Creating default path link: /usr/local/bin/super
Mon Aug 01 12:31:11 asvm super[1284]: Installer: Creating file: /Library/Management/super/super-starter
Mon Aug 01 12:31:11 asvm super[1284]: Installer: Setting permissions in: /Library/Management/super
Mon Aug 01 12:31:11 asvm super[1284]: **** S.U.P.E.R.M.A.N. INSTALLER END ****
Mon Aug 01 12:31:11 asvm super[1284]: **** S.U.P.E.R.M.A.N. STARTER ****
Mon Aug 01 12:31:11 asvm super[1284]: Starter: Deleting all local non-account preferences.
Mon Aug 01 12:31:12 asvm super[1284]: Status: Current GUI user is build with a UID of 501.
Mon Aug 01 12:31:12 asvm super[1284]: Starter: No custom display icon found, copying default icon from: /System/Library/PreferencePanes/SoftwareUpdate.prefPane/Contents/Resources/SoftwareUpdate.icns
Mon Aug 01 12:31:13 asvm super[1284]: Starter: No saved accounts to delete.
Mon Aug 01 12:31:13 asvm super[1284]: Starter: Saving new credentials for Jamf Pro API account "super"...
Mon Aug 01 12:31:13 asvm super[1284]: Starter: Validated saved credentials for Jamf Pro API account "super".
Mon Aug 01 12:31:13 asvm super[1284]: Starter: Skip Apple software udates mode enabled.
Mon Aug 01 12:31:13 asvm super[1284]: Starter: Found that Jamf is installing or is the parent process, restarting with new LaunchDaemon...
Mon Aug 01 12:31:14 asvm super[1284]: Exit: LaunchDaemon com.macjutsu.super.plist is scheduled to start right now.
Mon Aug 01 12:31:14 asvm super[1284]: **** S.U.P.E.R.M.A.N. EXIT ****
Mon Aug 01 12:31:14 asvm super-starter[1647]: **** S.U.P.E.R.M.A.N. LAUNCHDAEMON ****
Mon Aug 01 12:31:14 asvm super[1660]: **** S.U.P.E.R.M.A.N. STARTER ****
Mon Aug 01 12:31:14 asvm super[1660]: Starter: Deleting previous LaunchDaemon com.macjutsu.super.plist.
Mon Aug 01 12:31:14 asvm super[1660]: Status: Current GUI user is build with a UID of 501.
Mon Aug 01 12:31:15 asvm super[1660]: Starter: Found saved credentials for Jamf Pro API account "super".
Mon Aug 01 12:31:17 asvm super[1660]: Starter: Validated saved credentials for Jamf Pro API account "super".
Mon Aug 01 12:31:17 asvm super[1660]: Starter: Bootstrap token escrow validated.
Mon Aug 01 12:31:17 asvm super[1660]: Starter: Skip Apple software udates mode enabled.
Mon Aug 01 12:31:17 asvm super[1660]: **** S.U.P.E.R.M.A.N. STARTER END ****
Mon Aug 01 12:31:17 asvm super[1660]: **** S.U.P.E.R.M.A.N. UPDATE APPLE SILICON JAMF PRO MDM ****
Mon Aug 01 12:31:17 asvm super[1660]: Skip Update Mode: Not checking for Apple software updates.
Mon Aug 01 12:31:17 asvm super[1660]: **** S.U.P.E.R.M.A.N. EXIT ****
Mon Aug 01 12:31:20 asvm super[1997]: **** S.U.P.E.R.M.A.N. INSTALLER ****
Mon Aug 01 12:31:20 asvm super[1997]: Installer: Copying file: /Library/Management/super/super
Mon Aug 01 12:31:20 asvm super[1997]: Installer: Creating default path link: /usr/local/bin/super
Mon Aug 01 12:31:20 asvm super[1997]: Installer: Creating file: /Library/Management/super/super-starter
Mon Aug 01 12:31:20 asvm super[1997]: Installer: Setting permissions in: /Library/Management/super
Mon Aug 01 12:31:20 asvm super[1997]: **** S.U.P.E.R.M.A.N. INSTALLER END ****
Mon Aug 01 12:31:20 asvm super[1997]: **** S.U.P.E.R.M.A.N. STARTER ****
Mon Aug 01 12:31:20 asvm super[1997]: Status: Current GUI user is build with a UID of 501.
Mon Aug 01 12:31:21 asvm super[1997]: Starter: Found saved credentials for Jamf Pro API account "super".
Mon Aug 01 12:31:22 asvm super[1997]: Starter: Validated saved credentials for Jamf Pro API account "super".
Mon Aug 01 12:31:22 asvm super[1997]: Starter: Bootstrap token escrow validated.
Mon Aug 01 12:31:22 asvm super[1997]: Starter: Found that Jamf is installing or is the parent process, restarting with new LaunchDaemon...
Mon Aug 01 12:31:22 asvm super[1997]: Exit: LaunchDaemon com.macjutsu.super.plist is scheduled to start right now.
Mon Aug 01 12:31:22 asvm super[1997]: **** S.U.P.E.R.M.A.N. EXIT ****
Mon Aug 01 12:31:22 asvm super-starter[2280]: **** S.U.P.E.R.M.A.N. LAUNCHDAEMON ****
Mon Aug 01 12:31:22 asvm super[2293]: **** S.U.P.E.R.M.A.N. STARTER ****
Mon Aug 01 12:31:23 asvm super[2293]: Starter: Deleting previous LaunchDaemon com.macjutsu.super.plist.
Mon Aug 01 12:31:23 asvm super[2293]: Status: Current GUI user is build with a UID of 501.
Mon Aug 01 12:31:24 asvm super[2293]: Starter: Found saved credentials for Jamf Pro API account "super".
Mon Aug 01 12:31:25 asvm super[2293]: Starter: Validated saved credentials for Jamf Pro API account "super".
Mon Aug 01 12:31:25 asvm super[2293]: Starter: Bootstrap token escrow validated.
Mon Aug 01 12:31:25 asvm super[2293]: **** S.U.P.E.R.M.A.N. STARTER END ****
Mon Aug 01 12:31:25 asvm super[2293]: **** S.U.P.E.R.M.A.N. UPDATE APPLE SILICON JAMF PRO MDM ****
Mon Aug 01 12:31:25 asvm super[2293]: Status: Checking available Apple software updates...
Mon Aug 01 12:32:29 asvm super[2293]: Status: 1 available non-restart "recommended" software udpate(s).
Mon Aug 01 12:32:29 asvm super[2293]: Status: Recommended Software Update 1: SFSymbolsAuto-3.3
Mon Aug 01 12:32:29 asvm super[2293]: Status: 1 available restart required system udpate(s).
Mon Aug 01 12:32:29 asvm super[2293]: Status: Restart Required System Update 1: macOS Monterey 12.5-21G72
Mon Aug 01 12:32:29 asvm super[2293]: Status: Starting softwareupdate install of recommended updates. Check /Library/Management/super/update.log or /var/log/install.log for more detail...
Mon Aug 01 12:32:29 asvm super[2293]: Status: Installing Recommended Software Update 1: SFSymbolsAuto-3.3...
Mon Aug 01 12:32:39 asvm super[2293]: Status: Installed Recommended Software Update: SF Symbols.
Mon Aug 01 12:32:39 asvm super[2293]: Status: Completed install of all recommended software updates.
Mon Aug 01 12:32:39 asvm super[2293]: Status: Checking available Apple software updates...
Mon Aug 01 12:32:47 asvm super[2293]: Status: No available non-restart "recommended" software udpate(s). Some may be deferred via MDM.
Mon Aug 01 12:32:47 asvm super[2293]: Status: 1 available restart required system udpate(s).
Mon Aug 01 12:32:47 asvm super[2293]: Status: Restart Required System Update 1: macOS Monterey 12.5-21G72
Mon Aug 01 12:32:48 asvm super[2293]: Status: Submiting updated inventory to Jamf Pro. Use "--verbose-mode" or check /var/log/jamf.log for more detail...
Mon Aug 01 12:33:03 asvm super[2293]: Status: Current GUI user is build with a UID of 501.
Mon Aug 01 12:33:03 asvm super[2293]: Status: Starting download of system udpate via MDM command...
Mon Aug 01 12:33:06 asvm super[2293]: Status: Successful MDM download command request.
Mon Aug 01 12:33:07 asvm super[2293]: Status: Recieved MDM command "ScheduleOSUpdateScan", checking back after Jamf Pro's mandatory 5 minute delay...
Mon Aug 01 12:38:29 asvm super[2293]: Status: Jamf Pro's mandatory 5 minute delay should be complete, sending Blank Push...
Mon Aug 01 12:38:29 asvm super[2293]: Status: Recieved MDM blank push.
Mon Aug 01 12:38:31 asvm super[2293]: Status: Recieved MDM command "AvailableOSUpdates".
Mon Aug 01 12:38:33 asvm super[2293]: Status: Recieved MDM command "ScheduleOSUpdate", download should start soon...
Mon Aug 01 12:38:45 asvm super[2293]: Status: Downloading system update...
Mon Aug 01 12:40:34 asvm super[2293]: Status: Download complete, now preparing system update, should be done in a few minutes...
Mon Aug 01 12:53:55 asvm super[2293]: Status: System update is downloaded and prepared.
Mon Aug 01 12:53:55 asvm super[2293]: Status: Downloaded System Update 1: macOS Monterey 12.5
Mon Aug 01 12:53:55 asvm super[2293]: Status: Setting new automatic day zero date to 2022-08-01:12:53.
Mon Aug 01 12:53:55 asvm super[2293]: IBM Notifier: Ask for restart or defer dialog...
Mon Aug 01 12:54:09 asvm super[2293]: Status: User chose to restart now.
Mon Aug 01 12:54:09 asvm super[2293]: IBM Notifier: Default MDM update notification.
Mon Aug 01 12:54:09 asvm super[2293]: Status: Starting install of system udpate via MDM command...
Mon Aug 01 12:54:13 asvm super[2293]: Status: Successful MDM update and restart command request.
Mon Aug 01 12:54:13 asvm super[2293]: Status: Recieved MDM command "ScheduleOSUpdateScan", checking back after Jamf Pro's mandatory 5 minute delay...
Mon Aug 01 12:59:30 asvm super[2293]: Status: Jamf Pro's mandatory 5 minute delay should be complete, sending Blank Push...
Mon Aug 01 12:59:30 asvm super[2293]: IBM Notifier: Default restart soon notification.
Mon Aug 01 12:59:31 asvm super[2293]: Status: Recieved MDM blank push.
Mon Aug 01 12:59:34 asvm super[2293]: Status: Recieved MDM command "AvailableOSUpdates".
Mon Aug 01 12:59:36 asvm super[2293]: Status: Recieved MDM command "ScheduleOSUpdate", restart should be soon...
Mon Aug 01 12:59:44 asvm super[2293]: Status: Software update process is complete, restart is imminent...
Mon Aug 01 12:59:44 asvm super[2293]: Status: Restarting automaticly set zero day date.
Mon Aug 01 12:59:44 asvm super[2293]: Status: Restarting maximum deferral counters.
Mon Aug 01 12:59:44 asvm super[2293]: Exit: LaunchDaemon com.macjutsu.super.plist is scheduled at next startup.
Mon Aug 01 12:59:44 asvm super[2293]: **** S.U.P.E.R.M.A.N. EXIT ****
Mon Aug 01 13:03:23 asvm super-starter[388]: **** S.U.P.E.R.M.A.N. LAUNCHDAEMON ****
Mon Aug 01 13:03:29 asvm super[614]: **** S.U.P.E.R.M.A.N. STARTER ****
Mon Aug 01 13:03:30 asvm super[614]: Starter: Deleting previous LaunchDaemon com.macjutsu.super.plist.
Mon Aug 01 13:03:30 asvm super[614]: Status: Current GUI user is build with a UID of 501.
Mon Aug 01 13:03:35 asvm super[614]: Starter: Found saved credentials for Jamf Pro API account "super".
Mon Aug 01 13:03:37 asvm super[614]: Starter: Validated saved credentials for Jamf Pro API account "super".
Mon Aug 01 13:03:37 asvm super[614]: Starter: Bootstrap token escrow validated.
Mon Aug 01 13:03:37 asvm super[614]: **** S.U.P.E.R.M.A.N. STARTER END ****
Mon Aug 01 13:03:37 asvm super[614]: **** S.U.P.E.R.M.A.N. UPDATE APPLE SILICON JAMF PRO MDM ****
Mon Aug 01 13:03:37 asvm super[614]: Status: System update restart validation.
Mon Aug 01 13:03:37 asvm super[614]: Status: Checking available Apple software updates...
Mon Aug 01 13:03:42 asvm super[614]: Status: Double-checking available Apple software updates...
Mon Aug 01 13:03:59 asvm super[614]: Status: No Apple software updates available. Some may be deferred via MDM.
Mon Aug 01 13:04:00 asvm super[614]: Status: Submiting updated inventory to Jamf Pro. Use "--verbose-mode" or check /var/log/jamf.log for more detail...
Mon Aug 01 13:04:19 asvm super[614]: Status: Running Jamf Pro check-in policies. Use "--verbose-mode" or check /var/log/jamf.log for more detail...
Mon Aug 01 13:04:26 asvm super[614]: **** S.U.P.E.R.M.A.N. EXIT ****
