
Wed May 03 15:34:44 ASVM-13-0 super[2620]: **** S.U.P.E.R.M.A.N. 3.0b11 DOWNLOAD macOS Security Response 13.3.1 (a) SOFTWAREUPDATE START ****
Software Update Tool

Finding available software
Downloading macOS Security Response 13.3.1 (a)

Downloading: 0.10%
Downloading: 1.00%
Downloading: 1.90%
Downloading: 3.00%
Downloading: 3.90%
Downloading: 4.00%
Wed May 03 15:34:51 ASVM-13-0 super[2620]: **** TIMESTAMP ****

Downloading: 6.90%
Downloading: 7.00%
Downloading: 8.90%
Downloading: 9.00%
Downloading: 9.90%
Downloading: 10.00%
Downloading: 16.00%
Downloading: 53.90%
Downloading: 54.90%
Downloading: 55.00%
Downloading: 60.00%
Wed May 03 15:35:05 ASVM-13-0 super[2620]: **** TIMESTAMP ****

Downloading: 99.90%
Downloading: 100.00%
Wed May 03 15:37:13 ASVM-13-0 super[2620]: **** TIMESTAMP ****

Downloaded: macOS Security Response 13.3.1 (a)

Wed May 03 15:37:13 ASVM-13-0 super[2620]: **** S.U.P.E.R.M.A.N. 3.0b11 DOWNLOAD SOFTWAREUPDATE COMPLETED ****

Wed May 03 15:44:56 ASVM-13-0 super[359]: **** S.U.P.E.R.M.A.N. 3.0b11 INSTALL RECOMMENDED (NON-SYSTEM) UPDATES SOFTWAREUPDATE START ****
Software Update Tool

Finding available software

Downloading SF Symbols
Downloaded SF Symbols
Wed May 03 15:45:10 ASVM-13-0 super[359]: **** TIMESTAMP ****

Wed May 03 15:45:10 ASVM-13-0 super[359]: **** TIMESTAMP ****

Installing SF Symbols
Done with SF Symbols
Done.

Wed May 03 15:45:14 ASVM-13-0 super[359]: **** TIMESTAMP ****

Wed May 03 15:45:14 ASVM-13-0 super[359]: **** TIMESTAMP ****

Wed May 03 15:45:14 ASVM-13-0 super[359]: **** S.U.P.E.R.M.A.N. 3.0b11 RECOMMENDED (NON-SYSTEM) UPDATES SOFTWAREUPDATE COMPLETED ****
