Wed May 03 15:37:28 ASVM-13-0 super[2620]: **** S.U.P.E.R.M.A.N. 3.0b11 UPDATE MACOS 13.3.1 (a) MDM START ****
Filtering the log data using "subsystem == "com.apple.ManagedClient" AND category == "HTTPUtil""
Timestamp               Ty Process[PID:TID]
2023-05-03 15:37:39.111 Df mdmclient[4719:44f7] [com.apple.ManagedClient:HTTPUtil] [0:MDMDaemon:HTTPUtil:<0x44f7>] >>>>> Sending HTTP request (PUT) [Idle] >>>>>
2023-05-03 15:37:39.291 Df mdmclient[4719:44f7] [com.apple.ManagedClient:HTTPUtil] [0:MDMDaemon:HTTPUtil:<0x44f7>] <<<<< Received HTTP response (200) [Idle] <<<<<
2023-05-03 15:37:39.301 Df mdmclient[4719:44f7] [com.apple.ManagedClient:HTTPUtil] [0:MDMDaemon:HTTPUtil:<0x44f7>] >>>>> Sending HTTP request (PUT) [Acknowledged(ScheduleOSUpdateScan):11adf2b5-52a5-4751-b82f-d0d114a4f5f5] >>>>>
2023-05-03 15:37:39.366 Df mdmclient[4719:44f7] [com.apple.ManagedClient:HTTPUtil] [0:MDMDaemon:HTTPUtil:<0x44f7>] <<<<< Received HTTP response (200) [Acknowledged(ScheduleOSUpdateScan):11adf2b5-52a5-4751-b82f-d0d114a4f5f5] <<<<<
Wed May 03 15:37:39 ASVM-13-0 super[2620]: **** TIMESTAMP ****
2023-05-03 15:37:39.514 Df mdmclient[4719:4878] [com.apple.ManagedClient:HTTPUtil] [0:MDMDaemon:HTTPUtil:<0x4878>] >>>>> Sending HTTP request (PUT) [Idle] >>>>>
2023-05-03 15:37:39.677 Df mdmclient[4719:4878] [com.apple.ManagedClient:HTTPUtil] [0:MDMDaemon:HTTPUtil:<0x4878>] <<<<< Received HTTP response (200) [Idle] <<<<<
Wed May 03 15:42:55 ASVM-13-0 super[2620]: **** TIMESTAMP ****
2023-05-03 15:42:55.910 Df mdmclient[6881:5f4e] [com.apple.ManagedClient:HTTPUtil] [0:MDMDaemon:HTTPUtil:<0x5f4e>] >>>>> Sending HTTP request (PUT) [Idle] >>>>>
2023-05-03 15:42:56.154 Df mdmclient[6881:5f4e] [com.apple.ManagedClient:HTTPUtil] [0:MDMDaemon:HTTPUtil:<0x5f4e>] <<<<< Received HTTP response (200) [Idle] <<<<<
Wed May 03 15:42:56 ASVM-13-0 super[2620]: **** TIMESTAMP ****
2023-05-03 15:42:59.326 Df mdmclient[6881:5f4e] [com.apple.ManagedClient:HTTPUtil] [0:MDMDaemon:HTTPUtil:<0x5f4e>] >>>>> Sending HTTP request (PUT) [Acknowledged(AvailableOSUpdates):2a6b797a-752b-46dd-86ed-e18333c7bf86] >>>>>
2023-05-03 15:42:59.403 Df mdmclient[6881:5f4e] [com.apple.ManagedClient:HTTPUtil] [0:MDMDaemon:HTTPUtil:<0x5f4e>] <<<<< Received HTTP response (200) [Acknowledged(AvailableOSUpdates):2a6b797a-752b-46dd-86ed-e18333c7bf86] <<<<<
Wed May 03 15:42:59 ASVM-13-0 super[2620]: **** TIMESTAMP ****
2023-05-03 15:42:59.474 Df mdmclient[6881:5f4d] [com.apple.ManagedClient:HTTPUtil] [0:MDMDaemon:HTTPUtil:<0x5f4d>] >>>>> Sending HTTP request (PUT) [Idle] >>>>>
2023-05-03 15:42:59.648 Df mdmclient[6881:5f4d] [com.apple.ManagedClient:HTTPUtil] [0:MDMDaemon:HTTPUtil:<0x5f4d>] <<<<< Received HTTP response (200) [Idle] <<<<<
Wed May 03 15:42:59 ASVM-13-0 super[2620]: **** TIMESTAMP ****
2023-05-03 15:42:59.667 Df mdmclient[6881:5f59] [com.apple.ManagedClient:HTTPUtil] [0:MDMDaemon:HTTPUtil:<0x5f59>] >>>>> Sending HTTP request (PUT) [MDM_GetBootstrapToken] >>>>>
2023-05-03 15:42:59.883 Df mdmclient[6881:5f59] [com.apple.ManagedClient:HTTPUtil] [0:MDMDaemon:HTTPUtil:<0x5f59>] <<<<< Received HTTP response (200) [MDM_GetBootstrapToken] <<<<<
2023-05-03 15:43:02.591 Df mdmclient[6881:5f4d] [com.apple.ManagedClient:HTTPUtil] [0:MDMDaemon:HTTPUtil:<0x5f4d>] >>>>> Sending HTTP request (PUT) [Acknowledged(ScheduleOSUpdate):8efca891-a98d-42ef-80a6-257c1d130f2c] >>>>>
2023-05-03 15:43:02.724 Df mdmclient[6881:5f4d] [com.apple.ManagedClient:HTTPUtil] [0:MDMDaemon:HTTPUtil:<0x5f4d>] <<<<< Received HTTP response (200) [Acknowledged(ScheduleOSUpdate):8efca891-a98d-42ef-80a6-257c1d130f2c] <<<<<
Wed May 03 15:43:02 ASVM-13-0 super[2620]: **** S.U.P.E.R.M.A.N. 3.0b11 UPDATE/UPGRADE MACOS MDM PUSH COMPLETED ****
