Wed May 03 15:34:10 ASVM-13-0 super[935]: **** S.U.P.E.R.M.A.N. 3.0b11 INSTALLATION ****
Wed May 03 15:34:10 ASVM-13-0 super[935]: Installation: Copying file: /Library/Management/super/super
Wed May 03 15:34:10 ASVM-13-0 super[935]: Installation: Creating search path link: /usr/local/bin/super
Wed May 03 15:34:10 ASVM-13-0 super[935]: Installation: Creating LaunchDaemon helper: /Library/Management/super/super-starter
Wed May 03 15:34:11 ASVM-13-0 super[935]: Installation: Setting permissions in: /Library/Management/super
Wed May 03 15:34:11 ASVM-13-0 super[935]: **** S.U.P.E.R.M.A.N. 3.0b11 STARTUP ****
Wed May 03 15:34:11 ASVM-13-0 super[935]: Startup: Deleting all local non-account preferences.
Wed May 03 15:34:11 ASVM-13-0 super[935]: Status: Restarting automatically set zero day date.
Wed May 03 15:34:11 ASVM-13-0 super[935]: Status: Restarting maximum deferral counters.
Wed May 03 15:34:12 ASVM-13-0 super[935]: Status: Current GUI user name is "build".
Wed May 03 15:34:12 ASVM-13-0 super[935]: Startup: No custom display icon found, copying default icon from: /System/Library/PrivateFrameworks/SoftwareUpdate.framework/Versions/A/Resources/SoftwareUpdate.icns
Wed May 03 15:34:13 ASVM-13-0 super[935]: Startup: No saved accounts to delete.
Wed May 03 15:34:13 ASVM-13-0 super[935]: Startup: Saving new credentials for Jamf Pro API account "super"...
Wed May 03 15:34:13 ASVM-13-0 super[935]: Startup: Validated saved credentials for Jamf Pro API account "super".
Wed May 03 15:34:13 ASVM-13-0 super[935]: Startup: Apple Silicon Mac computer running macOS 13.3.1-22E261.
Wed May 03 15:34:13 ASVM-13-0 super[935]: Startup: Last macOS startup was Wed May 3 15:33.
Wed May 03 15:34:13 ASVM-13-0 super[935]: Startup: macOS update/upgrade workflows authenticated via Jamf Pro API with no user authentication MDM failover.
Wed May 03 15:34:14 ASVM-13-0 super[935]: Startup: Attempting to download and install IBM Notifier.app...
Wed May 03 15:34:15 ASVM-13-0 super[935]: Startup: Found that Jamf is installing or is the parent process, restarting with new LaunchDaemon...
Wed May 03 15:34:15 ASVM-13-0 super[935]: Exit: LaunchDaemon com.macjutsu.super.plist is scheduled to start right now.
Wed May 03 15:34:15 ASVM-13-0 super[935]: **** S.U.P.E.R.M.A.N. 3.0b11 EXIT ****
Wed May 03 15:34:15 ASVM-13-0 super-starter[1523]: **** S.U.P.E.R.M.A.N. 3.0b11 LAUNCHDAEMON ****
Wed May 03 15:34:15 ASVM-13-0 super[1544]: **** S.U.P.E.R.M.A.N. 3.0b11 STARTUP ****
Wed May 03 15:34:16 ASVM-13-0 super[1544]: Startup: Removing previous LaunchDaemon com.macjutsu.super.plist.
Wed May 03 15:34:16 ASVM-13-0 super[1544]: Status: Current GUI user name is "build".
Wed May 03 15:34:16 ASVM-13-0 super[1544]: Startup: Found saved credentials for Jamf Pro API account "super".
Wed May 03 15:34:18 ASVM-13-0 super[1544]: Startup: Validated saved credentials for Jamf Pro API account "super".
Wed May 03 15:34:18 ASVM-13-0 super[1544]: Startup: Apple Silicon Mac computer running macOS 13.3.1-22E261.
Wed May 03 15:34:18 ASVM-13-0 super[1544]: Startup: Last macOS startup was Wed May 3 15:33.
Wed May 03 15:34:18 ASVM-13-0 super[1544]: Startup: macOS update/upgrade workflows authenticated via Jamf Pro API with no user authentication MDM failover.
Wed May 03 15:34:18 ASVM-13-0 super[1544]: Startup: Creating fail-safe startup LaunchDaemon.
Wed May 03 15:34:18 ASVM-13-0 super[1544]: Status: LaunchDaemon com.macjutsu.super.plist is scheduled at next startup.
Wed May 03 15:34:18 ASVM-13-0 super[1544]: **** S.U.P.E.R.M.A.N. 3.0b11 SKIP UPDATES/UPGRADE ****
Wed May 03 15:34:18 ASVM-13-0 super[1544]: Status: Recheck deferral is inactive.
Wed May 03 15:34:18 ASVM-13-0 super[1544]: Status: Removing previous LaunchDaemon com.macjutsu.super.plist.
Wed May 03 15:34:19 ASVM-13-0 super[1544]: **** S.U.P.E.R.M.A.N. 3.0b11 EXIT ****
Wed May 03 15:34:25 ASVM-13-0 super[2097]: **** S.U.P.E.R.M.A.N. 3.0b11 INSTALLATION ****
Wed May 03 15:34:25 ASVM-13-0 super[2097]: Installation: Copying file: /Library/Management/super/super
Wed May 03 15:34:25 ASVM-13-0 super[2097]: Installation: Creating search path link: /usr/local/bin/super
Wed May 03 15:34:25 ASVM-13-0 super[2097]: Installation: Creating LaunchDaemon helper: /Library/Management/super/super-starter
Wed May 03 15:34:25 ASVM-13-0 super[2097]: Installation: Setting permissions in: /Library/Management/super
Wed May 03 15:34:26 ASVM-13-0 super[2097]: **** S.U.P.E.R.M.A.N. 3.0b11 STARTUP ****
Wed May 03 15:34:26 ASVM-13-0 super[2097]: Status: Current GUI user name is "build".
Wed May 03 15:34:26 ASVM-13-0 super[2097]: Startup: Opening logs for user "build".
Wed May 03 15:34:27 ASVM-13-0 super[2097]: Startup: Found saved credentials for Jamf Pro API account "super".
Wed May 03 15:34:28 ASVM-13-0 super[2097]: Startup: Validated saved credentials for Jamf Pro API account "super".
Wed May 03 15:34:28 ASVM-13-0 super[2097]: Startup: Apple Silicon Mac computer running macOS 13.3.1-22E261.
Wed May 03 15:34:28 ASVM-13-0 super[2097]: Startup: Last macOS startup was Wed May 3 15:33.
Wed May 03 15:34:28 ASVM-13-0 super[2097]: Startup: macOS update/upgrade workflows authenticated via Jamf Pro API with no user authentication MDM failover.
Wed May 03 15:34:29 ASVM-13-0 super[2097]: Startup: Found that Jamf is installing or is the parent process, restarting with new LaunchDaemon...
Wed May 03 15:34:29 ASVM-13-0 super[2097]: Exit: LaunchDaemon com.macjutsu.super.plist is scheduled to start right now.
Wed May 03 15:34:29 ASVM-13-0 super[2097]: **** S.U.P.E.R.M.A.N. 3.0b11 EXIT ****
Wed May 03 15:34:29 ASVM-13-0 super-starter[2607]: **** S.U.P.E.R.M.A.N. 3.0b11 LAUNCHDAEMON ****
Wed May 03 15:34:29 ASVM-13-0 super[2620]: **** S.U.P.E.R.M.A.N. 3.0b11 STARTUP ****
Wed May 03 15:34:30 ASVM-13-0 super[2620]: Startup: Removing previous LaunchDaemon com.macjutsu.super.plist.
Wed May 03 15:34:30 ASVM-13-0 super[2620]: Status: Current GUI user name is "build".
Wed May 03 15:34:30 ASVM-13-0 super[2620]: Startup: Found saved credentials for Jamf Pro API account "super".
Wed May 03 15:34:31 ASVM-13-0 super[2620]: Startup: Validated saved credentials for Jamf Pro API account "super".
Wed May 03 15:34:31 ASVM-13-0 super[2620]: Startup: Apple Silicon Mac computer running macOS 13.3.1-22E261.
Wed May 03 15:34:31 ASVM-13-0 super[2620]: Startup: Last macOS startup was Wed May 3 15:33.
Wed May 03 15:34:31 ASVM-13-0 super[2620]: Startup: macOS update/upgrade workflows authenticated via Jamf Pro API with no user authentication MDM failover.
Wed May 03 15:34:32 ASVM-13-0 super[2620]: Startup: Creating fail-safe startup LaunchDaemon.
Wed May 03 15:34:32 ASVM-13-0 super[2620]: Status: LaunchDaemon com.macjutsu.super.plist is scheduled at next startup.
Wed May 03 15:34:32 ASVM-13-0 super[2620]: **** S.U.P.E.R.M.A.N. 3.0b11 CHECK SOFTWARE UPDATES/UPGRADE ****
Wed May 03 15:34:32 ASVM-13-0 super[2620]: Status: Last automatic software update check was less than 6 hours ago.
Wed May 03 15:34:32 ASVM-13-0 super[2620]: Status: No software update list cache, full update/upgrade check required.
Wed May 03 15:34:32 ASVM-13-0 super[2620]: Status: Starting full check for software updates...
Wed May 03 15:34:42 ASVM-13-0 super[2620]: softwareupdate: Waiting for update list...
Wed May 03 15:34:42 ASVM-13-0 super[2620]: Status: macOS Rapid Security Response update available: macOS Security Response 13.3.1 (a)-22E772610a.
Wed May 03 15:34:42 ASVM-13-0 super[2620]: Status: 1 available recommended (non-system) update(s).
Wed May 03 15:34:42 ASVM-13-0 super[2620]: Status: Recommended (non-system) update 1: SFSymbolsAuto-4.0
Wed May 03 15:34:42 ASVM-13-0 super[2620]: Status: Starting full check for macOS upgrades...
Wed May 03 15:34:42 ASVM-13-0 super[2620]: mdmclient: Waiting for macOS upgrade list...
Wed May 03 15:34:44 ASVM-13-0 super[2620]: Status: No available macOS upgrade or it may be deferred via configuration profile.
Wed May 03 15:34:44 ASVM-13-0 super[2620]: **** S.U.P.E.R.M.A.N. 3.0b11 UPDATE MACOS 13.3.1 (a) MDM PUSH ****
Wed May 03 15:34:44 ASVM-13-0 super[2620]: Status: Current GUI user name is "build".
Wed May 03 15:34:44 ASVM-13-0 super[2620]: Status: Setting new automatic day zero date to 2023-05-03:15:34.
Wed May 03 15:34:44 ASVM-13-0 super[2620]: softwareupdate: Starting macOS Security Response 13.3.1 (a) download workflow, check /Library/Management/super/asu.log for more detail.
Wed May 03 15:34:51 ASVM-13-0 super[2620]: softwareupdate: macOS Security Response 13.3.1 (a) is downloading...
Wed May 03 15:35:05 ASVM-13-0 super[2620]: softwareupdate: macOS Security Response 13.3.1 (a) download complete, now preparing...
Wed May 03 15:37:13 ASVM-13-0 super[2620]: softwareupdate: macOS Security Response 13.3.1 (a) download and preparation complete.
Wed May 03 15:37:13 ASVM-13-0 super[2620]: IBM Notifier: Ask for restart or defer dialog with no timeout.
Wed May 03 15:37:27 ASVM-13-0 super[2620]: Status: User chose to restart now.
Wed May 03 15:37:28 ASVM-13-0 super[2620]: Status: MDM service is currently available at: https://macjutsu.jamfcloud.com
Wed May 03 15:37:28 ASVM-13-0 super[2620]: Status: Bootstrap token escrowed and validated with MDM service.
Wed May 03 15:37:28 ASVM-13-0 super[2620]: IBM Notifier: Default preparing update notification showing a 5 minute estimate.
Wed May 03 15:37:28 ASVM-13-0 super[2620]: MDM: Starting macOS 13.3.1 (a) update workflow.
Wed May 03 15:37:28 ASVM-13-0 super[2620]: MDM: check /Library/Management/super/mdmCommand.log and /Library/Management/super/mdmWorkflow.log for more detail.
Wed May 03 15:37:28 ASVM-13-0 super[2620]: Status: Restarting various softwareupdate daemon processes...
Wed May 03 15:37:39 ASVM-13-0 super[2620]: MDM: Successful macOS update/upgrade command request.
Wed May 03 15:37:39 ASVM-13-0 super[2620]: MDM: Received push command "ScheduleOSUpdateScan", checking back after Jamf Pro's mandatory 5 minute delay...
Wed May 03 15:42:54 ASVM-13-0 super[2620]: MDM: Jamf Pro's mandatory 5 minute delay should be complete, sending Blank Push...
Wed May 03 15:42:55 ASVM-13-0 super[2620]: IBM Notifier: Default restart soon notification.
Wed May 03 15:42:55 ASVM-13-0 super[2620]: MDM: Received blank push.
Wed May 03 15:42:56 ASVM-13-0 super[2620]: MDM: Received blank push.
Wed May 03 15:42:59 ASVM-13-0 super[2620]: MDM: Received push command "AvailableOSUpdates".
Wed May 03 15:42:59 ASVM-13-0 super[2620]: MDM: Received blank push.
Wed May 03 15:43:02 ASVM-13-0 super[2620]: MDM: Received push command "ScheduleOSUpdate", local update/upgrade workflow should start soon...
Wed May 03 15:43:05 ASVM-13-0 super[2620]: MDM: macOS Security Response 13.3.1 (a)-22E772610a update is prepared and ready for restart.
Wed May 03 15:43:05 ASVM-13-0 super[2620]: Exit: macOS update/upgrade restart is imminent, super is scheduled to run at next startup.
Wed May 03 15:43:05 ASVM-13-0 super[2620]: **** S.U.P.E.R.M.A.N. 3.0b11 EXIT ****
Wed May 03 15:43:26 ASVM-13-0 super-starter[352]: **** S.U.P.E.R.M.A.N. 3.0b11 LAUNCHDAEMON ****
Wed May 03 15:43:28 ASVM-13-0 super[359]: **** S.U.P.E.R.M.A.N. 3.0b11 STARTUP ****
Wed May 03 15:43:28 ASVM-13-0 super[359]: Status: Restarting automatically set zero day date.
Wed May 03 15:43:28 ASVM-13-0 super[359]: Status: Restarting maximum deferral counters.
Wed May 03 15:43:29 ASVM-13-0 super[359]: Startup: Removing previous LaunchDaemon com.macjutsu.super.plist.
Wed May 03 15:43:29 ASVM-13-0 super[359]: Status: No GUI user currently logged in.
Wed May 03 15:43:29 ASVM-13-0 super[359]: Startup: Found saved credentials for Jamf Pro API account "super".
Wed May 03 15:44:49 ASVM-13-0 super[359]: Startup: Validated saved credentials for Jamf Pro API account "super".
Wed May 03 15:44:49 ASVM-13-0 super[359]: Startup: Apple Silicon Mac computer running macOS 13.3.1-22E772610a.
Wed May 03 15:44:49 ASVM-13-0 super[359]: Startup: Last macOS startup was Wed May 3 15:43.
Wed May 03 15:44:49 ASVM-13-0 super[359]: Startup: macOS update/upgrade workflows authenticated via Jamf Pro API with no user authentication MDM failover.
Wed May 03 15:44:50 ASVM-13-0 super[359]: Startup: Creating fail-safe startup LaunchDaemon.
Wed May 03 15:44:50 ASVM-13-0 super[359]: Status: LaunchDaemon com.macjutsu.super.plist is scheduled at next startup.
Wed May 03 15:44:50 ASVM-13-0 super[359]: **** S.U.P.E.R.M.A.N. 3.0b11 RESTART VALIDATION ****
Wed May 03 15:44:50 ASVM-13-0 super[359]: Status: Starting full check for software updates...
Wed May 03 15:44:54 ASVM-13-0 super[359]: softwareupdate: Waiting for update list...
Wed May 03 15:44:54 ASVM-13-0 super[359]: Status: No available macOS update(s) or they may be deferred via configuration profile.
Wed May 03 15:44:54 ASVM-13-0 super[359]: Status: 1 available recommended (non-system) update(s).
Wed May 03 15:44:54 ASVM-13-0 super[359]: Status: Recommended (non-system) update 1: SFSymbolsAuto-4.0
Wed May 03 15:44:54 ASVM-13-0 super[359]: Status: Starting full check for macOS upgrades...
Wed May 03 15:44:54 ASVM-13-0 super[359]: mdmclient: Waiting for macOS upgrade list...
Wed May 03 15:44:56 ASVM-13-0 super[359]: Status: No available macOS upgrade or it may be deferred via configuration profile.
Wed May 03 15:44:56 ASVM-13-0 super[359]: softwareupdate: Starting recommended (non-system) software installation workflow, check /Library/Management/super/asu.log for more detail.
Wed May 03 15:45:10 ASVM-13-0 super[359]: softwareupdate: SF Symbols is downloading...
Wed May 03 15:45:10 ASVM-13-0 super[359]: softwareupdate: SF Symbols download complete.
Wed May 03 15:45:14 ASVM-13-0 super[359]: softwareupdate: SF Symbols installed.
Wed May 03 15:45:14 ASVM-13-0 super[359]: Status: Completed installation of all recommended (non-system) updates.
Wed May 03 15:45:14 ASVM-13-0 super[359]: Status: Starting full check for software updates...
Wed May 03 15:45:20 ASVM-13-0 super[359]: Status: No available software update(s) or they may be deferred via configuration profile.
Wed May 03 15:45:20 ASVM-13-0 super[359]: Status: Starting full check for macOS upgrades...
Wed May 03 15:45:20 ASVM-13-0 super[359]: mdmclient: Waiting for macOS upgrade list...
Wed May 03 15:45:22 ASVM-13-0 super[359]: Status: No available macOS upgrade or it may be deferred via configuration profile.
Wed May 03 15:45:22 ASVM-13-0 super[359]: Status: All available and enabled software updates/upgrade completed.
Wed May 03 15:45:22 ASVM-13-0 super[359]: Status: Submitting updated inventory to Jamf Pro. Use --verbose-mode or check /var/log/jamf.log for more detail...
Wed May 03 15:45:41 ASVM-13-0 super[359]: Status: Running Jamf Pro check-in policies. Use --verbose-mode or check /var/log/jamf.log for more detail...
Wed May 03 15:45:43 ASVM-13-0 super[359]: **** S.U.P.E.R.M.A.N. 3.0b11 CHECK SOFTWARE UPDATES/UPGRADE ****
Wed May 03 15:45:43 ASVM-13-0 super[359]: Status: Last automatic software update check was less than 6 hours ago.
Wed May 03 15:45:43 ASVM-13-0 super[359]: Status: No available software update(s) or they may be deferred via configuration profile.
Wed May 03 15:45:43 ASVM-13-0 super[359]: Status: No available macOS upgrade or it may be deferred via configuration profile.
Wed May 03 15:45:44 ASVM-13-0 super[359]: Status: Recheck deferral is inactive.
Wed May 03 15:45:44 ASVM-13-0 super[359]: Status: Removing previous LaunchDaemon com.macjutsu.super.plist.
Wed May 03 15:45:44 ASVM-13-0 super[359]: **** S.U.P.E.R.M.A.N. 3.0b11 EXIT ****
