
   [erase-install] v27.3 script execution started: Thu May  4 05:03:51 PDT 2023
   [erase-install] Caffeinating this script (pid=4064)
   [erase-install] Looking for existing installer app or pkg
   [find_existing_installer] No valid installer found.
   [erase-install] Running on architecture arm64
   [check_installinstallmacos] installinstallmacos.py is in /Library/Management/erase-install
   [check_python] Relocatable Python is installed in /Library/Management/erase-install
   [run_installinstallmacos] List only mode chosen

   [run_installinstallmacos] This command is now being run:

   installinstallmacos.py --workdir /Library/Management/erase-install --list --warnings --raw

installinstallmacos.py - get macOS installers from the Apple software catalog

This Mac:
Model Identifier : VirtualMac2,1

Device ID        : VMA2MACOSAP
OS Version       : 12.3.1
Build ID         : 21E258

 #  ProductID       Version    Build    Post Date   Title                          Notes/Warnings
 1  061-26578       10.14.5    18F2059  2019-10-14  macOS Mojave                   Unsupported macOS version
 2  061-26589       10.14.6    18G103   2019-10-14  macOS Mojave                   Unsupported macOS version
 3  041-91758       10.13.6    17G66    2019-10-19  macOS High Sierra              Unsupported macOS version
 4  041-88800       10.14.4    18E2034  2019-10-23  macOS Mojave                   Unsupported macOS version
 5  041-90855       10.13.5    17F66a   2019-10-23  Install macOS High Sierra Beta Unsupported macOS version
 6  061-86291       10.15.3    19D2064  2020-03-23  macOS Catalina                 Unsupported macOS version
 7  001-04366       10.15.4    19E2269  2020-05-04  macOS Catalina                 Unsupported macOS version
 8  001-15219       10.15.5    19F2200  2020-06-15  macOS Catalina                 Unsupported macOS version
 9  001-36735       10.15.6    19G2006  2020-08-06  macOS Catalina                 Unsupported macOS version
10  001-36801       10.15.6    19G2021  2020-08-12  macOS Catalina                 Unsupported macOS version
11  001-51042       10.15.7    19H2     2020-09-24  macOS Catalina                 Unsupported macOS version
12  001-57224       10.15.7    19H4     2020-10-27  macOS Catalina                 Unsupported macOS version
13  001-68446       10.15.7    19H15    2020-11-11  macOS Catalina                 Unsupported macOS version
14  071-78704       11.5.2     20G95    2021-08-18  macOS Big Sur                  Unsupported macOS version
15  002-23589       11.6.1     20G224   2021-12-01  macOS Big Sur                  Unsupported macOS version
16  002-42341       11.6.2     20G314   2022-01-14  macOS Big Sur                  Unsupported macOS version
17  002-57023       11.6.3     20G415   2022-01-26  macOS Big Sur                  Unsupported macOS version
18  002-65695       11.6.4     20G417   2022-02-17  macOS Big Sur                  Unsupported macOS version
19  002-77154       11.6.5     20G527   2022-04-11  macOS Big Sur                  Unsupported macOS version
20  012-08272       11.6.6     20G624   2022-05-24  macOS Big Sur                  Unsupported macOS version
21  012-60271       13.1       22C65    2023-01-11  macOS Ventura                  
22  032-35706       13.2       22D49    2023-01-23  macOS Ventura                  
23  032-33756       11.7.3     20G1116  2023-01-31  macOS Big Sur                  Unsupported macOS version
24  032-33828       12.6.3     21G419   2023-01-31  macOS Monterey                 
25  032-50519       11.7.4     20G1120  2023-02-15  macOS Big Sur                  Unsupported macOS version
26  032-48342       13.2.1     22D68    2023-02-20  macOS Ventura                  
27  002-75541       13.3       22E252   2023-03-27  macOS Ventura                  
28  032-63749       12.6.4     21G526   2023-03-27  macOS Monterey                 
29  032-63762       11.7.5     20G1225  2023-03-27  macOS Big Sur                  Unsupported macOS version
30  032-66588       13.3.1     22E261   2023-04-17  macOS Ventura                  
31  032-71575       12.6.5     21G531   2023-04-17  macOS Monterey                 
32  032-71551       11.7.6     20G1231  2023-04-17  macOS Big Sur                  Unsupported macOS version

Latest valid build: 22E261 (# 30)

Valid seeding programs are: CustomerSeed, DeveloperSeed, PublicSeed


   [erase-install] attempting to terminate the 'caffeinate' process - Termination message indicates success
/Library/Management/erase-install/erase-install.sh: line 1047:  4081 Terminated: 15          /usr/bin/caffeinate -dimsu -w $$

   [finish] Script exit code: 0
