Thu May 04 05:11:54 ASVM-12-3-1 super[3334]: **** S.U.P.E.R.M.A.N. 3.0b11 INSTALL macOS Ventura 13.3.1-22E261 MDM START ****
Filtering the log data using "subsystem == "com.apple.ManagedClient" AND category == "HTTPUtil""
Timestamp               Ty Process[PID:TID]
2023-05-04 05:12:03.617 Df mdmclient[13645:73a2] [com.apple.ManagedClient:HTTPUtil] [0:MDMDaemon:HTTPUtil:<0x73a2>] >>>>> Sending HTTP request (PUT) [Idle] >>>>>
2023-05-04 05:12:03.908 Df mdmclient[13645:73a2] [com.apple.ManagedClient:HTTPUtil] [0:MDMDaemon:HTTPUtil:<0x73a2>] <<<<< Received HTTP response (200) [Idle] <<<<<
2023-05-04 05:12:03.919 Df mdmclient[13645:73a2] [com.apple.ManagedClient:HTTPUtil] [0:MDMDaemon:HTTPUtil:<0x73a2>] >>>>> Sending HTTP request (PUT) [Acknowledged(ScheduleOSUpdateScan):6c7d9d3d-b8f8-4c3e-b8e7-7d4a7750bea1] >>>>>
2023-05-04 05:12:03.995 Df mdmclient[13645:73a2] [com.apple.ManagedClient:HTTPUtil] [0:MDMDaemon:HTTPUtil:<0x73a2>] <<<<< Received HTTP response (200) [Acknowledged(ScheduleOSUpdateScan):6c7d9d3d-b8f8-4c3e-b8e7-7d4a7750bea1] <<<<<
2023-05-04 05:12:04.006 Df mdmclient[13645:73a2] [com.apple.ManagedClient:HTTPUtil] [0:MDMDaemon:HTTPUtil:<0x73a2>] >>>>> Sending HTTP request (PUT) [Idle] >>>>>
Thu May 04 05:12:04 ASVM-12-3-1 super[3334]: **** TIMESTAMP ****
2023-05-04 05:12:04.171 Df mdmclient[13645:73a2] [com.apple.ManagedClient:HTTPUtil] [0:MDMDaemon:HTTPUtil:<0x73a2>] <<<<< Received HTTP response (200) [Idle] <<<<<
Thu May 04 05:17:18 ASVM-12-3-1 super[3334]: **** TIMESTAMP ****
2023-05-04 05:17:18.456 Df mdmclient[15358:8721] [com.apple.ManagedClient:HTTPUtil] [0:MDMDaemon:HTTPUtil:<0x8721>] >>>>> Sending HTTP request (PUT) [Idle] >>>>>
2023-05-04 05:17:18.671 Df mdmclient[15358:8721] [com.apple.ManagedClient:HTTPUtil] [0:MDMDaemon:HTTPUtil:<0x8721>] <<<<< Received HTTP response (200) [Idle] <<<<<
Thu May 04 05:17:18 ASVM-12-3-1 super[3334]: **** TIMESTAMP ****
2023-05-04 05:17:21.387 Df mdmclient[15358:8721] [com.apple.ManagedClient:HTTPUtil] [0:MDMDaemon:HTTPUtil:<0x8721>] >>>>> Sending HTTP request (PUT) [Acknowledged(AvailableOSUpdates):b709cb9f-60ea-433a-8b44-d14767d5b850] >>>>>
2023-05-04 05:17:21.463 Df mdmclient[15358:8721] [com.apple.ManagedClient:HTTPUtil] [0:MDMDaemon:HTTPUtil:<0x8721>] <<<<< Received HTTP response (200) [Acknowledged(AvailableOSUpdates):b709cb9f-60ea-433a-8b44-d14767d5b850] <<<<<
Thu May 04 05:17:21 ASVM-12-3-1 super[3334]: **** TIMESTAMP ****
2023-05-04 05:17:21.535 Df mdmclient[15358:8722] [com.apple.ManagedClient:HTTPUtil] [0:MDMDaemon:HTTPUtil:<0x8722>] >>>>> Sending HTTP request (PUT) [Idle] >>>>>
2023-05-04 05:17:21.712 Df mdmclient[15358:8722] [com.apple.ManagedClient:HTTPUtil] [0:MDMDaemon:HTTPUtil:<0x8722>] <<<<< Received HTTP response (200) [Idle] <<<<<
Thu May 04 05:17:21 ASVM-12-3-1 super[3334]: **** TIMESTAMP ****
2023-05-04 05:17:24.475 Df mdmclient[15358:8722] [com.apple.ManagedClient:HTTPUtil] [0:MDMDaemon:HTTPUtil:<0x8722>] >>>>> Sending HTTP request (PUT) [Acknowledged(ScheduleOSUpdate):0f6c65be-2a9a-496d-a0b8-4c29b0e36de3] >>>>>
2023-05-04 05:17:24.613 Df mdmclient[15358:8722] [com.apple.ManagedClient:HTTPUtil] [0:MDMDaemon:HTTPUtil:<0x8722>] <<<<< Received HTTP response (200) [Acknowledged(ScheduleOSUpdate):0f6c65be-2a9a-496d-a0b8-4c29b0e36de3] <<<<<
Thu May 04 05:17:24 ASVM-12-3-1 super[3334]: **** S.U.P.E.R.M.A.N. 3.0b11 UPDATE/UPGRADE MACOS MDM PUSH COMPLETED ****
