Thu May 04 05:11:54 ASVM-12-3-1 super[3334]: **** S.U.P.E.R.M.A.N. 3.0b11 INSTALL macOS Ventura 13.3.1-22E261 MDM START ****
Filtering the log data using "process == "softwareupdated" AND composedMessage CONTAINS "Reported progress""
Timestamp               Ty Process[PID:TID]
2023-05-04 05:17:27.678 Df softwareupdated[13719:89b8] [com.apple.SoftwareUpdateMacController:SU] [SUMacControllerProgressManager] Reported progress (start): phase:ACCEPTED stalled:NO portionComplete:0.001000 estimatedTimeRemaining:-1.000000
2023-05-04 05:17:27.684 Df softwareupdated[13719:89b8] [com.apple.SoftwareUpdateMacController:SU] [SUMacControllerProgressManager] Reported progress (start): phase:PREFLIGHT_WAKEUP stalled:NO portionComplete:0.010000 estimatedTimeRemaining:-1.000000
Thu May 04 05:17:27 ASVM-12-3-1 super[3334]: **** TIMESTAMP ****
2023-05-04 05:17:28.080 Df softwareupdated[13719:87a5] [com.apple.SoftwareUpdateMacController:SU] [SUMacControllerProgressManager] Reported progress (end): phase:PREFLIGHT_WAKEUP stalled:NO portionComplete:0.999000 estimatedTimeRemaining:-1.000000
2023-05-04 05:17:28.080 Df softwareupdated[13719:87a5] [com.apple.SoftwareUpdateMacController:SU] [SUMacControllerProgressManager] Reported progress (end): phase:COMPLETED stalled:NO portionComplete:1.000000 estimatedTimeRemaining:-1.000000
2023-05-04 05:17:28.917 Df softwareupdated[13719:8770] [com.apple.SoftwareUpdateMacController:SU] [SUMacControllerProgressManager] Reported progress (start): phase:ACCEPTED stalled:NO portionComplete:0.001000 estimatedTimeRemaining:-1.000000
2023-05-04 05:17:28.917 Df softwareupdated[13719:8770] [com.apple.SoftwareUpdateMacController:SU] [SUMacControllerProgressManager] Reported progress (start): phase:PREFLIGHT_PREREQUISITE stalled:NO portionComplete:0.750000 estimatedTimeRemaining:-1.000000
2023-05-04 05:17:29.192 Df softwareupdated[13719:875c] [com.apple.SoftwareUpdateMacController:SU] [SUMacControllerProgressManager] Reported progress (end): phase:PREFLIGHT_PREREQUISITE stalled:NO portionComplete:0.999000 estimatedTimeRemaining:-1.000000
2023-05-04 05:17:29.192 Df softwareupdated[13719:875c] [com.apple.SoftwareUpdateMacController:SU] [SUMacControllerProgressManager] Reported progress (end): phase:COMPLETED stalled:NO portionComplete:1.000000 estimatedTimeRemaining:-1.000000
2023-05-04 05:17:29.287 Df softwareupdated[13719:875c] [com.apple.SoftwareUpdateMacController:SU] [SUMacControllerProgressManager] Reported progress (start): phase:ACCEPTED stalled:NO portionComplete:0.001000 estimatedTimeRemaining:-1.000000
2023-05-04 05:17:29.287 Df softwareupdated[13719:875c] [com.apple.SoftwareUpdateMacController:SU] [SUMacControllerProgressManager] Reported progress (start): phase:PREFLIGHT_PREREQUISITE stalled:NO portionComplete:0.750000 estimatedTimeRemaining:-1.000000
2023-05-04 05:17:29.441 Df softwareupdated[13719:8770] [com.apple.SoftwareUpdateMacController:SU] [SUMacControllerProgressManager] Reported progress (end): phase:PREFLIGHT_PREREQUISITE stalled:NO portionComplete:0.999000 estimatedTimeRemaining:-1.000000
2023-05-04 05:17:29.441 Df softwareupdated[13719:8770] [com.apple.SoftwareUpdateMacController:SU] [SUMacControllerProgressManager] Reported progress (end): phase:COMPLETED stalled:NO portionComplete:1.000000 estimatedTimeRemaining:-1.000000
2023-05-04 05:17:50.631 Df softwareupdated[13719:8afc] [com.apple.SoftwareUpdateMacController:SU] [SUMacControllerProgressManager] Reported progress (start): phase:ACCEPTED stalled:NO portionComplete:0.001000 estimatedTimeRemaining:-1.000000
2023-05-04 05:17:50.669 Df softwareupdated[13719:87a5] [com.apple.SoftwareUpdateMacController:SU] [SUMacControllerProgressManager] Reported progress (start): phase:READY stalled:NO portionComplete:0.990000 estimatedTimeRemaining:-1.000000
2023-05-04 05:19:56.897 Df softwareupdated[13719:9064] [com.apple.SoftwareUpdateMacController:SU] [SUMacControllerProgressManager] Reported progress (start): phase:ACCEPTED stalled:NO portionComplete:0.001000 estimatedTimeRemaining:-1.000000
2023-05-04 05:19:56.902 Df softwareupdated[13719:9064] [com.apple.SoftwareUpdateMacController:SU] [SUMacControllerProgressManager] Reported progress (start): phase:PREFLIGHT_WAKEUP stalled:NO portionComplete:0.010000 estimatedTimeRemaining:-1.000000
2023-05-04 05:20:01.306 Df softwareupdated[13719:9063] [com.apple.SoftwareUpdateMacController:SU] [SUMacControllerProgressManager] Reported progress (end): phase:PREFLIGHT_WAKEUP stalled:NO portionComplete:0.079000 estimatedTimeRemaining:-1.000000
2023-05-04 05:20:01.307 Df softwareupdated[13719:9063] [com.apple.SoftwareUpdateMacController:SU] [SUMacControllerProgressManager] Reported progress (start): phase:PREFLIGHT_PREREQUISITE stalled:NO portionComplete:0.080000 estimatedTimeRemaining:-1.000000
2023-05-04 05:20:01.456 Df softwareupdated[13719:8cd3] [com.apple.SoftwareUpdateMacController:SU] [SUMacControllerProgressManager] Reported progress (end): phase:PREFLIGHT_PREREQUISITE stalled:NO portionComplete:0.149000 estimatedTimeRemaining:-1.000000
2023-05-04 05:20:01.481 Df softwareupdated[13719:8cd3] [com.apple.SoftwareUpdateMacController:SU] [SUMacControllerProgressManager] Reported progress (start): phase:PREFLIGHT_PERSONALIZE stalled:NO portionComplete:0.150000 estimatedTimeRemaining:-1.000000
2023-05-04 05:20:16.271 Df softwareupdated[13719:9072] [com.apple.SoftwareUpdateMacController:SU] [SUMacControllerProgressManager] Reported progress (start): phase:PREFLIGHT_FDR_RECOVERY stalled:NO portionComplete:0.220000 estimatedTimeRemaining:-1.000000
2023-05-04 05:20:17.190 Df softwareupdated[13719:8cd3] [com.apple.SoftwareUpdateMacController:SU] [SUMacControllerProgressManager] Reported progress (start): phase:PREPARING_UPDATE stalled:NO portionComplete:0.290000 estimatedTimeRemaining:-1.000000
Thu May 04 05:20:17 ASVM-12-3-1 super[3334]: **** TIMESTAMP ****
2023-05-04 05:22:59.696 Df softwareupdated[13719:9539] [com.apple.SoftwareUpdateMacController:SU] [SUMacControllerProgressManager] Reported progress (inter): phase:PREPARING_UPDATE stalled:NO portionComplete:0.290035 estimatedTimeRemaining:-1.000000
2023-05-04 05:26:39.423 Df softwareupdated[13719:9af0] [com.apple.SoftwareUpdateMacController:SU] [SUMacControllerProgressManager] Reported progress (inter): phase:PREPARING_UPDATE stalled:NO portionComplete:0.690745 estimatedTimeRemaining:-1.000000
2023-05-04 05:26:54.427 Df softwareupdated[13719:9b25] [com.apple.SoftwareUpdateMacController:SU] [SUMacControllerProgressManager] Reported progress (inter): phase:PREPARING_UPDATE stalled:NO portionComplete:0.718476 estimatedTimeRemaining:-1.000000
2023-05-04 05:26:55.427 Df softwareupdated[13719:9ab5] [com.apple.SoftwareUpdateMacController:SU] [SUMacControllerProgressManager] Reported progress (inter): phase:PREPARING_UPDATE stalled:NO portionComplete:0.739680 estimatedTimeRemaining:-1.000000
2023-05-04 05:26:56.427 Df softwareupdated[13719:9ab5] [com.apple.SoftwareUpdateMacController:SU] [SUMacControllerProgressManager] Reported progress (inter): phase:PREPARING_UPDATE stalled:NO portionComplete:0.753426 estimatedTimeRemaining:-1.000000
2023-05-04 05:26:59.430 Df softwareupdated[13719:9ab5] [com.apple.SoftwareUpdateMacController:SU] [SUMacControllerProgressManager] Reported progress (inter): phase:PREPARING_UPDATE stalled:NO portionComplete:0.779929 estimatedTimeRemaining:-1.000000
2023-05-04 05:27:00.431 Df softwareupdated[13719:9b26] [com.apple.SoftwareUpdateMacController:SU] [SUMacControllerProgressManager] Reported progress (inter): phase:PREPARING_UPDATE stalled:NO portionComplete:0.816239 estimatedTimeRemaining:-1.000000
2023-05-04 05:27:01.431 Df softwareupdated[13719:9b24] [com.apple.SoftwareUpdateMacController:SU] [SUMacControllerProgressManager] Reported progress (inter): phase:PREPARING_UPDATE stalled:NO portionComplete:0.826774 estimatedTimeRemaining:-1.000000
2023-05-04 05:27:03.431 Df softwareupdated[13719:9b24] [com.apple.SoftwareUpdateMacController:SU] [SUMacControllerProgressManager] Reported progress (inter): phase:PREPARING_UPDATE stalled:NO portionComplete:0.840045 estimatedTimeRemaining:-1.000000
2023-05-04 05:27:04.486 Df softwareupdated[13719:9b24] [com.apple.SoftwareUpdateMacController:SU] [SUMacControllerProgressManager] Reported progress (inter): phase:PREPARING_UPDATE stalled:NO portionComplete:0.854907 estimatedTimeRemaining:-1.000000
2023-05-04 05:27:05.486 Df softwareupdated[13719:9ab5] [com.apple.SoftwareUpdateMacController:SU] [SUMacControllerProgressManager] Reported progress (inter): phase:PREPARING_UPDATE stalled:NO portionComplete:0.866082 estimatedTimeRemaining:-1.000000
2023-05-04 05:27:06.486 Df softwareupdated[13719:9b24] [com.apple.SoftwareUpdateMacController:SU] [SUMacControllerProgressManager] Reported progress (inter): phase:PREPARING_UPDATE stalled:NO portionComplete:0.876599 estimatedTimeRemaining:-1.000000
2023-05-04 05:27:07.487 Df softwareupdated[13719:9b24] [com.apple.SoftwareUpdateMacController:SU] [SUMacControllerProgressManager] Reported progress (inter): phase:PREPARING_UPDATE stalled:NO portionComplete:0.891105 estimatedTimeRemaining:-1.000000
2023-05-04 05:27:10.488 Df softwareupdated[13719:9ab5] [com.apple.SoftwareUpdateMacController:SU] [SUMacControllerProgressManager] Reported progress (inter): phase:PREPARING_UPDATE stalled:NO portionComplete:0.901758 estimatedTimeRemaining:-1.000000
2023-05-04 05:27:11.488 Df softwareupdated[13719:9b26] [com.apple.SoftwareUpdateMacController:SU] [SUMacControllerProgressManager] Reported progress (inter): phase:PREPARING_UPDATE stalled:NO portionComplete:0.917642 estimatedTimeRemaining:-1.000000
2023-05-04 05:27:12.488 Df softwareupdated[13719:9ab5] [com.apple.SoftwareUpdateMacController:SU] [SUMacControllerProgressManager] Reported progress (inter): phase:PREPARING_UPDATE stalled:NO portionComplete:0.925692 estimatedTimeRemaining:-1.000000
2023-05-04 05:27:14.489 Df softwareupdated[13719:9ab5] [com.apple.SoftwareUpdateMacController:SU] [SUMacControllerProgressManager] Reported progress (inter): phase:PREPARING_UPDATE stalled:NO portionComplete:0.944426 estimatedTimeRemaining:-1.000000
2023-05-04 05:27:15.490 Df softwareupdated[13719:9b24] [com.apple.SoftwareUpdateMacController:SU] [SUMacControllerProgressManager] Reported progress (inter): phase:PREPARING_UPDATE stalled:NO portionComplete:0.952380 estimatedTimeRemaining:-1.000000
2023-05-04 05:27:16.491 Df softwareupdated[13719:9b24] [com.apple.SoftwareUpdateMacController:SU] [SUMacControllerProgressManager] Reported progress (inter): phase:PREPARING_UPDATE stalled:NO portionComplete:0.963320 estimatedTimeRemaining:-1.000000
2023-05-04 05:27:17.491 Df softwareupdated[13719:9b25] [com.apple.SoftwareUpdateMacController:SU] [SUMacControllerProgressManager] Reported progress (inter): phase:PREPARING_UPDATE stalled:NO portionComplete:0.976084 estimatedTimeRemaining:-1.000000
2023-05-04 05:27:18.491 Df softwareupdated[13719:9b25] [com.apple.SoftwareUpdateMacController:SU] [SUMacControllerProgressManager] Reported progress (inter): phase:PREPARING_UPDATE stalled:NO portionComplete:0.982010 estimatedTimeRemaining:-1.000000
2023-05-04 05:28:10.199 Df softwareupdated[13719:9072] [com.apple.SoftwareUpdateMacController:SU] [SUMacControllerProgressManager] Reported progress (end): phase:PREPARED stalled:NO portionComplete:0.999000 estimatedTimeRemaining:-1.000000
2023-05-04 05:28:10.199 Df softwareupdated[13719:9072] [com.apple.SoftwareUpdateMacController:SU] [SUMacControllerProgressManager] Reported progress (end): phase:COMPLETED stalled:NO portionComplete:1.000000 estimatedTimeRemaining:-1.000000
Thu May 04 05:28:10 ASVM-12-3-1 super[3334]: **** TIMESTAMP ****
2023-05-04 05:29:11.950 Df softwareupdated[13719:9edd] [com.apple.SoftwareUpdateMacController:SU] [SUMacControllerProgressManager] Reported progress (start): phase:ACCEPTED stalled:NO portionComplete:0.001000 estimatedTimeRemaining:-1.000000
2023-05-04 05:29:11.950 Df softwareupdated[13719:9edd] [com.apple.SoftwareUpdateMacController:SU] [SUMacControllerProgressManager] Reported progress (start): phase:APPLYING stalled:NO portionComplete:0.010000 estimatedTimeRemaining:-1.000000
Thu May 04 05:29:11 ASVM-12-3-1 super[3334]: **** TIMESTAMP ****
Thu May 04 05:29:11 ASVM-12-3-1 super[3334]: **** S.U.P.E.R.M.A.N. 3.0b11 UPDATE/UPGRADE MACOS MDM COMPLETED ****
