Thu May 04 05:02:32 ASVM-12-3-1 super[1639]: **** S.U.P.E.R.M.A.N. 3.0b11 INSTALLATION ****
Thu May 04 05:02:32 ASVM-12-3-1 super[1639]: Installation: Copying file: /Library/Management/super/super
Thu May 04 05:02:32 ASVM-12-3-1 super[1639]: Installation: Creating search path link: /usr/local/bin/super
Thu May 04 05:02:32 ASVM-12-3-1 super[1639]: Installation: Creating LaunchDaemon helper: /Library/Management/super/super-starter
Thu May 04 05:02:32 ASVM-12-3-1 super[1639]: Installation: Setting permissions in: /Library/Management/super
Thu May 04 05:02:32 ASVM-12-3-1 super[1639]: **** S.U.P.E.R.M.A.N. 3.0b11 STARTUP ****
Thu May 04 05:02:32 ASVM-12-3-1 super[1639]: Startup: Deleting all local non-account preferences.
Thu May 04 05:02:32 ASVM-12-3-1 super[1639]: Status: Restarting automatically set zero day date.
Thu May 04 05:02:32 ASVM-12-3-1 super[1639]: Status: Restarting maximum deferral counters.
Thu May 04 05:02:33 ASVM-12-3-1 super[1639]: Status: Current GUI user name is "build".
Thu May 04 05:02:33 ASVM-12-3-1 super[1639]: Startup: No custom display icon found, copying default icon from: /System/Library/PrivateFrameworks/SoftwareUpdate.framework/Versions/A/Resources/SoftwareUpdate.icns
Thu May 04 05:02:34 ASVM-12-3-1 super[1639]: Startup: No saved accounts to delete.
Thu May 04 05:02:34 ASVM-12-3-1 super[1639]: Startup: Saving new credentials for Jamf Pro API account "super"...
Thu May 04 05:02:34 ASVM-12-3-1 super[1639]: Startup: Validated saved credentials for Jamf Pro API account "super".
Thu May 04 05:02:34 ASVM-12-3-1 super[1639]: Startup: Apple Silicon Mac computer running macOS 12.3.1-21E258.
Thu May 04 05:02:34 ASVM-12-3-1 super[1639]: Startup: Last macOS startup was Thu May 4 05:01.
Thu May 04 05:02:34 ASVM-12-3-1 super[1639]: Startup: macOS update/upgrade workflows authenticated via Jamf Pro API with no user authentication MDM failover.
Thu May 04 05:02:35 ASVM-12-3-1 super[1639]: Startup: Attempting to download and install IBM Notifier.app...
Thu May 04 05:02:36 ASVM-12-3-1 super[1639]: Startup: Found that Jamf is installing or is the parent process, restarting with new LaunchDaemon...
Thu May 04 05:02:36 ASVM-12-3-1 super[1639]: Exit: LaunchDaemon com.macjutsu.super.plist is scheduled to start right now.
Thu May 04 05:02:36 ASVM-12-3-1 super[1639]: **** S.U.P.E.R.M.A.N. 3.0b11 EXIT ****
Thu May 04 05:02:36 ASVM-12-3-1 super-starter[2221]: **** S.U.P.E.R.M.A.N. 3.0b11 LAUNCHDAEMON ****
Thu May 04 05:02:36 ASVM-12-3-1 super[2242]: **** S.U.P.E.R.M.A.N. 3.0b11 STARTUP ****
Thu May 04 05:02:37 ASVM-12-3-1 super[2242]: Startup: Removing previous LaunchDaemon com.macjutsu.super.plist.
Thu May 04 05:02:37 ASVM-12-3-1 super[2242]: Status: Current GUI user name is "build".
Thu May 04 05:02:37 ASVM-12-3-1 super[2242]: Startup: Found saved credentials for Jamf Pro API account "super".
Thu May 04 05:02:38 ASVM-12-3-1 super[2242]: Startup: Validated saved credentials for Jamf Pro API account "super".
Thu May 04 05:02:38 ASVM-12-3-1 super[2242]: Startup: Apple Silicon Mac computer running macOS 12.3.1-21E258.
Thu May 04 05:02:38 ASVM-12-3-1 super[2242]: Startup: Last macOS startup was Thu May 4 05:01.
Thu May 04 05:02:38 ASVM-12-3-1 super[2242]: Startup: macOS update/upgrade workflows authenticated via Jamf Pro API with no user authentication MDM failover.
Thu May 04 05:02:38 ASVM-12-3-1 super[2242]: Startup: Creating fail-safe startup LaunchDaemon.
Thu May 04 05:02:38 ASVM-12-3-1 super[2242]: Status: LaunchDaemon com.macjutsu.super.plist is scheduled at next startup.
Thu May 04 05:02:38 ASVM-12-3-1 super[2242]: **** S.U.P.E.R.M.A.N. 3.0b11 SKIP UPDATES/UPGRADE ****
Thu May 04 05:02:39 ASVM-12-3-1 super[2242]: Status: Recheck deferral is inactive.
Thu May 04 05:02:39 ASVM-12-3-1 super[2242]: Status: Removing previous LaunchDaemon com.macjutsu.super.plist.
Thu May 04 05:02:39 ASVM-12-3-1 super[2242]: **** S.U.P.E.R.M.A.N. 3.0b11 EXIT ****
Thu May 04 05:03:18 ASVM-12-3-1 super[2786]: **** S.U.P.E.R.M.A.N. 3.0b11 INSTALLATION ****
Thu May 04 05:03:18 ASVM-12-3-1 super[2786]: Installation: Copying file: /Library/Management/super/super
Thu May 04 05:03:18 ASVM-12-3-1 super[2786]: Installation: Creating search path link: /usr/local/bin/super
Thu May 04 05:03:18 ASVM-12-3-1 super[2786]: Installation: Creating LaunchDaemon helper: /Library/Management/super/super-starter
Thu May 04 05:03:18 ASVM-12-3-1 super[2786]: Installation: Setting permissions in: /Library/Management/super
Thu May 04 05:03:18 ASVM-12-3-1 super[2786]: **** S.U.P.E.R.M.A.N. 3.0b11 STARTUP ****
Thu May 04 05:03:18 ASVM-12-3-1 super[2786]: Status: Current GUI user name is "build".
Thu May 04 05:03:19 ASVM-12-3-1 super[2786]: Startup: Opening logs for user "build".
Thu May 04 05:03:19 ASVM-12-3-1 super[2786]: Startup: Found saved credentials for Jamf Pro API account "super".
Thu May 04 05:03:20 ASVM-12-3-1 super[2786]: Startup: Validated saved credentials for Jamf Pro API account "super".
Thu May 04 05:03:20 ASVM-12-3-1 super[2786]: Startup: Apple Silicon Mac computer running macOS 12.3.1-21E258.
Thu May 04 05:03:20 ASVM-12-3-1 super[2786]: Startup: Last macOS startup was Thu May 4 05:01.
Thu May 04 05:03:20 ASVM-12-3-1 super[2786]: Startup: macOS update/upgrade workflows authenticated via Jamf Pro API with no user authentication MDM failover.
Thu May 04 05:03:20 ASVM-12-3-1 super[2786]: Startup: Attempting to download and install erase-install.pkg...
Thu May 04 05:03:26 ASVM-12-3-1 super[2786]: Startup: Found that Jamf is installing or is the parent process, restarting with new LaunchDaemon...
Thu May 04 05:03:26 ASVM-12-3-1 super[2786]: Exit: LaunchDaemon com.macjutsu.super.plist is scheduled to start right now.
Thu May 04 05:03:26 ASVM-12-3-1 super[2786]: **** S.U.P.E.R.M.A.N. 3.0b11 EXIT ****
Thu May 04 05:03:26 ASVM-12-3-1 super-starter[3321]: **** S.U.P.E.R.M.A.N. 3.0b11 LAUNCHDAEMON ****
Thu May 04 05:03:26 ASVM-12-3-1 super[3334]: **** S.U.P.E.R.M.A.N. 3.0b11 STARTUP ****
Thu May 04 05:03:27 ASVM-12-3-1 super[3334]: Startup: Removing previous LaunchDaemon com.macjutsu.super.plist.
Thu May 04 05:03:27 ASVM-12-3-1 super[3334]: Status: Current GUI user name is "build".
Thu May 04 05:03:27 ASVM-12-3-1 super[3334]: Startup: Found saved credentials for Jamf Pro API account "super".
Thu May 04 05:03:28 ASVM-12-3-1 super[3334]: Startup: Validated saved credentials for Jamf Pro API account "super".
Thu May 04 05:03:28 ASVM-12-3-1 super[3334]: Startup: Apple Silicon Mac computer running macOS 12.3.1-21E258.
Thu May 04 05:03:28 ASVM-12-3-1 super[3334]: Startup: Last macOS startup was Thu May 4 05:01.
Thu May 04 05:03:28 ASVM-12-3-1 super[3334]: Startup: macOS update/upgrade workflows authenticated via Jamf Pro API with no user authentication MDM failover.
Thu May 04 05:03:29 ASVM-12-3-1 super[3334]: Startup: Creating fail-safe startup LaunchDaemon.
Thu May 04 05:03:29 ASVM-12-3-1 super[3334]: Status: LaunchDaemon com.macjutsu.super.plist is scheduled at next startup.
Thu May 04 05:03:29 ASVM-12-3-1 super[3334]: **** S.U.P.E.R.M.A.N. 3.0b11 CHECK SOFTWARE UPDATES/UPGRADE ****
Thu May 04 05:03:29 ASVM-12-3-1 super[3334]: Status: Last automatic software update check was less than 6 hours ago.
Thu May 04 05:03:29 ASVM-12-3-1 super[3334]: Status: No software update list cache, full update/upgrade check required.
Thu May 04 05:03:29 ASVM-12-3-1 super[3334]: Status: Starting full check for software updates...
Thu May 04 05:03:48 ASVM-12-3-1 super[3334]: softwareupdate: Waiting for update list...
Thu May 04 05:03:48 ASVM-12-3-1 super[3334]: Status: 2 macOS versions available via softwareupdate.
Thu May 04 05:03:48 ASVM-12-3-1 super[3334]: Status: macOS update 1: macOS Ventura 13.3.1-22E261
Thu May 04 05:03:48 ASVM-12-3-1 super[3334]: Status: macOS update 2: macOS Monterey 12.6.5-21G531
Thu May 04 05:03:48 ASVM-12-3-1 super[3334]: Status: macOS update available: macOS Monterey 12.6.5-21G531
Thu May 04 05:03:48 ASVM-12-3-1 super[3334]: Status: 1 available recommended (non-system) update(s).
Thu May 04 05:03:48 ASVM-12-3-1 super[3334]: Status: Recommended (non-system) update 1: SFSymbolsAuto-4.0
Thu May 04 05:03:48 ASVM-12-3-1 super[3334]: Status: Starting full check for macOS upgrades...
Thu May 04 05:03:48 ASVM-12-3-1 super[3334]: mdmclient: Waiting for macOS upgrade list...
Thu May 04 05:03:51 ASVM-12-3-1 super[3334]: erase-install.sh: Waiting for macOS installer list...
Thu May 04 05:04:01 ASVM-12-3-1 super[3334]: Status: macOS upgrade available via installer: macOS Ventura 13.3.1-22E261
Thu May 04 05:04:01 ASVM-12-3-1 super[3334]: **** S.U.P.E.R.M.A.N. 3.0b11 UPGRADE MACOS 13.3.1 MDM PUSH ****
Thu May 04 05:04:01 ASVM-12-3-1 super[3334]: Status: Current GUI user name is "build".
Thu May 04 05:04:01 ASVM-12-3-1 super[3334]: Status: Setting new automatic day zero date to 2023-05-04:05:04.
Thu May 04 05:04:01 ASVM-12-3-1 super[3334]: erase-install.sh: Starting macOS Ventura 13.3.1-22E261 download instaler workflow, check /Library/Management/super/installer.log for more detail.
Thu May 04 05:04:02 ASVM-12-3-1 super[3334]: erase-install.sh: Install macOS Ventura.app is downloading...
Thu May 04 05:08:52 ASVM-12-3-1 super[3334]: erase-install.sh: Install macOS Ventura.app download complete, now preparing...
Thu May 04 05:08:54 ASVM-12-3-1 super[3334]: erase-install.sh: Install macOS Ventura.app is prepared, now moving to /Applications...
Thu May 04 05:10:11 ASVM-12-3-1 super[3334]: Status: Install macOS Ventura.app Gatekeeper validation...
Thu May 04 05:11:49 ASVM-12-3-1 super[3334]: Status: macOS installer is now available at: /Applications/Install macOS Ventura.app
Thu May 04 05:11:49 ASVM-12-3-1 super[3334]: IBM Notifier: Ask for restart or defer dialog with no timeout.
Thu May 04 05:11:53 ASVM-12-3-1 super[3334]: Status: User chose to restart now.
Thu May 04 05:11:53 ASVM-12-3-1 super[3334]: Status: MDM service is currently available at: https://macjutsu.jamfcloud.com
Thu May 04 05:11:53 ASVM-12-3-1 super[3334]: Status: Bootstrap token escrowed with MDM service.
Thu May 04 05:11:54 ASVM-12-3-1 super[3334]: IBM Notifier: Default preparing update notification showing a 25-30 minute estimate.
Thu May 04 05:11:54 ASVM-12-3-1 super[3334]: MDM: Starting macOS Ventura 13.3.1-22E261 install workflow.
Thu May 04 05:11:54 ASVM-12-3-1 super[3334]: MDM: check /Library/Management/super/mdmCommand.log and /Library/Management/super/mdmWorkflow.log for more detail.
Thu May 04 05:11:54 ASVM-12-3-1 super[3334]: Status: Restarting various softwareupdate daemon processes...
Thu May 04 05:12:03 ASVM-12-3-1 super[3334]: MDM: Successful macOS update/upgrade command request.
Thu May 04 05:12:04 ASVM-12-3-1 super[3334]: MDM: Received push command "ScheduleOSUpdateScan", checking back after Jamf Pro's mandatory 5 minute delay...
Thu May 04 05:17:18 ASVM-12-3-1 super[3334]: MDM: Jamf Pro's mandatory 5 minute delay should be complete, sending Blank Push...
Thu May 04 05:17:18 ASVM-12-3-1 super[3334]: IBM Notifier: Default preparing update notification showing a 20-25 minute estimate.
Thu May 04 05:17:18 ASVM-12-3-1 super[3334]: MDM: Received blank push.
Thu May 04 05:17:18 ASVM-12-3-1 super[3334]: MDM: Received blank push.
Thu May 04 05:17:21 ASVM-12-3-1 super[3334]: MDM: Received push command "AvailableOSUpdates".
Thu May 04 05:17:21 ASVM-12-3-1 super[3334]: MDM: Received blank push.
Thu May 04 05:17:24 ASVM-12-3-1 super[3334]: MDM: Received push command "ScheduleOSUpdate", local update/upgrade workflow should start soon...
Thu May 04 05:17:27 ASVM-12-3-1 super[3334]: MDM: macOS Ventura 13.3.1-22E261 installer preflight...
Thu May 04 05:20:17 ASVM-12-3-1 super[3334]: MDM: macOS Ventura 13.3.1-22E261 installer preparing...
Thu May 04 05:20:17 ASVM-12-3-1 super[3334]: IBM Notifier: Default preparing update notification showing a 10-15 minute estimate.
Thu May 04 05:28:10 ASVM-12-3-1 super[3334]: MDM: macOS Ventura 13.3.1-22E261 installer is prepared, system restart is soon...
Thu May 04 05:28:10 ASVM-12-3-1 super[3334]: IBM Notifier: Default restart soon notification.
Thu May 04 05:29:11 ASVM-12-3-1 super[3334]: MDM: macOS Ventura 13.3.1-22E261 installer is prepared and ready for restart.
Thu May 04 05:29:11 ASVM-12-3-1 super[3334]: MDM: Forcing logout for user "build" with UID 501.
Thu May 04 05:29:12 ASVM-12-3-1 super[3334]: Exit: macOS update/upgrade restart is imminent, super is scheduled to run at next startup.
Thu May 04 05:29:12 ASVM-12-3-1 super[3334]: **** S.U.P.E.R.M.A.N. 3.0b11 EXIT ****
Thu May 04 05:32:03 ASVM-12-3-1 super-starter[398]: **** S.U.P.E.R.M.A.N. 3.0b11 LAUNCHDAEMON ****
Thu May 04 05:32:05 ASVM-12-3-1 super[435]: **** S.U.P.E.R.M.A.N. 3.0b11 STARTUP ****
Thu May 04 05:32:05 ASVM-12-3-1 super[435]: Status: Restarting automatically set zero day date.
Thu May 04 05:32:05 ASVM-12-3-1 super[435]: Status: Restarting maximum deferral counters.
Thu May 04 05:32:06 ASVM-12-3-1 super[435]: Startup: Removing previous LaunchDaemon com.macjutsu.super.plist.
Thu May 04 05:32:06 ASVM-12-3-1 super[435]: Status: No GUI user currently logged in.
Thu May 04 05:32:06 ASVM-12-3-1 super[435]: Startup: Found saved credentials for Jamf Pro API account "super".
Thu May 04 05:32:08 ASVM-12-3-1 super[435]: Startup: Validated saved credentials for Jamf Pro API account "super".
Thu May 04 05:32:08 ASVM-12-3-1 super[435]: Startup: Apple Silicon Mac computer running macOS 13.3.1-22E261.
Thu May 04 05:32:08 ASVM-12-3-1 super[435]: Startup: Last macOS startup was Thu May 4 05:31.
Thu May 04 05:32:08 ASVM-12-3-1 super[435]: Startup: macOS update/upgrade workflows authenticated via Jamf Pro API with no user authentication MDM failover.
Thu May 04 05:32:09 ASVM-12-3-1 super[435]: Startup: Creating fail-safe startup LaunchDaemon.
Thu May 04 05:32:09 ASVM-12-3-1 super[435]: Status: LaunchDaemon com.macjutsu.super.plist is scheduled at next startup.
Thu May 04 05:32:09 ASVM-12-3-1 super[435]: **** S.U.P.E.R.M.A.N. 3.0b11 RESTART VALIDATION ****
Thu May 04 05:32:09 ASVM-12-3-1 super[435]: Status: Starting full check for software updates...
Thu May 04 05:32:16 ASVM-12-3-1 super[435]: softwareupdate: Waiting for update list...
Thu May 04 05:32:16 ASVM-12-3-1 super[435]: Status: macOS Rapid Security Response update available but not allowed: macOS Security Response 13.3.1 (a)-22E772610a.
Thu May 04 05:32:16 ASVM-12-3-1 super[435]: Status: No available recommended (non-system) update(s) or they may be deferred via configuration profile.
Thu May 04 05:32:16 ASVM-12-3-1 super[435]: Status: Starting full check for macOS upgrades...
Thu May 04 05:32:16 ASVM-12-3-1 super[435]: mdmclient: Waiting for macOS upgrade list...
Thu May 04 05:32:19 ASVM-12-3-1 super[435]: Status: No available macOS upgrade or it may be deferred via configuration profile.
Thu May 04 05:32:19 ASVM-12-3-1 super[435]: Status: All available and enabled software updates/upgrade completed.
Thu May 04 05:32:19 ASVM-12-3-1 super[435]: Status: Submitting updated inventory to Jamf Pro. Use --verbose-mode or check /var/log/jamf.log for more detail...
Thu May 04 05:32:37 ASVM-12-3-1 super[435]: Status: Running Jamf Pro check-in policies. Use --verbose-mode or check /var/log/jamf.log for more detail...
Thu May 04 05:32:41 ASVM-12-3-1 super[435]: **** S.U.P.E.R.M.A.N. 3.0b11 CHECK SOFTWARE UPDATES/UPGRADE ****
Thu May 04 05:32:41 ASVM-12-3-1 super[435]: Status: Last automatic software update check was less than 6 hours ago.
Thu May 04 05:32:41 ASVM-12-3-1 super[435]: Status: Cached software update list appears to be accurate.
Thu May 04 05:32:41 ASVM-12-3-1 super[435]: Status: macOS Rapid Security Response update available but not allowed: macOS Security Response 13.3.1 (a)-22E772610a.
Thu May 04 05:32:41 ASVM-12-3-1 super[435]: Status: No available recommended (non-system) update(s) or they may be deferred via configuration profile.
Thu May 04 05:32:41 ASVM-12-3-1 super[435]: Status: No available macOS upgrade or it may be deferred via configuration profile.
Thu May 04 05:32:41 ASVM-12-3-1 super[435]: Status: Recheck deferral is inactive.
Thu May 04 05:32:41 ASVM-12-3-1 super[435]: Status: Removing previous LaunchDaemon com.macjutsu.super.plist.
Thu May 04 05:32:41 ASVM-12-3-1 super[435]: **** S.U.P.E.R.M.A.N. 3.0b11 EXIT ****
