
Wed Mar 29 17:55:53 ASVM-12-3-1 super[1824]: **** S.U.P.E.R.M.A.N. 3.0b10 DOWNLOAD macOS Ventura 13.3 SOFTWAREUPDATE START ****
Software Update Tool

Finding available software
Downloading macOS Ventura 13.3

Downloading: 0.10%
Downloading: 1.00%
Wed Mar 29 17:56:01 ASVM-12-3-1 super[1824]: **** TIMESTAMP ****

Downloading: 1.90%
Downloading: 3.00%
Downloading: 3.90%
Downloading: 4.00%
Downloading: 6.90%
Downloading: 7.00%
Downloading: 8.90%
Downloading: 9.00%
Downloading: 9.90%
Downloading: 10.00%
Downloading: 16.00%
Downloading: 17.32%
Downloading: 17.55%
Downloading: 17.80%
Downloading: 18.06%
Downloading: 18.34%
Downloading: 18.62%
Downloading: 18.91%
Downloading: 19.07%
Downloading: 19.23%
Downloading: 19.40%
Downloading: 19.58%
Downloading: 19.77%
Downloading: 19.97%
Downloading: 20.14%
Downloading: 20.25%
Downloading: 20.36%
Downloading: 20.45%
Downloading: 20.60%
Downloading: 20.77%
Downloading: 20.84%
Downloading: 20.93%
Downloading: 21.07%
Downloading: 21.16%
Downloading: 21.23%
Downloading: 21.33%
Downloading: 21.44%
Downloading: 21.56%
Downloading: 21.67%
Downloading: 21.74%
Downloading: 21.88%
Downloading: 22.02%
Downloading: 22.17%
Downloading: 22.33%
Downloading: 22.49%
Downloading: 22.63%
Downloading: 22.77%
Downloading: 22.96%
Downloading: 23.10%
Downloading: 23.30%
Downloading: 23.52%
Downloading: 23.73%
Downloading: 23.95%
Downloading: 24.19%
Downloading: 24.43%
Downloading: 24.68%
Downloading: 24.94%
Downloading: 25.20%
Downloading: 25.48%
Downloading: 25.76%
Downloading: 25.97%
Downloading: 26.24%
Downloading: 26.47%
Downloading: 26.74%
Downloading: 27.03%
Downloading: 27.31%
Downloading: 27.59%
Downloading: 27.83%
Downloading: 28.05%
Downloading: 28.22%
Downloading: 28.41%
Downloading: 28.65%
Downloading: 28.86%
Downloading: 29.08%
Downloading: 29.29%
Downloading: 29.51%
Downloading: 29.76%
Downloading: 30.01%
Downloading: 30.19%
Downloading: 30.47%
Downloading: 30.74%
Downloading: 31.02%
Downloading: 31.29%
Downloading: 31.58%
Downloading: 31.87%
Downloading: 31.93%
Downloading: 32.10%
Downloading: 32.37%
Downloading: 32.66%
Downloading: 32.87%
Downloading: 33.17%
Downloading: 33.43%
Downloading: 33.70%
Downloading: 33.99%
Downloading: 34.29%
Downloading: 34.58%
Downloading: 34.89%
Downloading: 35.16%
Downloading: 35.47%
Downloading: 35.78%
Downloading: 36.09%
Downloading: 36.41%
Downloading: 36.73%
Downloading: 37.00%
Downloading: 37.28%
Downloading: 37.58%
Downloading: 37.88%
Downloading: 37.89%
Downloading: 38.11%
Downloading: 38.27%
Downloading: 38.45%
Downloading: 38.74%
Downloading: 39.07%
Downloading: 39.38%
Downloading: 39.70%
Downloading: 39.99%
Downloading: 40.28%
Downloading: 40.59%
Downloading: 40.90%
Downloading: 41.22%
Downloading: 41.54%
Downloading: 41.85%
Downloading: 42.12%
Downloading: 42.39%
Downloading: 42.64%
Downloading: 42.80%
Downloading: 42.96%
Downloading: 43.12%
Downloading: 43.30%
Downloading: 43.47%
Downloading: 43.56%
Downloading: 43.75%
Downloading: 43.92%
Downloading: 43.99%
Downloading: 44.02%
Downloading: 44.05%
Downloading: 44.09%
Downloading: 44.14%
Downloading: 44.23%
Downloading: 44.29%
Downloading: 44.41%
Downloading: 44.61%
Downloading: 44.85%
Downloading: 45.10%
Downloading: 45.30%
Downloading: 45.56%
Downloading: 45.82%
Downloading: 46.08%
Downloading: 46.36%
Downloading: 46.65%
Downloading: 46.94%
Downloading: 47.24%
Downloading: 47.47%
Downloading: 47.78%
Downloading: 48.09%
Downloading: 48.39%
Downloading: 48.70%
Downloading: 49.01%
Downloading: 49.33%
Downloading: 49.64%
Downloading: 49.96%
Downloading: 50.27%
Downloading: 50.58%
Downloading: 50.89%
Downloading: 51.19%
Downloading: 51.50%
Downloading: 51.78%
Downloading: 52.07%
Downloading: 52.32%
Downloading: 52.62%
Downloading: 52.94%
Downloading: 53.25%
Downloading: 53.50%
Downloading: 53.73%
Downloading: 53.76%
Downloading: 53.80%
Downloading: 53.90%
Downloading: 53.90%
Downloading: 54.90%
Downloading: 55.00%
Downloading: 60.00%
Wed Mar 29 17:59:42 ASVM-12-3-1 super[1824]: **** TIMESTAMP ****

Downloading: 60.00%
Downloading: 98.51%
Downloading: 99.90%
Downloading: 100.00%
Downloaded: macOS Ventura 13.3

Wed Mar 29 18:08:55 ASVM-12-3-1 super[1824]: **** TIMESTAMP ****

Wed Mar 29 18:08:55 ASVM-12-3-1 super[1824]: **** S.U.P.E.R.M.A.N. 3.0b10 DOWNLOAD SOFTWAREUPDATE COMPLETED ****

Wed Mar 29 18:09:16 ASVM-12-3-1 super[1824]: **** S.U.P.E.R.M.A.N. 3.0b10 UPGRADE macOS Ventura 13.3-22E252 SOFTWAREUPDATE START ****
Software Update Tool

Finding available software
Downloading macOS Ventura 13.3

Downloaded: macOS Ventura 13.3

Wed Mar 29 18:09:21 ASVM-12-3-1 super[1824]: **** TIMESTAMP ****

Wed Mar 29 18:09:21 ASVM-12-3-1 super[1824]: **** TIMESTAMP ****

Wed Mar 29 18:09:21 ASVM-12-3-1 super[1824]: **** S.U.P.E.R.M.A.N. 3.0b10 UPDATE/UPGRADE MACOS SOFTWAREUPDATE COMPLETED ****

Wed Mar 29 18:12:42 ASVM-12-3-1 super[455]: **** S.U.P.E.R.M.A.N. 3.0b10 INSTALL RECOMMENDED UPDATES SOFTWAREUPDATE START ****
Software Update Tool

Finding available software

Downloading SF Symbols
Downloaded SF Symbols
Installing SF Symbols
Wed Mar 29 18:12:59 ASVM-12-3-1 super[455]: **** TIMESTAMP ****

Wed Mar 29 18:12:59 ASVM-12-3-1 super[455]: **** TIMESTAMP ****

Done with SF Symbols
Done.

Wed Mar 29 18:13:04 ASVM-12-3-1 super[455]: **** TIMESTAMP ****

Wed Mar 29 18:13:04 ASVM-12-3-1 super[455]: **** TIMESTAMP ****

Wed Mar 29 18:13:04 ASVM-12-3-1 super[455]: **** S.U.P.E.R.M.A.N. 3.0b10 RECOMMENDED UPDATES SOFTWAREUPDATE COMPLETED ****
