Tue Mar 28 07:47:16 ASVM-13-0 super[2332]: **** S.U.P.E.R.M.A.N. 3.0b10 INSTALLATION ****
Tue Mar 28 07:47:16 ASVM-13-0 super[2332]: Installation: Copying file: /Library/Management/super/super
Tue Mar 28 07:47:16 ASVM-13-0 super[2332]: Installation: Creating search path link: /usr/local/bin/super
Tue Mar 28 07:47:16 ASVM-13-0 super[2332]: Installation: Creating LaunchDaemon helper: /Library/Management/super/super-starter
Tue Mar 28 07:47:16 ASVM-13-0 super[2332]: Installation: Setting permissions in: /Library/Management/super
Tue Mar 28 07:47:16 ASVM-13-0 super[2332]: **** S.U.P.E.R.M.A.N. 3.0b10 STARTUP ****
Tue Mar 28 07:47:17 ASVM-13-0 super[2332]: Status: Current GUI user name is build.
Tue Mar 28 07:47:17 ASVM-13-0 super[2332]: Startup: No custom display icon found, copying default icon from: /System/Library/PrivateFrameworks/SoftwareUpdate.framework/Versions/A/Resources/SoftwareUpdate.icns
Tue Mar 28 07:47:17 ASVM-13-0 super[2332]: Startup: Opening logs for user build...
Tue Mar 28 07:47:17 ASVM-13-0 super[2332]: Startup: Apple Silicon Mac computer running macOS 13.0-22A380.
Tue Mar 28 07:47:17 ASVM-13-0 super[2332]: Startup: Last macOS startup was Tue Mar 28 07:34.
Tue Mar 28 07:47:17 ASVM-13-0 super[2332]: Warning: Automatic macOS update/upgrade enforcement on Apple Silicon computers requires authentication credentials.
Tue Mar 28 07:47:17 ASVM-13-0 super[2332]: Startup: User authentication will be required to perform a macOS update/upgrade.
Tue Mar 28 07:47:18 ASVM-13-0 super[2332]: Startup: Attempting to download and install IBM Notifier.app...
Tue Mar 28 07:47:19 ASVM-13-0 super[2332]: Startup: Found that Jamf is installing or is the parent process, restarting with new LaunchDaemon...
Tue Mar 28 07:47:19 ASVM-13-0 super[2332]: Exit: LaunchDaemon com.macjutsu.super.plist is scheduled to start right now.
Tue Mar 28 07:47:19 ASVM-13-0 super[2332]: **** S.U.P.E.R.M.A.N. 3.0b10 EXIT ****
Tue Mar 28 07:47:19 ASVM-13-0 super-starter[2779]: **** S.U.P.E.R.M.A.N. 3.0b10 LAUNCHDAEMON ****
Tue Mar 28 07:47:19 ASVM-13-0 super[2800]: **** S.U.P.E.R.M.A.N. 3.0b10 STARTUP ****
Tue Mar 28 07:47:20 ASVM-13-0 super[2800]: Startup: Removing previous LaunchDaemon com.macjutsu.super.plist.
Tue Mar 28 07:47:20 ASVM-13-0 super[2800]: Status: Current GUI user name is build.
Tue Mar 28 07:47:20 ASVM-13-0 super[2800]: Startup: Apple Silicon Mac computer running macOS 13.0-22A380.
Tue Mar 28 07:47:20 ASVM-13-0 super[2800]: Startup: Last macOS startup was Tue Mar 28 07:34.
Tue Mar 28 07:47:20 ASVM-13-0 super[2800]: Warning: Automatic macOS update/upgrade enforcement on Apple Silicon computers requires authentication credentials.
Tue Mar 28 07:47:20 ASVM-13-0 super[2800]: Startup: User authentication will be required to perform a macOS update/upgrade.
Tue Mar 28 07:47:21 ASVM-13-0 super[2800]: Startup: Creating fail-safe startup LaunchDaemon.
Tue Mar 28 07:47:21 ASVM-13-0 super[2800]: Status: LaunchDaemon com.macjutsu.super.plist is scheduled at next startup.
Tue Mar 28 07:47:21 ASVM-13-0 super[2800]: **** S.U.P.E.R.M.A.N. 3.0b10 CHECK SOFTWARE UPDATES/UPGRADE ****
Tue Mar 28 07:47:21 ASVM-13-0 super[2800]: Status: Last automatic software update check was less than 6 hours ago.
Tue Mar 28 07:47:21 ASVM-13-0 super[2800]: Status: No software update list cache, full update/upgrade check required.
Tue Mar 28 07:47:21 ASVM-13-0 super[2800]: Status: Starting full check for software updates...
Tue Mar 28 07:47:24 ASVM-13-0 super[2800]: softwareupdate: Waiting for update list...
Tue Mar 28 07:47:24 ASVM-13-0 super[2800]: Status: Available macOS update: macOS Ventura 13.3-22E252
Tue Mar 28 07:47:24 ASVM-13-0 super[2800]: Status: 1 available recommended (non-macOS) update(s).
Tue Mar 28 07:47:24 ASVM-13-0 super[2800]: Status: Recommended (non-macOS) update 1: SFSymbolsAuto-4.0
Tue Mar 28 07:47:24 ASVM-13-0 super[2800]: Status: Starting full check for macOS upgrades...
Tue Mar 28 07:47:24 ASVM-13-0 super[2800]: mdmclient: Waiting for macOS upgrade list...
Tue Mar 28 07:47:26 ASVM-13-0 super[2800]: Status: No available macOS upgrade, or it may be deferred via configuration profile.
Tue Mar 28 07:47:26 ASVM-13-0 super[2800]: **** S.U.P.E.R.M.A.N. 3.0b10 UPDATE MACOS 13.3 USER AUTHENTICATION ****
Tue Mar 28 07:47:26 ASVM-13-0 super[2800]: Status: Current GUI user name is build.
Tue Mar 28 07:47:27 ASVM-13-0 super[2800]: Status: Setting new automatic day zero date to 2023-03-28:07:47.
Tue Mar 28 07:47:27 ASVM-13-0 super[2800]: softwareupdate: Starting macOS Ventura 13.3 download workflow, check /Library/Management/super/asu.log for more detail.
Tue Mar 28 07:47:33 ASVM-13-0 super[2800]: softwareupdate: macOS Ventura 13.3 is downloading...
Tue Mar 28 07:50:10 ASVM-13-0 super[2800]: softwareupdate: macOS Ventura 13.3 download complete, now preparing...
Tue Mar 28 08:01:14 ASVM-13-0 super[2800]: softwareupdate: macOS Ventura 13.3 download and preparation complete.
Tue Mar 28 08:01:14 ASVM-13-0 super[2800]: IBM Notifier: Ask for restart or defer dialog with no timeout.
Tue Mar 28 08:02:24 ASVM-13-0 super[2800]: Status: User chose to restart now.
Tue Mar 28 08:02:25 ASVM-13-0 super[2800]: IBM Notifier: Default user authentication dialog with a 3600 second timeout.
Tue Mar 28 08:02:29 ASVM-13-0 super[2800]: Status: Current user build credentials verified.
Tue Mar 28 08:02:29 ASVM-13-0 super[2800]: IBM Notifier: Default restart soon notification.
Tue Mar 28 08:02:29 ASVM-13-0 super[2800]: softwareupdate: Starting macOS Ventura 13.3-22E252 update workflow, check /Library/Management/super/asu.log for more detail.
Tue Mar 28 08:02:43 ASVM-13-0 super[2800]: softwareupdate: macOS Ventura 13.3 is downloading...
Tue Mar 28 08:02:43 ASVM-13-0 super[2800]: softwareupdate: macOS update/upgrade is prepared and ready for restart.
Tue Mar 28 08:02:43 ASVM-13-0 super[2800]: Exit: macOS update/upgrade restart is imminent, super is scheduled to run at next startup.
Tue Mar 28 08:02:43 ASVM-13-0 super[2800]: **** S.U.P.E.R.M.A.N. 3.0b10 EXIT ****
Tue Mar 28 08:05:32 ASVM-13-0 super-starter[591]: **** S.U.P.E.R.M.A.N. 3.0b10 LAUNCHDAEMON ****
Tue Mar 28 08:05:49 ASVM-13-0 super[631]: **** S.U.P.E.R.M.A.N. 3.0b10 STARTUP ****
Tue Mar 28 08:05:49 ASVM-13-0 super[631]: Status: Restarting automatically set zero day date.
Tue Mar 28 08:05:50 ASVM-13-0 super[631]: Status: Restarting maximum deferral counters.
Tue Mar 28 08:05:50 ASVM-13-0 super[631]: Startup: Removing previous LaunchDaemon com.macjutsu.super.plist.
Tue Mar 28 08:05:50 ASVM-13-0 super[631]: Status: Current GUI user name is build.
Tue Mar 28 08:05:51 ASVM-13-0 super[631]: Startup: Apple Silicon Mac computer running macOS 13.3-22E252.
Tue Mar 28 08:05:51 ASVM-13-0 super[631]: Startup: Last macOS startup was Tue Mar 28 08:04.
Tue Mar 28 08:05:51 ASVM-13-0 super[631]: Warning: Automatic macOS update/upgrade enforcement on Apple Silicon computers requires authentication credentials.
Tue Mar 28 08:05:51 ASVM-13-0 super[631]: Startup: User authentication will be required to perform a macOS update/upgrade.
Tue Mar 28 08:05:52 ASVM-13-0 super[631]: Startup: Creating fail-safe startup LaunchDaemon.
Tue Mar 28 08:05:52 ASVM-13-0 super[631]: Status: LaunchDaemon com.macjutsu.super.plist is scheduled at next startup.
Tue Mar 28 08:05:52 ASVM-13-0 super[631]: **** S.U.P.E.R.M.A.N. 3.0b10 RESTART VALIDATION ****
Tue Mar 28 08:05:52 ASVM-13-0 super[631]: Status: Starting full check for software updates...
Tue Mar 28 08:05:56 ASVM-13-0 super[631]: softwareupdate: Waiting for update list...
Tue Mar 28 08:05:56 ASVM-13-0 super[631]: Status: No available macOS update(s), or they may be deferred via configuration profile.
Tue Mar 28 08:05:56 ASVM-13-0 super[631]: Status: 1 available recommended (non-macOS) update(s).
Tue Mar 28 08:05:56 ASVM-13-0 super[631]: Status: Recommended (non-macOS) update 1: SFSymbolsAuto-4.0
Tue Mar 28 08:05:56 ASVM-13-0 super[631]: Status: Starting full check for macOS upgrades...
Tue Mar 28 08:05:56 ASVM-13-0 super[631]: mdmclient: Waiting for macOS upgrade list...
Tue Mar 28 08:06:00 ASVM-13-0 super[631]: Status: No available macOS upgrade, or it may be deferred via configuration profile.
Tue Mar 28 08:06:00 ASVM-13-0 super[631]: softwareupdate: Starting recommended (non-macOS) software installation workflow, check /Library/Management/super/asu.log for more detail.
Tue Mar 28 08:06:18 ASVM-13-0 super[631]: softwareupdate: SF Symbols is downloading...
Tue Mar 28 08:06:18 ASVM-13-0 super[631]: softwareupdate: SF Symbols download complete.
Tue Mar 28 08:06:23 ASVM-13-0 super[631]: softwareupdate: SF Symbols installed.
Tue Mar 28 08:06:24 ASVM-13-0 super[631]: Status: Completed installation of all recommended (non-macOS) updates.
Tue Mar 28 08:06:24 ASVM-13-0 super[631]: Status: Starting full check for software updates...
Tue Mar 28 08:06:30 ASVM-13-0 super[631]: Status: No available software update(s), or they may be deferred via configuration profile.
Tue Mar 28 08:06:30 ASVM-13-0 super[631]: Status: Starting full check for macOS upgrades...
Tue Mar 28 08:06:30 ASVM-13-0 super[631]: mdmclient: Waiting for macOS upgrade list...
Tue Mar 28 08:06:32 ASVM-13-0 super[631]: Status: No available macOS upgrade, or it may be deferred via configuration profile.
Tue Mar 28 08:06:32 ASVM-13-0 super[631]: Status: All available and enabled software updates/upgrade completed.
Tue Mar 28 08:06:32 ASVM-13-0 super[631]: Status: Submitting updated inventory to Jamf Pro. Use --verbose-mode or check /var/log/jamf.log for more detail...
Tue Mar 28 08:06:54 ASVM-13-0 super[631]: Status: Running Jamf Pro check-in policies. Use --verbose-mode or check /var/log/jamf.log for more detail...
Tue Mar 28 08:06:57 ASVM-13-0 super[631]: **** S.U.P.E.R.M.A.N. 3.0b10 CHECK SOFTWARE UPDATES/UPGRADE ****
Tue Mar 28 08:06:57 ASVM-13-0 super[631]: Status: Last automatic software update check was less than 6 hours ago.
Tue Mar 28 08:06:57 ASVM-13-0 super[631]: Status: No available software update(s), or they may be deferred via configuration profile.
Tue Mar 28 08:06:57 ASVM-13-0 super[631]: Status: No available macOS upgrade, or it may be deferred via configuration profile.
Tue Mar 28 08:06:57 ASVM-13-0 super[631]: Status: Recheck deferral is inactive.
Tue Mar 28 08:06:57 ASVM-13-0 super[631]: Status: Removing previous LaunchDaemon com.macjutsu.super.plist.
Tue Mar 28 08:06:57 ASVM-13-0 super[631]: **** S.U.P.E.R.M.A.N. 3.0b10 EXIT ****
